2023-08-13 09:14:41.214 [info] Added views:workbench.panel.markers.view in workbench.panel.markers
2023-08-13 09:14:41.214 [info] Added views:workbench.panel.output in workbench.panel.output
2023-08-13 09:14:41.214 [info] Added views:terminal in terminal
2023-08-13 09:14:41.214 [info] Added views:workbench.scm in workbench.view.scm
2023-08-13 09:14:41.214 [info] Added views:workbench.view.search in workbench.view.search
2023-08-13 09:14:41.214 [info] Added views:timeline in workbench.view.explorer
2023-08-13 09:14:41.214 [info] Added views:workbench.explorer.fileView in workbench.view.explorer
2023-08-13 09:14:42.435 [info] Added views:workbench.debug.welcome in workbench.view.debug
2023-08-13 09:14:43.190 [info] Added views:pr:github,issues:github in workbench.view.extension.github-pull-requests
2023-08-13 09:14:48.918 [info] Added views:workbench.panel.repl.view in workbench.panel.repl
2023-08-13 09:14:54.992 [info] Added views:test-explorer in workbench.view.extension.test
2023-08-13 10:02:12.908 [info] Added views:workbench.views.extensions.installed,workbench.views.extensions.popular,extensions.recommendedList in workbench.view.extensions
2023-08-13 10:02:12.911 [info] Removed views:workbench.views.extensions.popular from workbench.view.extensions
2023-08-13 10:24:48.526 [info] Added views:workbench.panel.markers.view in workbench.panel.markers
2023-08-13 10:24:48.526 [info] Added views:workbench.panel.output in workbench.panel.output
2023-08-13 10:24:48.527 [info] Added views:terminal in terminal
2023-08-13 10:24:48.527 [info] Added views:workbench.scm in workbench.view.scm
2023-08-13 10:24:48.527 [info] Added views:workbench.view.search in workbench.view.search
2023-08-13 10:24:48.527 [info] Added views:timeline in workbench.view.explorer
2023-08-13 10:24:48.527 [info] Added views:workbench.explorer.fileView in workbench.view.explorer
2023-08-13 10:24:49.363 [info] Added views:pr:github,issues:github in workbench.view.extension.github-pull-requests
2023-08-13 10:24:49.610 [info] Added views:workbench.debug.welcome in workbench.view.debug
2023-08-13 10:24:53.914 [info] Added views:workbench.panel.repl.view in workbench.panel.repl
2023-08-13 10:24:55.017 [info] Added views:workbench.views.extensions.installed,workbench.views.extensions.popular,extensions.recommendedList in workbench.view.extensions
2023-08-13 10:24:55.029 [info] Removed views:workbench.views.extensions.popular from workbench.view.extensions
2023-08-13 10:24:55.627 [info] Added views:test-explorer in workbench.view.extension.test
