2023-10-26 21:20:39.346 [info] Added views:workbench.panel.markers.view in workbench.panel.markers
2023-10-26 21:20:39.346 [info] Added views:workbench.panel.output in workbench.panel.output
2023-10-26 21:20:39.346 [info] Added views:terminal in terminal
2023-10-26 21:20:39.346 [info] Added views:workbench.scm in workbench.view.scm
2023-10-26 21:20:39.351 [info] Added views:workbench.view.search in workbench.view.search
2023-10-26 21:20:39.351 [info] Added views:timeline in workbench.view.explorer
2023-10-26 21:20:39.351 [info] Added views:workbench.explorer.fileView in workbench.view.explorer
2023-10-26 21:20:40.268 [info] Added views:workbench.debug.variablesView,workbench.debug.watchExpressionsView,workbench.debug.callStackView,workbench.debug.breakPointsView in workbench.view.debug
2023-10-26 21:20:44.961 [info] Added views:pr:github,issues:github in workbench.view.extension.github-pull-requests
2023-10-26 21:20:45.042 [info] Added views:~remote.forwardedPorts in ~remote.forwardedPortsContainer
2023-10-26 21:20:45.700 [info] Added views:workbench.panel.repl.view in workbench.panel.repl
2023-10-26 21:20:45.717 [info] Removed views:workbench.debug.breakPointsView,workbench.debug.callStackView,workbench.debug.watchExpressionsView,workbench.debug.variablesView from workbench.view.debug
2023-10-26 21:20:45.721 [info] Added views:workbench.debug.welcome in workbench.view.debug
2023-10-26 21:20:48.765 [info] Added views:test-explorer in workbench.view.extension.test
2023-10-26 21:22:12.445 [info] Added views:workbench.views.extensions.installed,workbench.views.extensions.popular,extensions.recommendedList in workbench.view.extensions
2023-10-26 21:22:12.459 [info] Removed views:workbench.views.extensions.popular from workbench.view.extensions
2023-10-26 21:22:28.025 [info] Added views:workbench.panel.markers.view in workbench.panel.markers
2023-10-26 21:22:28.026 [info] Added views:workbench.panel.output in workbench.panel.output
2023-10-26 21:22:28.026 [info] Added views:terminal in terminal
2023-10-26 21:22:28.026 [info] Added views:workbench.scm in workbench.view.scm
2023-10-26 21:22:28.026 [info] Added views:workbench.view.search in workbench.view.search
2023-10-26 21:22:28.026 [info] Added views:timeline in workbench.view.explorer
2023-10-26 21:22:28.026 [info] Added views:workbench.explorer.fileView in workbench.view.explorer
2023-10-26 21:22:28.591 [info] Added views:workbench.debug.welcome in workbench.view.debug
2023-10-26 21:22:32.325 [info] Added views:pr:github,issues:github in workbench.view.extension.github-pull-requests
2023-10-26 21:22:32.797 [info] Added views:workbench.panel.repl.view in workbench.panel.repl
2023-10-26 21:22:33.972 [info] Added views:test-explorer in workbench.view.extension.test
2023-10-26 21:22:34.265 [info] Added views:~remote.forwardedPorts in ~remote.forwardedPortsContainer
2023-10-26 21:22:35.747 [info] Added views:workbench.views.extensions.installed,extensions.recommendedList in workbench.view.extensions
2023-10-26 21:22:49.710 [info] Added views:workbench.panel.markers.view in workbench.panel.markers
2023-10-26 21:22:49.710 [info] Added views:workbench.panel.output in workbench.panel.output
2023-10-26 21:22:49.710 [info] Added views:terminal in terminal
2023-10-26 21:22:49.710 [info] Added views:workbench.scm in workbench.view.scm
2023-10-26 21:22:49.710 [info] Added views:workbench.view.search in workbench.view.search
2023-10-26 21:22:49.710 [info] Added views:timeline in workbench.view.explorer
2023-10-26 21:22:49.710 [info] Added views:workbench.explorer.fileView in workbench.view.explorer
2023-10-26 21:22:50.351 [info] Added views:workbench.debug.welcome in workbench.view.debug
2023-10-26 21:22:50.615 [info] Added views:pr:github,issues:github in workbench.view.extension.github-pull-requests
2023-10-26 21:22:52.263 [info] Added views:workbench.panel.repl.view in workbench.panel.repl
2023-10-26 21:22:54.679 [info] Added views:test-explorer in workbench.view.extension.test
2023-10-26 21:22:58.450 [info] Added views:~remote.forwardedPorts in ~remote.forwardedPortsContainer
2023-10-26 21:22:58.709 [info] Added views:workbench.views.extensions.installed,extensions.recommendedList in workbench.view.extensions
