2023-08-12 13:00:39.162 [info] Nível de log: Info
2023-08-12 13:00:39.162 [info] Validando o git encontrado em: git
2023-08-12 13:00:39.162 [info] Usando git ''2.41.0'' de ''git''
2023-08-12 13:00:39.162 [info] > git rev-parse --show-toplevel [55ms]
2023-08-12 13:00:39.162 [info] fatal: not a git repository (or any parent up to mount point /)
Stopping at filesystem boundary (GIT_DISCOVERY_ACROSS_FILESYSTEM not set).
2023-08-12 13:00:39.177 [info] > git rev-parse --show-toplevel [20ms]
2023-08-12 13:00:39.177 [info] fatal: not a git repository (or any parent up to mount point /)
Stopping at filesystem boundary (GIT_DISCOVERY_ACROSS_FILESYSTEM not set).
2023-08-12 13:01:49.602 [info] > git rev-parse --show-toplevel [1887ms]
2023-08-12 13:01:49.602 [info] fatal: not a git repository (or any parent up to mount point /)
Stopping at filesystem boundary (GIT_DISCOVERY_ACROSS_FILESYSTEM not set).
2023-08-12 13:12:26.037 [info] Nível de log: Info
2023-08-12 13:12:26.037 [info] Validando o git encontrado em: git
2023-08-12 13:12:26.037 [info] Usando git ''2.41.0'' de ''git''
2023-08-12 13:12:26.607 [info] > git rev-parse --show-toplevel [589ms]
2023-08-12 13:12:26.607 [info] fatal: not a git repository (or any parent up to mount point /)
Stopping at filesystem boundary (GIT_DISCOVERY_ACROSS_FILESYSTEM not set).
2023-08-12 13:12:26.660 [info] > git rev-parse --show-toplevel [11ms]
2023-08-12 13:12:26.661 [info] fatal: not a git repository (or any parent up to mount point /)
Stopping at filesystem boundary (GIT_DISCOVERY_ACROSS_FILESYSTEM not set).
2023-08-12 13:16:14.542 [info] > git rev-parse --show-toplevel [299ms]
2023-08-12 13:16:14.556 [info] fatal: not a git repository (or any parent up to mount point /)
Stopping at filesystem boundary (GIT_DISCOVERY_ACROSS_FILESYSTEM not set).
2023-08-12 13:39:43.595 [info] > git rev-parse --show-toplevel [87ms]
2023-08-12 13:39:43.596 [info] fatal: not a git repository (or any parent up to mount point /)
Stopping at filesystem boundary (GIT_DISCOVERY_ACROSS_FILESYSTEM not set).
2023-08-12 13:49:11.667 [info] > git rev-parse --show-toplevel [4ms]
2023-08-12 13:49:11.667 [info] fatal: not a git repository (or any parent up to mount point /)
Stopping at filesystem boundary (GIT_DISCOVERY_ACROSS_FILESYSTEM not set).
2023-08-12 14:02:47.530 [info] > git rev-parse --show-toplevel [110ms]
2023-08-12 14:02:47.547 [info] fatal: not a git repository (or any parent up to mount point /)
Stopping at filesystem boundary (GIT_DISCOVERY_ACROSS_FILESYSTEM not set).
2023-08-12 14:19:00.398 [info] > git rev-parse --show-toplevel [4ms]
2023-08-12 14:19:00.398 [info] fatal: not a git repository (or any parent up to mount point /)
Stopping at filesystem boundary (GIT_DISCOVERY_ACROSS_FILESYSTEM not set).
2023-08-12 14:19:03.060 [info] > git rev-parse --show-toplevel [4ms]
2023-08-12 14:19:03.060 [info] fatal: not a git repository (or any parent up to mount point /)
Stopping at filesystem boundary (GIT_DISCOVERY_ACROSS_FILESYSTEM not set).
