2023-11-01 17:27:21.218 [info] Added views:workbench.panel.markers.view in workbench.panel.markers
2023-11-01 17:27:21.218 [info] Added views:workbench.panel.output in workbench.panel.output
2023-11-01 17:27:21.218 [info] Added views:terminal in terminal
2023-11-01 17:27:21.218 [info] Added views:workbench.scm in workbench.view.scm
2023-11-01 17:27:21.218 [info] Added views:workbench.view.search in workbench.view.search
2023-11-01 17:27:21.218 [info] Added views:timeline in workbench.view.explorer
2023-11-01 17:27:21.218 [info] Added views:workbench.explorer.fileView in workbench.view.explorer
2023-11-01 17:27:22.746 [info] Added views:workbench.debug.welcome in workbench.view.debug
2023-11-01 17:27:24.336 [info] Added views:pr:github,issues:github in workbench.view.extension.github-pull-requests
2023-11-01 17:27:25.803 [info] Added views:workbench.panel.repl.view in workbench.panel.repl
2023-11-01 17:27:29.286 [info] Added views:test-explorer in workbench.view.extension.test
2023-11-01 17:27:30.216 [info] Added views:~remote.forwardedPorts in ~remote.forwardedPortsContainer
2023-11-01 17:27:51.573 [info] Added views:workbench.views.extensions.installed,workbench.views.extensions.popular,extensions.recommendedList in workbench.view.extensions
2023-11-01 17:27:51.591 [info] Removed views:workbench.views.extensions.popular from workbench.view.extensions
2023-11-01 17:27:59.713 [info] Added views:workbench.panel.markers.view in workbench.panel.markers
2023-11-01 17:27:59.713 [info] Added views:workbench.panel.output in workbench.panel.output
2023-11-01 17:27:59.713 [info] Added views:terminal in terminal
2023-11-01 17:27:59.713 [info] Added views:workbench.scm in workbench.view.scm
2023-11-01 17:27:59.713 [info] Added views:workbench.view.search in workbench.view.search
2023-11-01 17:27:59.713 [info] Added views:timeline in workbench.view.explorer
2023-11-01 17:27:59.713 [info] Added views:workbench.explorer.fileView in workbench.view.explorer
2023-11-01 17:28:00.214 [info] Added views:workbench.debug.welcome in workbench.view.debug
2023-11-01 17:28:01.515 [info] Added views:pr:github,issues:github in workbench.view.extension.github-pull-requests
2023-11-01 17:28:04.061 [info] Added views:workbench.panel.repl.view in workbench.panel.repl
2023-11-01 17:28:06.788 [info] Added views:test-explorer in workbench.view.extension.test
2023-11-01 17:28:07.046 [info] Added views:~remote.forwardedPorts in ~remote.forwardedPortsContainer
2023-11-01 17:28:07.804 [info] Added views:workbench.views.extensions.installed,extensions.recommendedList in workbench.view.extensions
