2023-11-04 02:36:45 Loading main app package /app/resources/obsidian.asar
2023-11-04 02:36:46 Checking for update using Github
2023-11-04 02:36:47 Failed to check for update using Github (net::ERR_INTERNET_DISCONNECTED)
2023-11-04 02:36:47 Checking for update using obsidian.md
2023-11-04 02:36:47 Failed to check for update using obsidian.md (net::ERR_INTERNET_DISCONNECTED)
2023-11-04 02:39:23 Loading main app package /app/resources/obsidian.asar
2023-11-04 02:39:23 Checking for update using Github
2023-11-04 02:39:25 Success.
2023-11-04 02:39:25 Latest version is 1.4.16
2023-11-04 02:39:25 App is up to date.
2023-11-04 18:28:52 Loading main app package /app/resources/obsidian.asar
2023-11-04 18:29:11 Checking for update using Github
2023-11-04 18:29:16 Success.
2023-11-04 18:29:16 Latest version is 1.4.16
2023-11-04 18:29:16 App is up to date.
2023-11-04 23:44:29 Loading main app package /app/resources/obsidian.asar
2023-11-04 23:44:35 Checking for update using Github
2023-11-04 23:44:40 Success.
2023-11-04 23:44:40 Latest version is 1.4.16
2023-11-04 23:44:40 App is up to date.
2023-11-04 23:49:55 Loading main app package /app/resources/obsidian.asar
2023-11-04 23:49:56 Checking for update using Github
2023-11-04 23:49:57 Success.
2023-11-04 23:49:57 Latest version is 1.4.16
2023-11-04 23:49:57 App is up to date.
2023-11-04 23:51:36 Loading main app package /app/resources/obsidian.asar
2023-11-04 23:51:37 Checking for update using Github
2023-11-04 23:51:37 Success.
2023-11-04 23:51:37 Latest version is 1.4.16
2023-11-04 23:51:37 App is up to date.
2023-11-05 00:51:37 Checking for update using Github
2023-11-05 00:51:46 Success.
2023-11-05 00:51:46 Latest version is 1.4.16
2023-11-05 00:51:46 App is up to date.
2023-11-05 01:51:37 Checking for update using Github
2023-11-05 01:51:37 Success.
2023-11-05 01:51:37 Latest version is 1.4.16
2023-11-05 01:51:37 App is up to date.
2023-11-05 02:12:45 Loading main app package /app/resources/obsidian.asar
2023-11-05 02:12:47 Checking for update using Github
2023-11-05 02:12:49 Success.
2023-11-05 02:12:49 Latest version is 1.4.16
2023-11-05 02:12:49 App is up to date.
2023-11-06 23:22:23 Loading main app package /app/resources/obsidian.asar
2023-11-06 23:22:32 Checking for update using Github
2023-11-06 23:22:41 Success.
2023-11-06 23:22:41 Latest version is 1.4.16
2023-11-06 23:22:41 App is up to date.
2023-11-06 23:23:10 Loading main app package /app/resources/obsidian.asar
2023-11-06 23:23:11 Checking for update using Github
2023-11-06 23:23:11 Success.
2023-11-06 23:23:11 Latest version is 1.4.16
2023-11-06 23:23:11 App is up to date.
2023-11-06 23:25:01 Loading main app package /app/resources/obsidian.asar
2023-11-06 23:25:01 Checking for update using Github
2023-11-06 23:25:01 Success.
2023-11-06 23:25:01 Latest version is 1.4.16
2023-11-06 23:25:01 App is up to date.
2023-11-09 22:42:42 Loading main app package /app/resources/obsidian.asar
2023-11-09 22:42:49 Checking for update using Github
2023-11-09 22:42:54 Success.
2023-11-09 22:42:54 Latest version is 1.4.16
2023-11-09 22:42:54 App is up to date.
2023-11-09 23:42:43 Checking for update using Github
2023-11-09 23:42:59 Success.
2023-11-09 23:42:59 Latest version is 1.4.16
2023-11-09 23:42:59 App is up to date.
