2023-08-13 09:15:00.469 [info] Nível de log: Info
2023-08-13 09:15:00.469 [info] Validando o git encontrado em: git
2023-08-13 09:15:00.469 [info] Usando git ''2.41.0'' de ''git''
2023-08-13 09:15:00.469 [info] > git rev-parse --show-toplevel [3089ms]
2023-08-13 09:15:00.469 [info] fatal: not a git repository (or any parent up to mount point /)
Stopping at filesystem boundary (GIT_DISCOVERY_ACROSS_FILESYSTEM not set).
2023-08-13 09:15:01.118 [info] > git rev-parse --show-toplevel [656ms]
2023-08-13 09:15:01.118 [info] fatal: not a git repository (or any parent up to mount point /)
Stopping at filesystem boundary (GIT_DISCOVERY_ACROSS_FILESYSTEM not set).
2023-08-13 09:15:01.610 [info] > git rev-parse --show-toplevel [463ms]
2023-08-13 09:15:01.610 [info] fatal: not a git repository (or any parent up to mount point /)
Stopping at filesystem boundary (GIT_DISCOVERY_ACROSS_FILESYSTEM not set).
2023-08-13 09:15:01.664 [info] > git rev-parse --show-toplevel [35ms]
2023-08-13 09:15:01.664 [info] fatal: not a git repository (or any parent up to mount point /)
Stopping at filesystem boundary (GIT_DISCOVERY_ACROSS_FILESYSTEM not set).
2023-08-13 09:52:54.087 [info] > git rev-parse --show-toplevel [258ms]
2023-08-13 09:52:54.087 [info] fatal: not a git repository (or any parent up to mount point /)
Stopping at filesystem boundary (GIT_DISCOVERY_ACROSS_FILESYSTEM not set).
2023-08-13 09:55:20.782 [info] > git rev-parse --show-toplevel [67ms]
2023-08-13 09:55:20.782 [info] fatal: not a git repository (or any parent up to mount point /)
Stopping at filesystem boundary (GIT_DISCOVERY_ACROSS_FILESYSTEM not set).
2023-08-13 10:02:28.501 [info] > git rev-parse --show-toplevel [94ms]
2023-08-13 10:02:28.502 [info] fatal: not a git repository (or any parent up to mount point /)
Stopping at filesystem boundary (GIT_DISCOVERY_ACROSS_FILESYSTEM not set).
2023-08-13 10:02:41.241 [info] > git rev-parse --show-toplevel [3ms]
2023-08-13 10:02:41.241 [info] fatal: not a git repository (or any parent up to mount point /)
Stopping at filesystem boundary (GIT_DISCOVERY_ACROSS_FILESYSTEM not set).
2023-08-13 10:02:46.446 [info] > git rev-parse --show-toplevel [3ms]
2023-08-13 10:02:46.446 [info] fatal: not a git repository (or any parent up to mount point /)
Stopping at filesystem boundary (GIT_DISCOVERY_ACROSS_FILESYSTEM not set).
2023-08-13 10:14:59.125 [info] > git rev-parse --show-toplevel [68ms]
2023-08-13 10:14:59.132 [info] fatal: not a git repository (or any parent up to mount point /)
Stopping at filesystem boundary (GIT_DISCOVERY_ACROSS_FILESYSTEM not set).
2023-08-13 10:15:04.819 [info] > git rev-parse --show-toplevel [3ms]
2023-08-13 10:15:04.820 [info] fatal: not a git repository (or any parent up to mount point /)
Stopping at filesystem boundary (GIT_DISCOVERY_ACROSS_FILESYSTEM not set).
2023-08-13 10:21:33.961 [info] > git rev-parse --show-toplevel [272ms]
2023-08-13 10:21:33.970 [info] fatal: not a git repository (or any parent up to mount point /)
Stopping at filesystem boundary (GIT_DISCOVERY_ACROSS_FILESYSTEM not set).
2023-08-13 10:22:07.329 [info] > git rev-parse --show-toplevel [4ms]
2023-08-13 10:22:07.329 [info] fatal: not a git repository (or any parent up to mount point /)
Stopping at filesystem boundary (GIT_DISCOVERY_ACROSS_FILESYSTEM not set).
2023-08-13 10:24:28.157 [info] > git rev-parse --show-toplevel [4ms]
2023-08-13 10:24:28.157 [info] fatal: not a git repository (or any parent up to mount point /)
Stopping at filesystem boundary (GIT_DISCOVERY_ACROSS_FILESYSTEM not set).
2023-08-13 10:24:56.982 [info] Nível de log: Info
2023-08-13 10:24:56.982 [info] Validando o git encontrado em: git
2023-08-13 10:24:56.982 [info] Usando git ''2.41.0'' de ''git''
2023-08-13 10:24:57.015 [info] > git rev-parse --show-toplevel [9ms]
2023-08-13 10:24:57.015 [info] fatal: not a git repository (or any parent up to mount point /)
Stopping at filesystem boundary (GIT_DISCOVERY_ACROSS_FILESYSTEM not set).
2023-08-13 10:24:57.050 [info] > git rev-parse --show-toplevel [11ms]
2023-08-13 10:24:57.050 [info] fatal: not a git repository (or any parent up to mount point /)
Stopping at filesystem boundary (GIT_DISCOVERY_ACROSS_FILESYSTEM not set).
2023-08-13 10:25:39.594 [info] > git rev-parse --show-toplevel [3ms]
2023-08-13 10:25:39.594 [info] fatal: not a git repository (or any parent up to mount point /)
Stopping at filesystem boundary (GIT_DISCOVERY_ACROSS_FILESYSTEM not set).
2023-08-13 10:37:52.157 [info] > git rev-parse --show-toplevel [137ms]
2023-08-13 10:37:52.171 [info] fatal: not a git repository (or any parent up to mount point /)
Stopping at filesystem boundary (GIT_DISCOVERY_ACROSS_FILESYSTEM not set).
2023-08-13 10:37:55.744 [info] > git rev-parse --show-toplevel [5ms]
2023-08-13 10:37:55.744 [info] fatal: not a git repository (or any parent up to mount point /)
Stopping at filesystem boundary (GIT_DISCOVERY_ACROSS_FILESYSTEM not set).
2023-08-13 10:38:06.875 [info] > git rev-parse --show-toplevel [6ms]
2023-08-13 10:38:06.875 [info] fatal: not a git repository (or any parent up to mount point /)
Stopping at filesystem boundary (GIT_DISCOVERY_ACROSS_FILESYSTEM not set).
2023-08-13 12:06:27.666 [info] > git rev-parse --show-toplevel [5ms]
2023-08-13 12:06:27.699 [info] fatal: not a git repository (or any parent up to mount point /)
Stopping at filesystem boundary (GIT_DISCOVERY_ACROSS_FILESYSTEM not set).
