2023-08-13 08:07:27.904 [info] Extension host with pid 3368 started
2023-08-13 08:07:27.905 [info] Skipping acquiring lock for /home/theloremaster/.config/VSCodium/User/workspaceStorage/21a64937b5df70e2b57438850e2cb7df.
2023-08-13 08:07:28.067 [info] ExtensionService#_doActivateExtension vscode.emmet, startup: false, activationEvent: 'onLanguage'
2023-08-13 08:07:28.108 [info] ExtensionService#_doActivateExtension vscode.html-language-features, startup: false, activationEvent: 'onLanguage:html'
2023-08-13 08:07:29.346 [info] ExtensionService#_doActivateExtension vscode.git-base, startup: true, activationEvent: '*', root cause: vscode.git
2023-08-13 08:07:29.607 [info] ExtensionService#_doActivateExtension Catppuccin.catppuccin-vsc, startup: true, activationEvent: '*'
2023-08-13 08:07:29.645 [info] ExtensionService#_doActivateExtension hbenl.test-adapter-converter, startup: true, activationEvent: '*', root cause: hbenl.vscode-test-explorer
2023-08-13 08:07:29.698 [info] ExtensionService#_doActivateExtension kamikillerto.vscode-colorize, startup: true, activationEvent: '*'
2023-08-13 08:07:30.543 [info] ExtensionService#_doActivateExtension hbenl.vscode-test-explorer, startup: true, activationEvent: '*'
2023-08-13 08:07:31.265 [info] ExtensionService#_doActivateExtension vscode.git, startup: true, activationEvent: '*'
2023-08-13 08:07:31.267 [info] ExtensionService#_doActivateExtension vscode.github, startup: true, activationEvent: '*'
2023-08-13 08:07:31.397 [info] ExtensionService#_doActivateExtension Swellaby.vscode-rust-test-adapter, startup: true, activationEvent: '*'
2023-08-13 08:07:31.415 [error] Activating extension Swellaby.vscode-rust-test-adapter failed due to an error:
2023-08-13 08:07:31.415 [error] Error: Cannot find module '/home/theloremaster/.vscode-oss/extensions/swellaby.vscode-rust-test-adapter-0.11.1-universal/src/main.js'
Require stack:
- /usr/share/vscodium/resources/app/out/vs/loader.js
- /usr/share/vscodium/resources/app/out/bootstrap-amd.js
- /usr/share/vscodium/resources/app/out/bootstrap-fork.js
- 
	at Module._resolveFilename (node:internal/modules/cjs/loader:963:15)
	at o._resolveFilename (node:electron/js2c/utility_init:2:2994)
	at Module._load (node:internal/modules/cjs/loader:811:27)
	at f._load (node:electron/js2c/asar_bundle:2:13330)
	at o._load (/usr/share/vscodium/resources/app/out/vs/workbench/api/node/extensionHostProcess.js:130:34104)
	at f._load (/usr/share/vscodium/resources/app/out/vs/workbench/api/node/extensionHostProcess.js:130:30479)
	at I._load (/usr/share/vscodium/resources/app/out/vs/workbench/api/node/extensionHostProcess.js:94:24270)
	at Module.require (node:internal/modules/cjs/loader:1035:19)
	at require (node:internal/modules/cjs/helpers:102:18)
	at Function.i [as __$__nodeRequire] (/usr/share/vscodium/resources/app/out/vs/loader.js:5:98)
	at r._loadCommonJSModule (/usr/share/vscodium/resources/app/out/vs/workbench/api/node/extensionHostProcess.js:130:32106)
	at async Promise.all (index 0)
2023-08-13 08:07:32.991 [info] Eager extensions activated
2023-08-13 08:07:33.053 [info] ExtensionService#_doActivateExtension vscode.debug-auto-launch, startup: false, activationEvent: 'onStartupFinished'
2023-08-13 08:07:33.054 [info] ExtensionService#_doActivateExtension vscode.merge-conflict, startup: false, activationEvent: 'onStartupFinished'
2023-08-13 08:07:33.055 [info] ExtensionService#_doActivateExtension vscode.github-authentication, startup: false, activationEvent: 'onStartupFinished', root cause: GitHub.vscode-pull-request-github
2023-08-13 08:07:33.056 [info] ExtensionService#_doActivateExtension vscode-icons-team.vscode-icons, startup: false, activationEvent: 'onStartupFinished'
2023-08-13 08:07:33.312 [info] ExtensionService#_doActivateExtension yandeu.five-server, startup: false, activationEvent: 'onStartupFinished'
2023-08-13 08:07:34.501 [info] ExtensionService#_doActivateExtension GitHub.vscode-pull-request-github, startup: false, activationEvent: 'onStartupFinished'
2023-08-13 08:59:12.832 [info] Extension host terminating: renderer closed the MessagePort
2023-08-13 08:59:12.981 [error] Canceled: Canceled
	at new d (/usr/share/vscodium/resources/app/out/vs/workbench/api/node/extensionHostProcess.js:102:63475)
	at t._remoteCall (/usr/share/vscodium/resources/app/out/vs/workbench/api/node/extensionHostProcess.js:114:10623)
	at N.<computed>.F.charCodeAt.N.<computed> (/usr/share/vscodium/resources/app/out/vs/workbench/api/node/extensionHostProcess.js:114:7163)
	at a._doExecuteCommand (/usr/share/vscodium/resources/app/out/vs/workbench/api/node/extensionHostProcess.js:102:88663)
	at a.executeCommand (/usr/share/vscodium/resources/app/out/vs/workbench/api/node/extensionHostProcess.js:102:87988)
	at w.registerCommand.description (/usr/share/vscodium/resources/app/out/vs/workbench/api/node/extensionHostProcess.js:102:87229)
	at a._executeContributedCommand (/usr/share/vscodium/resources/app/out/vs/workbench/api/node/extensionHostProcess.js:102:89298)
	at a._doExecuteCommand (/usr/share/vscodium/resources/app/out/vs/workbench/api/node/extensionHostProcess.js:102:88121)
	at a.executeCommand (/usr/share/vscodium/resources/app/out/vs/workbench/api/node/extensionHostProcess.js:102:87988)
	at Object.executeCommand (/usr/share/vscodium/resources/app/out/vs/workbench/api/node/extensionHostProcess.js:120:27031)
	at Gg.reset (/home/theloremaster/.vscode-oss/extensions/github.vscode-pull-request-github-0.68.0-universal/dist/extension.js:1818:2820)
	at Gg.dispose (/home/theloremaster/.vscode-oss/extensions/github.vscode-pull-request-github-0.68.0-universal/dist/extension.js:1818:3059)
	at C (/usr/share/vscodium/resources/app/out/vs/workbench/api/node/extensionHostProcess.js:13:12153)
	at r._deactivate (/usr/share/vscodium/resources/app/out/vs/workbench/api/node/extensionHostProcess.js:116:12653)
	at /usr/share/vscodium/resources/app/out/vs/workbench/api/node/extensionHostProcess.js:116:9849
	at Array.map (<anonymous>)
	at r._deactivateAll (/usr/share/vscodium/resources/app/out/vs/workbench/api/node/extensionHostProcess.js:116:9837)
	at r.terminate (/usr/share/vscodium/resources/app/out/vs/workbench/api/node/extensionHostProcess.js:116:10220)
	at s.terminate (/usr/share/vscodium/resources/app/out/vs/workbench/api/node/extensionHostProcess.js:120:1901)
	at I (/usr/share/vscodium/resources/app/out/vs/workbench/api/node/extensionHostProcess.js:130:38659)
	at MessagePortMain.<anonymous> (/usr/share/vscodium/resources/app/out/vs/workbench/api/node/extensionHostProcess.js:130:34734)
	at MessagePortMain.emit (node:events:513:28)
	at MessagePortMain._internalPort.emit (node:electron/js2c/utility_init:2:367) setContext undefined
2023-08-13 08:59:13.025 [info] Extension host with pid 3368 exiting with code 0
