2023-10-29 13:49:07.366 [info] Reading sessions from keychain...
2023-10-29 13:49:07.366 [info] Getting sessions for all scopes...
2023-10-29 13:49:07.366 [info] Got 0 sessions for ...
2023-10-29 13:49:07.366 [info] Getting sessions for all scopes...
2023-10-29 13:49:07.366 [info] Got 0 sessions for ...
2023-10-29 13:49:09.030 [info] Getting sessions for read:user,repo,user:email...
2023-10-29 13:49:09.030 [info] Got 0 sessions for read:user,repo,user:email...
2023-10-29 13:49:09.068 [info] Getting sessions for read:user,repo,user:email...
2023-10-29 13:49:09.068 [info] Got 0 sessions for read:user,repo,user:email...
2023-10-29 13:52:38.844 [info] Reading sessions from keychain...
2023-10-29 13:52:38.845 [info] Getting sessions for all scopes...
2023-10-29 13:52:38.845 [info] Got 0 sessions for ...
2023-10-29 13:52:38.845 [info] Getting sessions for all scopes...
2023-10-29 13:52:38.845 [info] Got 0 sessions for ...
2023-10-29 13:52:39.583 [info] Getting sessions for read:user,repo,user:email...
2023-10-29 13:52:39.583 [info] Got 0 sessions for read:user,repo,user:email...
2023-10-29 13:52:41.559 [info] Getting sessions for read:user,repo,user:email...
2023-10-29 13:52:41.559 [info] Got 0 sessions for read:user,repo,user:email...
2023-10-29 13:56:41.906 [info] Logging in for the following scopes: read:user repo user:email
2023-10-29 13:56:41.963 [info] Trying device code flow... (read:user repo user:email)
2023-10-29 13:59:17.390 [error] Timed out
2023-10-29 13:59:39.456 [info] Logging in for the following scopes: read:user repo user:email
2023-10-29 13:59:39.470 [info] Trying device code flow... (read:user repo user:email)
2023-10-29 14:00:18.922 [info] Getting user info...
2023-10-29 14:00:19.524 [info] Got account info!
2023-10-29 14:00:19.526 [info] Storing 1 sessions...
2023-10-29 14:00:25.987 [info] Reading sessions from keychain...
2023-10-29 14:00:25.987 [info] Stored 1 sessions!
2023-10-29 14:00:25.988 [info] Login success!
2023-10-29 14:00:26.009 [info] Got stored sessions!
2023-10-29 14:00:26.009 [info] Got 1 verified sessions.
2023-10-29 14:00:26.021 [info] Getting sessions for read:user,repo,user:email...
2023-10-29 14:00:26.022 [info] Got 1 sessions for read:user,repo,user:email...
