2023-08-12 13:00:31.060 [info] Extension host with pid 3792 started
2023-08-12 13:00:31.060 [info] Skipping acquiring lock for /home/theloremaster/.config/VSCodium/User/workspaceStorage/1a90ff57fc757cdae20c3d8c0196be0d.
2023-08-12 13:00:31.966 [info] ExtensionService#_doActivateExtension vscode.git-base, startup: true, activationEvent: '*', root cause: vscode.git
2023-08-12 13:00:31.974 [info] ExtensionService#_doActivateExtension Catppuccin.catppuccin-vsc, startup: true, activationEvent: '*'
2023-08-12 13:00:32.056 [info] ExtensionService#_doActivateExtension hbenl.test-adapter-converter, startup: true, activationEvent: '*', root cause: hbenl.vscode-test-explorer
2023-08-12 13:00:32.208 [info] ExtensionService#_doActivateExtension kamikillerto.vscode-colorize, startup: true, activationEvent: '*'
2023-08-12 13:00:34.278 [info] ExtensionService#_doActivateExtension hbenl.vscode-test-explorer, startup: true, activationEvent: '*'
2023-08-12 13:00:36.901 [info] ExtensionService#_doActivateExtension Swellaby.vscode-rust-test-adapter, startup: true, activationEvent: '*'
2023-08-12 13:00:36.928 [error] Activating extension Swellaby.vscode-rust-test-adapter failed due to an error:
2023-08-12 13:00:36.928 [error] Error: Cannot find module '/home/theloremaster/.vscode-oss/extensions/swellaby.vscode-rust-test-adapter-0.11.1-universal/src/main.js'
Require stack:
- /usr/share/vscodium/resources/app/out/vs/loader.js
- /usr/share/vscodium/resources/app/out/bootstrap-amd.js
- /usr/share/vscodium/resources/app/out/bootstrap-fork.js
- 
	at Module._resolveFilename (node:internal/modules/cjs/loader:963:15)
	at o._resolveFilename (node:electron/js2c/utility_init:2:2994)
	at Module._load (node:internal/modules/cjs/loader:811:27)
	at f._load (node:electron/js2c/asar_bundle:2:13330)
	at o._load (/usr/share/vscodium/resources/app/out/vs/workbench/api/node/extensionHostProcess.js:130:34104)
	at f._load (/usr/share/vscodium/resources/app/out/vs/workbench/api/node/extensionHostProcess.js:130:30479)
	at I._load (/usr/share/vscodium/resources/app/out/vs/workbench/api/node/extensionHostProcess.js:94:24270)
	at Module.require (node:internal/modules/cjs/loader:1035:19)
	at require (node:internal/modules/cjs/helpers:102:18)
	at Function.i [as __$__nodeRequire] (/usr/share/vscodium/resources/app/out/vs/loader.js:5:98)
	at r._loadCommonJSModule (/usr/share/vscodium/resources/app/out/vs/workbench/api/node/extensionHostProcess.js:130:32106)
	at async Promise.all (index 0)
2023-08-12 13:00:36.930 [info] ExtensionService#_doActivateExtension vscode.git, startup: true, activationEvent: '*'
2023-08-12 13:00:36.932 [info] ExtensionService#_doActivateExtension vscode.github, startup: true, activationEvent: '*'
2023-08-12 13:00:36.969 [info] ExtensionService#_doActivateExtension vscode.emmet, startup: false, activationEvent: 'onLanguage'
2023-08-12 13:00:39.006 [info] Eager extensions activated
2023-08-12 13:00:39.192 [info] ExtensionService#_doActivateExtension vscode.debug-auto-launch, startup: false, activationEvent: 'onStartupFinished'
2023-08-12 13:00:39.194 [info] ExtensionService#_doActivateExtension vscode.merge-conflict, startup: false, activationEvent: 'onStartupFinished'
2023-08-12 13:00:39.196 [info] ExtensionService#_doActivateExtension vscode.github-authentication, startup: false, activationEvent: 'onStartupFinished', root cause: GitHub.vscode-pull-request-github
2023-08-12 13:00:39.206 [info] ExtensionService#_doActivateExtension vscode-icons-team.vscode-icons, startup: false, activationEvent: 'onStartupFinished'
2023-08-12 13:00:45.191 [info] ExtensionService#_doActivateExtension GitHub.vscode-pull-request-github, startup: false, activationEvent: 'onStartupFinished'
2023-08-12 13:01:48.132 [info] ExtensionService#_doActivateExtension yandeu.five-server, startup: false, activationEvent: 'onStartupFinished'
2023-08-12 13:12:11.135 [info] Extension host terminating: renderer closed the MessagePort
2023-08-12 13:12:11.266 [error] Canceled: Canceled
	at new d (/usr/share/vscodium/resources/app/out/vs/workbench/api/node/extensionHostProcess.js:102:63475)
	at t._remoteCall (/usr/share/vscodium/resources/app/out/vs/workbench/api/node/extensionHostProcess.js:114:10623)
	at N.<computed>.F.charCodeAt.N.<computed> (/usr/share/vscodium/resources/app/out/vs/workbench/api/node/extensionHostProcess.js:114:7163)
	at a._doExecuteCommand (/usr/share/vscodium/resources/app/out/vs/workbench/api/node/extensionHostProcess.js:102:88663)
	at a.executeCommand (/usr/share/vscodium/resources/app/out/vs/workbench/api/node/extensionHostProcess.js:102:87988)
	at w.registerCommand.description (/usr/share/vscodium/resources/app/out/vs/workbench/api/node/extensionHostProcess.js:102:87229)
	at a._executeContributedCommand (/usr/share/vscodium/resources/app/out/vs/workbench/api/node/extensionHostProcess.js:102:89298)
	at a._doExecuteCommand (/usr/share/vscodium/resources/app/out/vs/workbench/api/node/extensionHostProcess.js:102:88121)
	at a.executeCommand (/usr/share/vscodium/resources/app/out/vs/workbench/api/node/extensionHostProcess.js:102:87988)
	at Object.executeCommand (/usr/share/vscodium/resources/app/out/vs/workbench/api/node/extensionHostProcess.js:120:27031)
	at Gg.reset (/home/theloremaster/.vscode-oss/extensions/github.vscode-pull-request-github-0.68.0-universal/dist/extension.js:1818:2820)
	at Gg.dispose (/home/theloremaster/.vscode-oss/extensions/github.vscode-pull-request-github-0.68.0-universal/dist/extension.js:1818:3059)
	at C (/usr/share/vscodium/resources/app/out/vs/workbench/api/node/extensionHostProcess.js:13:12153)
	at r._deactivate (/usr/share/vscodium/resources/app/out/vs/workbench/api/node/extensionHostProcess.js:116:12653)
	at /usr/share/vscodium/resources/app/out/vs/workbench/api/node/extensionHostProcess.js:116:9849
	at Array.map (<anonymous>)
	at r._deactivateAll (/usr/share/vscodium/resources/app/out/vs/workbench/api/node/extensionHostProcess.js:116:9837)
	at r.terminate (/usr/share/vscodium/resources/app/out/vs/workbench/api/node/extensionHostProcess.js:116:10220)
	at s.terminate (/usr/share/vscodium/resources/app/out/vs/workbench/api/node/extensionHostProcess.js:120:1901)
	at I (/usr/share/vscodium/resources/app/out/vs/workbench/api/node/extensionHostProcess.js:130:38659)
	at MessagePortMain.<anonymous> (/usr/share/vscodium/resources/app/out/vs/workbench/api/node/extensionHostProcess.js:130:34734)
	at MessagePortMain.emit (node:events:513:28)
	at MessagePortMain._internalPort.emit (node:electron/js2c/utility_init:2:367) setContext undefined
2023-08-12 13:12:11.315 [info] Extension host with pid 3792 exiting with code 0
2023-08-12 13:12:21.134 [info] Extension host with pid 4458 started
2023-08-12 13:12:21.134 [info] Skipping acquiring lock for /home/theloremaster/.config/VSCodium/User/workspaceStorage/21a64937b5df70e2b57438850e2cb7df.
2023-08-12 13:12:21.894 [info] ExtensionService#_doActivateExtension vscode.emmet, startup: false, activationEvent: 'onLanguage'
2023-08-12 13:12:21.897 [info] ExtensionService#_doActivateExtension vscode.html-language-features, startup: false, activationEvent: 'onLanguage:html'
2023-08-12 13:12:22.819 [info] ExtensionService#_doActivateExtension vscode.git-base, startup: true, activationEvent: '*', root cause: vscode.git
2023-08-12 13:12:22.821 [info] ExtensionService#_doActivateExtension Catppuccin.catppuccin-vsc, startup: true, activationEvent: '*'
2023-08-12 13:12:22.884 [info] ExtensionService#_doActivateExtension hbenl.test-adapter-converter, startup: true, activationEvent: '*', root cause: hbenl.vscode-test-explorer
2023-08-12 13:12:22.934 [info] ExtensionService#_doActivateExtension kamikillerto.vscode-colorize, startup: true, activationEvent: '*'
2023-08-12 13:12:23.840 [info] ExtensionService#_doActivateExtension hbenl.vscode-test-explorer, startup: true, activationEvent: '*'
2023-08-12 13:12:24.712 [info] ExtensionService#_doActivateExtension vscode.git, startup: true, activationEvent: '*'
2023-08-12 13:12:24.714 [info] ExtensionService#_doActivateExtension vscode.github, startup: true, activationEvent: '*'
2023-08-12 13:12:24.915 [info] ExtensionService#_doActivateExtension Swellaby.vscode-rust-test-adapter, startup: true, activationEvent: '*'
2023-08-12 13:12:24.930 [error] Activating extension Swellaby.vscode-rust-test-adapter failed due to an error:
2023-08-12 13:12:24.930 [error] Error: Cannot find module '/home/theloremaster/.vscode-oss/extensions/swellaby.vscode-rust-test-adapter-0.11.1-universal/src/main.js'
Require stack:
- /usr/share/vscodium/resources/app/out/vs/loader.js
- /usr/share/vscodium/resources/app/out/bootstrap-amd.js
- /usr/share/vscodium/resources/app/out/bootstrap-fork.js
- 
	at Module._resolveFilename (node:internal/modules/cjs/loader:963:15)
	at o._resolveFilename (node:electron/js2c/utility_init:2:2994)
	at Module._load (node:internal/modules/cjs/loader:811:27)
	at f._load (node:electron/js2c/asar_bundle:2:13330)
	at o._load (/usr/share/vscodium/resources/app/out/vs/workbench/api/node/extensionHostProcess.js:130:34104)
	at f._load (/usr/share/vscodium/resources/app/out/vs/workbench/api/node/extensionHostProcess.js:130:30479)
	at I._load (/usr/share/vscodium/resources/app/out/vs/workbench/api/node/extensionHostProcess.js:94:24270)
	at Module.require (node:internal/modules/cjs/loader:1035:19)
	at require (node:internal/modules/cjs/helpers:102:18)
	at Function.i [as __$__nodeRequire] (/usr/share/vscodium/resources/app/out/vs/loader.js:5:98)
	at r._loadCommonJSModule (/usr/share/vscodium/resources/app/out/vs/workbench/api/node/extensionHostProcess.js:130:32106)
	at async Promise.all (index 0)
2023-08-12 13:12:25.982 [info] Eager extensions activated
2023-08-12 13:12:26.053 [info] ExtensionService#_doActivateExtension vscode.debug-auto-launch, startup: false, activationEvent: 'onStartupFinished'
2023-08-12 13:12:26.055 [info] ExtensionService#_doActivateExtension vscode.merge-conflict, startup: false, activationEvent: 'onStartupFinished'
2023-08-12 13:12:26.056 [info] ExtensionService#_doActivateExtension vscode.github-authentication, startup: false, activationEvent: 'onStartupFinished', root cause: GitHub.vscode-pull-request-github
2023-08-12 13:12:26.058 [info] ExtensionService#_doActivateExtension vscode-icons-team.vscode-icons, startup: false, activationEvent: 'onStartupFinished'
2023-08-12 13:12:26.226 [info] ExtensionService#_doActivateExtension yandeu.five-server, startup: false, activationEvent: 'onStartupFinished'
2023-08-12 13:12:26.895 [info] ExtensionService#_doActivateExtension GitHub.vscode-pull-request-github, startup: false, activationEvent: 'onStartupFinished'
2023-08-12 13:13:40.018 [error] [vscode.emmet] provider FAILED
2023-08-12 13:13:40.062 [error] TypeError: Cannot read properties of undefined (reading 'find')
	at t.$Xd.b (/usr/share/vscodium/resources/app/extensions/emmet/dist/node/emmetNodeMain.js:1:129956)
	at t.$Xd.provideCompletionItems (/usr/share/vscodium/resources/app/extensions/emmet/dist/node/emmetNodeMain.js:1:128593)
	at ce.provideCompletionItems (/usr/share/vscodium/resources/app/out/vs/workbench/api/node/extensionHostProcess.js:104:60746)
	at /usr/share/vscodium/resources/app/out/vs/workbench/api/node/extensionHostProcess.js:104:85821
	at ue._withAdapter (/usr/share/vscodium/resources/app/out/vs/workbench/api/node/extensionHostProcess.js:104:75620)
	at ue.$provideCompletionItems (/usr/share/vscodium/resources/app/out/vs/workbench/api/node/extensionHostProcess.js:104:85796)
	at t._doInvokeHandler (/usr/share/vscodium/resources/app/out/vs/workbench/api/node/extensionHostProcess.js:114:10566)
	at t._invokeHandler (/usr/share/vscodium/resources/app/out/vs/workbench/api/node/extensionHostProcess.js:114:10248)
	at t._receiveRequest (/usr/share/vscodium/resources/app/out/vs/workbench/api/node/extensionHostProcess.js:114:8954)
	at t._receiveOneMessage (/usr/share/vscodium/resources/app/out/vs/workbench/api/node/extensionHostProcess.js:114:7705)
	at r.value (/usr/share/vscodium/resources/app/out/vs/workbench/api/node/extensionHostProcess.js:114:5812)
	at f._deliver (/usr/share/vscodium/resources/app/out/vs/workbench/api/node/extensionHostProcess.js:63:2465)
	at f.fire (/usr/share/vscodium/resources/app/out/vs/workbench/api/node/extensionHostProcess.js:63:2784)
	at S.fire (/usr/share/vscodium/resources/app/out/vs/workbench/api/node/extensionHostProcess.js:79:16595)
	at r.value (/usr/share/vscodium/resources/app/out/vs/workbench/api/node/extensionHostProcess.js:130:36608)
	at f._deliver (/usr/share/vscodium/resources/app/out/vs/workbench/api/node/extensionHostProcess.js:63:2465)
	at f.fire (/usr/share/vscodium/resources/app/out/vs/workbench/api/node/extensionHostProcess.js:63:2784)
	at S.fire (/usr/share/vscodium/resources/app/out/vs/workbench/api/node/extensionHostProcess.js:79:16595)
	at MessagePortMain.<anonymous> (/usr/share/vscodium/resources/app/out/vs/workbench/api/node/extensionHostProcess.js:130:34685)
	at MessagePortMain.emit (node:events:513:28)
	at MessagePortMain._internalPort.emit (node:electron/js2c/utility_init:2:367)
2023-08-12 13:13:45.340 [error] [vscode.emmet] provider FAILED
2023-08-12 13:13:45.341 [error] TypeError: Cannot read properties of undefined (reading 'find')
	at t.$Xd.b (/usr/share/vscodium/resources/app/extensions/emmet/dist/node/emmetNodeMain.js:1:129956)
	at t.$Xd.provideCompletionItems (/usr/share/vscodium/resources/app/extensions/emmet/dist/node/emmetNodeMain.js:1:128593)
	at ce.provideCompletionItems (/usr/share/vscodium/resources/app/out/vs/workbench/api/node/extensionHostProcess.js:104:60746)
	at /usr/share/vscodium/resources/app/out/vs/workbench/api/node/extensionHostProcess.js:104:85821
	at ue._withAdapter (/usr/share/vscodium/resources/app/out/vs/workbench/api/node/extensionHostProcess.js:104:75620)
	at ue.$provideCompletionItems (/usr/share/vscodium/resources/app/out/vs/workbench/api/node/extensionHostProcess.js:104:85796)
	at t._doInvokeHandler (/usr/share/vscodium/resources/app/out/vs/workbench/api/node/extensionHostProcess.js:114:10566)
	at t._invokeHandler (/usr/share/vscodium/resources/app/out/vs/workbench/api/node/extensionHostProcess.js:114:10248)
	at t._receiveRequest (/usr/share/vscodium/resources/app/out/vs/workbench/api/node/extensionHostProcess.js:114:8954)
	at t._receiveOneMessage (/usr/share/vscodium/resources/app/out/vs/workbench/api/node/extensionHostProcess.js:114:7705)
	at r.value (/usr/share/vscodium/resources/app/out/vs/workbench/api/node/extensionHostProcess.js:114:5812)
	at f._deliver (/usr/share/vscodium/resources/app/out/vs/workbench/api/node/extensionHostProcess.js:63:2465)
	at f.fire (/usr/share/vscodium/resources/app/out/vs/workbench/api/node/extensionHostProcess.js:63:2784)
	at S.fire (/usr/share/vscodium/resources/app/out/vs/workbench/api/node/extensionHostProcess.js:79:16595)
	at r.value (/usr/share/vscodium/resources/app/out/vs/workbench/api/node/extensionHostProcess.js:130:36608)
	at f._deliver (/usr/share/vscodium/resources/app/out/vs/workbench/api/node/extensionHostProcess.js:63:2465)
	at f.fire (/usr/share/vscodium/resources/app/out/vs/workbench/api/node/extensionHostProcess.js:63:2784)
	at S.fire (/usr/share/vscodium/resources/app/out/vs/workbench/api/node/extensionHostProcess.js:79:16595)
	at MessagePortMain.<anonymous> (/usr/share/vscodium/resources/app/out/vs/workbench/api/node/extensionHostProcess.js:130:34685)
	at MessagePortMain.emit (node:events:513:28)
	at MessagePortMain._internalPort.emit (node:electron/js2c/utility_init:2:367)
2023-08-12 13:14:03.410 [error] [vscode.emmet] provider FAILED
2023-08-12 13:14:03.411 [error] TypeError: Cannot read properties of undefined (reading 'find')
	at t.$Xd.b (/usr/share/vscodium/resources/app/extensions/emmet/dist/node/emmetNodeMain.js:1:129956)
	at t.$Xd.provideCompletionItems (/usr/share/vscodium/resources/app/extensions/emmet/dist/node/emmetNodeMain.js:1:128593)
	at ce.provideCompletionItems (/usr/share/vscodium/resources/app/out/vs/workbench/api/node/extensionHostProcess.js:104:60746)
	at /usr/share/vscodium/resources/app/out/vs/workbench/api/node/extensionHostProcess.js:104:85821
	at ue._withAdapter (/usr/share/vscodium/resources/app/out/vs/workbench/api/node/extensionHostProcess.js:104:75620)
	at ue.$provideCompletionItems (/usr/share/vscodium/resources/app/out/vs/workbench/api/node/extensionHostProcess.js:104:85796)
	at t._doInvokeHandler (/usr/share/vscodium/resources/app/out/vs/workbench/api/node/extensionHostProcess.js:114:10566)
	at t._invokeHandler (/usr/share/vscodium/resources/app/out/vs/workbench/api/node/extensionHostProcess.js:114:10248)
	at t._receiveRequest (/usr/share/vscodium/resources/app/out/vs/workbench/api/node/extensionHostProcess.js:114:8954)
	at t._receiveOneMessage (/usr/share/vscodium/resources/app/out/vs/workbench/api/node/extensionHostProcess.js:114:7705)
	at r.value (/usr/share/vscodium/resources/app/out/vs/workbench/api/node/extensionHostProcess.js:114:5812)
	at f._deliver (/usr/share/vscodium/resources/app/out/vs/workbench/api/node/extensionHostProcess.js:63:2465)
	at f.fire (/usr/share/vscodium/resources/app/out/vs/workbench/api/node/extensionHostProcess.js:63:2784)
	at S.fire (/usr/share/vscodium/resources/app/out/vs/workbench/api/node/extensionHostProcess.js:79:16595)
	at r.value (/usr/share/vscodium/resources/app/out/vs/workbench/api/node/extensionHostProcess.js:130:36608)
	at f._deliver (/usr/share/vscodium/resources/app/out/vs/workbench/api/node/extensionHostProcess.js:63:2465)
	at f.fire (/usr/share/vscodium/resources/app/out/vs/workbench/api/node/extensionHostProcess.js:63:2784)
	at S.fire (/usr/share/vscodium/resources/app/out/vs/workbench/api/node/extensionHostProcess.js:79:16595)
	at MessagePortMain.<anonymous> (/usr/share/vscodium/resources/app/out/vs/workbench/api/node/extensionHostProcess.js:130:34685)
	at MessagePortMain.emit (node:events:513:28)
	at MessagePortMain._internalPort.emit (node:electron/js2c/utility_init:2:367)
2023-08-12 13:14:08.340 [error] [vscode.emmet] provider FAILED
2023-08-12 13:14:08.341 [error] TypeError: Cannot read properties of undefined (reading 'find')
	at t.$Xd.b (/usr/share/vscodium/resources/app/extensions/emmet/dist/node/emmetNodeMain.js:1:129956)
	at t.$Xd.provideCompletionItems (/usr/share/vscodium/resources/app/extensions/emmet/dist/node/emmetNodeMain.js:1:128593)
	at ce.provideCompletionItems (/usr/share/vscodium/resources/app/out/vs/workbench/api/node/extensionHostProcess.js:104:60746)
	at /usr/share/vscodium/resources/app/out/vs/workbench/api/node/extensionHostProcess.js:104:85821
	at ue._withAdapter (/usr/share/vscodium/resources/app/out/vs/workbench/api/node/extensionHostProcess.js:104:75620)
	at ue.$provideCompletionItems (/usr/share/vscodium/resources/app/out/vs/workbench/api/node/extensionHostProcess.js:104:85796)
	at t._doInvokeHandler (/usr/share/vscodium/resources/app/out/vs/workbench/api/node/extensionHostProcess.js:114:10566)
	at t._invokeHandler (/usr/share/vscodium/resources/app/out/vs/workbench/api/node/extensionHostProcess.js:114:10248)
	at t._receiveRequest (/usr/share/vscodium/resources/app/out/vs/workbench/api/node/extensionHostProcess.js:114:8954)
	at t._receiveOneMessage (/usr/share/vscodium/resources/app/out/vs/workbench/api/node/extensionHostProcess.js:114:7705)
	at r.value (/usr/share/vscodium/resources/app/out/vs/workbench/api/node/extensionHostProcess.js:114:5812)
	at f._deliver (/usr/share/vscodium/resources/app/out/vs/workbench/api/node/extensionHostProcess.js:63:2465)
	at f.fire (/usr/share/vscodium/resources/app/out/vs/workbench/api/node/extensionHostProcess.js:63:2784)
	at S.fire (/usr/share/vscodium/resources/app/out/vs/workbench/api/node/extensionHostProcess.js:79:16595)
	at r.value (/usr/share/vscodium/resources/app/out/vs/workbench/api/node/extensionHostProcess.js:130:36608)
	at f._deliver (/usr/share/vscodium/resources/app/out/vs/workbench/api/node/extensionHostProcess.js:63:2465)
	at f.fire (/usr/share/vscodium/resources/app/out/vs/workbench/api/node/extensionHostProcess.js:63:2784)
	at S.fire (/usr/share/vscodium/resources/app/out/vs/workbench/api/node/extensionHostProcess.js:79:16595)
	at MessagePortMain.<anonymous> (/usr/share/vscodium/resources/app/out/vs/workbench/api/node/extensionHostProcess.js:130:34685)
	at MessagePortMain.emit (node:events:513:28)
	at MessagePortMain._internalPort.emit (node:electron/js2c/utility_init:2:367)
2023-08-12 13:14:13.169 [error] [vscode.emmet] provider FAILED
2023-08-12 13:14:13.170 [error] TypeError: Cannot read properties of undefined (reading 'find')
	at t.$Xd.b (/usr/share/vscodium/resources/app/extensions/emmet/dist/node/emmetNodeMain.js:1:129956)
	at t.$Xd.provideCompletionItems (/usr/share/vscodium/resources/app/extensions/emmet/dist/node/emmetNodeMain.js:1:128593)
	at ce.provideCompletionItems (/usr/share/vscodium/resources/app/out/vs/workbench/api/node/extensionHostProcess.js:104:60746)
	at /usr/share/vscodium/resources/app/out/vs/workbench/api/node/extensionHostProcess.js:104:85821
	at ue._withAdapter (/usr/share/vscodium/resources/app/out/vs/workbench/api/node/extensionHostProcess.js:104:75620)
	at ue.$provideCompletionItems (/usr/share/vscodium/resources/app/out/vs/workbench/api/node/extensionHostProcess.js:104:85796)
	at t._doInvokeHandler (/usr/share/vscodium/resources/app/out/vs/workbench/api/node/extensionHostProcess.js:114:10566)
	at t._invokeHandler (/usr/share/vscodium/resources/app/out/vs/workbench/api/node/extensionHostProcess.js:114:10248)
	at t._receiveRequest (/usr/share/vscodium/resources/app/out/vs/workbench/api/node/extensionHostProcess.js:114:8954)
	at t._receiveOneMessage (/usr/share/vscodium/resources/app/out/vs/workbench/api/node/extensionHostProcess.js:114:7705)
	at r.value (/usr/share/vscodium/resources/app/out/vs/workbench/api/node/extensionHostProcess.js:114:5812)
	at f._deliver (/usr/share/vscodium/resources/app/out/vs/workbench/api/node/extensionHostProcess.js:63:2465)
	at f.fire (/usr/share/vscodium/resources/app/out/vs/workbench/api/node/extensionHostProcess.js:63:2784)
	at S.fire (/usr/share/vscodium/resources/app/out/vs/workbench/api/node/extensionHostProcess.js:79:16595)
	at r.value (/usr/share/vscodium/resources/app/out/vs/workbench/api/node/extensionHostProcess.js:130:36608)
	at f._deliver (/usr/share/vscodium/resources/app/out/vs/workbench/api/node/extensionHostProcess.js:63:2465)
	at f.fire (/usr/share/vscodium/resources/app/out/vs/workbench/api/node/extensionHostProcess.js:63:2784)
	at S.fire (/usr/share/vscodium/resources/app/out/vs/workbench/api/node/extensionHostProcess.js:79:16595)
	at MessagePortMain.<anonymous> (/usr/share/vscodium/resources/app/out/vs/workbench/api/node/extensionHostProcess.js:130:34685)
	at MessagePortMain.emit (node:events:513:28)
	at MessagePortMain._internalPort.emit (node:electron/js2c/utility_init:2:367)
2023-08-12 13:14:19.400 [error] [vscode.emmet] provider FAILED
2023-08-12 13:14:19.401 [error] TypeError: Cannot read properties of undefined (reading 'find')
	at t.$Xd.b (/usr/share/vscodium/resources/app/extensions/emmet/dist/node/emmetNodeMain.js:1:129956)
	at t.$Xd.provideCompletionItems (/usr/share/vscodium/resources/app/extensions/emmet/dist/node/emmetNodeMain.js:1:128593)
	at ce.provideCompletionItems (/usr/share/vscodium/resources/app/out/vs/workbench/api/node/extensionHostProcess.js:104:60746)
	at /usr/share/vscodium/resources/app/out/vs/workbench/api/node/extensionHostProcess.js:104:85821
	at ue._withAdapter (/usr/share/vscodium/resources/app/out/vs/workbench/api/node/extensionHostProcess.js:104:75620)
	at ue.$provideCompletionItems (/usr/share/vscodium/resources/app/out/vs/workbench/api/node/extensionHostProcess.js:104:85796)
	at t._doInvokeHandler (/usr/share/vscodium/resources/app/out/vs/workbench/api/node/extensionHostProcess.js:114:10566)
	at t._invokeHandler (/usr/share/vscodium/resources/app/out/vs/workbench/api/node/extensionHostProcess.js:114:10248)
	at t._receiveRequest (/usr/share/vscodium/resources/app/out/vs/workbench/api/node/extensionHostProcess.js:114:8954)
	at t._receiveOneMessage (/usr/share/vscodium/resources/app/out/vs/workbench/api/node/extensionHostProcess.js:114:7705)
	at r.value (/usr/share/vscodium/resources/app/out/vs/workbench/api/node/extensionHostProcess.js:114:5812)
	at f._deliver (/usr/share/vscodium/resources/app/out/vs/workbench/api/node/extensionHostProcess.js:63:2465)
	at f.fire (/usr/share/vscodium/resources/app/out/vs/workbench/api/node/extensionHostProcess.js:63:2784)
	at S.fire (/usr/share/vscodium/resources/app/out/vs/workbench/api/node/extensionHostProcess.js:79:16595)
	at r.value (/usr/share/vscodium/resources/app/out/vs/workbench/api/node/extensionHostProcess.js:130:36608)
	at f._deliver (/usr/share/vscodium/resources/app/out/vs/workbench/api/node/extensionHostProcess.js:63:2465)
	at f.fire (/usr/share/vscodium/resources/app/out/vs/workbench/api/node/extensionHostProcess.js:63:2784)
	at S.fire (/usr/share/vscodium/resources/app/out/vs/workbench/api/node/extensionHostProcess.js:79:16595)
	at MessagePortMain.<anonymous> (/usr/share/vscodium/resources/app/out/vs/workbench/api/node/extensionHostProcess.js:130:34685)
	at MessagePortMain.emit (node:events:513:28)
	at MessagePortMain._internalPort.emit (node:electron/js2c/utility_init:2:367)
2023-08-12 13:14:34.311 [error] [vscode.emmet] provider FAILED
2023-08-12 13:14:34.312 [error] TypeError: Cannot read properties of undefined (reading 'find')
	at t.$Xd.b (/usr/share/vscodium/resources/app/extensions/emmet/dist/node/emmetNodeMain.js:1:129956)
	at t.$Xd.provideCompletionItems (/usr/share/vscodium/resources/app/extensions/emmet/dist/node/emmetNodeMain.js:1:128593)
	at ce.provideCompletionItems (/usr/share/vscodium/resources/app/out/vs/workbench/api/node/extensionHostProcess.js:104:60746)
	at /usr/share/vscodium/resources/app/out/vs/workbench/api/node/extensionHostProcess.js:104:85821
	at ue._withAdapter (/usr/share/vscodium/resources/app/out/vs/workbench/api/node/extensionHostProcess.js:104:75620)
	at ue.$provideCompletionItems (/usr/share/vscodium/resources/app/out/vs/workbench/api/node/extensionHostProcess.js:104:85796)
	at t._doInvokeHandler (/usr/share/vscodium/resources/app/out/vs/workbench/api/node/extensionHostProcess.js:114:10566)
	at t._invokeHandler (/usr/share/vscodium/resources/app/out/vs/workbench/api/node/extensionHostProcess.js:114:10248)
	at t._receiveRequest (/usr/share/vscodium/resources/app/out/vs/workbench/api/node/extensionHostProcess.js:114:8954)
	at t._receiveOneMessage (/usr/share/vscodium/resources/app/out/vs/workbench/api/node/extensionHostProcess.js:114:7705)
	at r.value (/usr/share/vscodium/resources/app/out/vs/workbench/api/node/extensionHostProcess.js:114:5812)
	at f._deliver (/usr/share/vscodium/resources/app/out/vs/workbench/api/node/extensionHostProcess.js:63:2465)
	at f.fire (/usr/share/vscodium/resources/app/out/vs/workbench/api/node/extensionHostProcess.js:63:2784)
	at S.fire (/usr/share/vscodium/resources/app/out/vs/workbench/api/node/extensionHostProcess.js:79:16595)
	at r.value (/usr/share/vscodium/resources/app/out/vs/workbench/api/node/extensionHostProcess.js:130:36608)
	at f._deliver (/usr/share/vscodium/resources/app/out/vs/workbench/api/node/extensionHostProcess.js:63:2465)
	at f.fire (/usr/share/vscodium/resources/app/out/vs/workbench/api/node/extensionHostProcess.js:63:2784)
	at S.fire (/usr/share/vscodium/resources/app/out/vs/workbench/api/node/extensionHostProcess.js:79:16595)
	at MessagePortMain.<anonymous> (/usr/share/vscodium/resources/app/out/vs/workbench/api/node/extensionHostProcess.js:130:34685)
	at MessagePortMain.emit (node:events:513:28)
	at MessagePortMain._internalPort.emit (node:electron/js2c/utility_init:2:367)
2023-08-12 13:14:35.775 [error] [vscode.emmet] provider FAILED
2023-08-12 13:14:35.775 [error] TypeError: Cannot read properties of undefined (reading 'find')
	at t.$Xd.b (/usr/share/vscodium/resources/app/extensions/emmet/dist/node/emmetNodeMain.js:1:129956)
	at t.$Xd.provideCompletionItems (/usr/share/vscodium/resources/app/extensions/emmet/dist/node/emmetNodeMain.js:1:128593)
	at ce.provideCompletionItems (/usr/share/vscodium/resources/app/out/vs/workbench/api/node/extensionHostProcess.js:104:60746)
	at /usr/share/vscodium/resources/app/out/vs/workbench/api/node/extensionHostProcess.js:104:85821
	at ue._withAdapter (/usr/share/vscodium/resources/app/out/vs/workbench/api/node/extensionHostProcess.js:104:75620)
	at ue.$provideCompletionItems (/usr/share/vscodium/resources/app/out/vs/workbench/api/node/extensionHostProcess.js:104:85796)
	at t._doInvokeHandler (/usr/share/vscodium/resources/app/out/vs/workbench/api/node/extensionHostProcess.js:114:10566)
	at t._invokeHandler (/usr/share/vscodium/resources/app/out/vs/workbench/api/node/extensionHostProcess.js:114:10248)
	at t._receiveRequest (/usr/share/vscodium/resources/app/out/vs/workbench/api/node/extensionHostProcess.js:114:8954)
	at t._receiveOneMessage (/usr/share/vscodium/resources/app/out/vs/workbench/api/node/extensionHostProcess.js:114:7705)
	at r.value (/usr/share/vscodium/resources/app/out/vs/workbench/api/node/extensionHostProcess.js:114:5812)
	at f._deliver (/usr/share/vscodium/resources/app/out/vs/workbench/api/node/extensionHostProcess.js:63:2465)
	at f.fire (/usr/share/vscodium/resources/app/out/vs/workbench/api/node/extensionHostProcess.js:63:2784)
	at S.fire (/usr/share/vscodium/resources/app/out/vs/workbench/api/node/extensionHostProcess.js:79:16595)
	at r.value (/usr/share/vscodium/resources/app/out/vs/workbench/api/node/extensionHostProcess.js:130:36608)
	at f._deliver (/usr/share/vscodium/resources/app/out/vs/workbench/api/node/extensionHostProcess.js:63:2465)
	at f.fire (/usr/share/vscodium/resources/app/out/vs/workbench/api/node/extensionHostProcess.js:63:2784)
	at S.fire (/usr/share/vscodium/resources/app/out/vs/workbench/api/node/extensionHostProcess.js:79:16595)
	at MessagePortMain.<anonymous> (/usr/share/vscodium/resources/app/out/vs/workbench/api/node/extensionHostProcess.js:130:34685)
	at MessagePortMain.emit (node:events:513:28)
	at MessagePortMain._internalPort.emit (node:electron/js2c/utility_init:2:367)
2023-08-12 13:14:48.787 [error] [vscode.emmet] provider FAILED
2023-08-12 13:14:48.788 [error] TypeError: Cannot read properties of undefined (reading 'find')
	at t.$Xd.b (/usr/share/vscodium/resources/app/extensions/emmet/dist/node/emmetNodeMain.js:1:129956)
	at t.$Xd.provideCompletionItems (/usr/share/vscodium/resources/app/extensions/emmet/dist/node/emmetNodeMain.js:1:128593)
	at ce.provideCompletionItems (/usr/share/vscodium/resources/app/out/vs/workbench/api/node/extensionHostProcess.js:104:60746)
	at /usr/share/vscodium/resources/app/out/vs/workbench/api/node/extensionHostProcess.js:104:85821
	at ue._withAdapter (/usr/share/vscodium/resources/app/out/vs/workbench/api/node/extensionHostProcess.js:104:75620)
	at ue.$provideCompletionItems (/usr/share/vscodium/resources/app/out/vs/workbench/api/node/extensionHostProcess.js:104:85796)
	at t._doInvokeHandler (/usr/share/vscodium/resources/app/out/vs/workbench/api/node/extensionHostProcess.js:114:10566)
	at t._invokeHandler (/usr/share/vscodium/resources/app/out/vs/workbench/api/node/extensionHostProcess.js:114:10248)
	at t._receiveRequest (/usr/share/vscodium/resources/app/out/vs/workbench/api/node/extensionHostProcess.js:114:8954)
	at t._receiveOneMessage (/usr/share/vscodium/resources/app/out/vs/workbench/api/node/extensionHostProcess.js:114:7705)
	at r.value (/usr/share/vscodium/resources/app/out/vs/workbench/api/node/extensionHostProcess.js:114:5812)
	at f._deliver (/usr/share/vscodium/resources/app/out/vs/workbench/api/node/extensionHostProcess.js:63:2465)
	at f.fire (/usr/share/vscodium/resources/app/out/vs/workbench/api/node/extensionHostProcess.js:63:2784)
	at S.fire (/usr/share/vscodium/resources/app/out/vs/workbench/api/node/extensionHostProcess.js:79:16595)
	at r.value (/usr/share/vscodium/resources/app/out/vs/workbench/api/node/extensionHostProcess.js:130:36608)
	at f._deliver (/usr/share/vscodium/resources/app/out/vs/workbench/api/node/extensionHostProcess.js:63:2465)
	at f.fire (/usr/share/vscodium/resources/app/out/vs/workbench/api/node/extensionHostProcess.js:63:2784)
	at S.fire (/usr/share/vscodium/resources/app/out/vs/workbench/api/node/extensionHostProcess.js:79:16595)
	at MessagePortMain.<anonymous> (/usr/share/vscodium/resources/app/out/vs/workbench/api/node/extensionHostProcess.js:130:34685)
	at MessagePortMain.emit (node:events:513:28)
	at MessagePortMain._internalPort.emit (node:electron/js2c/utility_init:2:367)
2023-08-12 13:19:09.548 [error] [vscode.emmet] provider FAILED
2023-08-12 13:19:09.581 [error] TypeError: Cannot read properties of undefined (reading 'find')
	at t.$Xd.b (/usr/share/vscodium/resources/app/extensions/emmet/dist/node/emmetNodeMain.js:1:129956)
	at t.$Xd.provideCompletionItems (/usr/share/vscodium/resources/app/extensions/emmet/dist/node/emmetNodeMain.js:1:128593)
	at ce.provideCompletionItems (/usr/share/vscodium/resources/app/out/vs/workbench/api/node/extensionHostProcess.js:104:60746)
	at /usr/share/vscodium/resources/app/out/vs/workbench/api/node/extensionHostProcess.js:104:85821
	at ue._withAdapter (/usr/share/vscodium/resources/app/out/vs/workbench/api/node/extensionHostProcess.js:104:75620)
	at ue.$provideCompletionItems (/usr/share/vscodium/resources/app/out/vs/workbench/api/node/extensionHostProcess.js:104:85796)
	at t._doInvokeHandler (/usr/share/vscodium/resources/app/out/vs/workbench/api/node/extensionHostProcess.js:114:10566)
	at t._invokeHandler (/usr/share/vscodium/resources/app/out/vs/workbench/api/node/extensionHostProcess.js:114:10248)
	at t._receiveRequest (/usr/share/vscodium/resources/app/out/vs/workbench/api/node/extensionHostProcess.js:114:8954)
	at t._receiveOneMessage (/usr/share/vscodium/resources/app/out/vs/workbench/api/node/extensionHostProcess.js:114:7705)
	at r.value (/usr/share/vscodium/resources/app/out/vs/workbench/api/node/extensionHostProcess.js:114:5812)
	at f._deliver (/usr/share/vscodium/resources/app/out/vs/workbench/api/node/extensionHostProcess.js:63:2465)
	at f.fire (/usr/share/vscodium/resources/app/out/vs/workbench/api/node/extensionHostProcess.js:63:2784)
	at S.fire (/usr/share/vscodium/resources/app/out/vs/workbench/api/node/extensionHostProcess.js:79:16595)
	at r.value (/usr/share/vscodium/resources/app/out/vs/workbench/api/node/extensionHostProcess.js:130:36608)
	at f._deliver (/usr/share/vscodium/resources/app/out/vs/workbench/api/node/extensionHostProcess.js:63:2465)
	at f.fire (/usr/share/vscodium/resources/app/out/vs/workbench/api/node/extensionHostProcess.js:63:2784)
	at S.fire (/usr/share/vscodium/resources/app/out/vs/workbench/api/node/extensionHostProcess.js:79:16595)
	at MessagePortMain.<anonymous> (/usr/share/vscodium/resources/app/out/vs/workbench/api/node/extensionHostProcess.js:130:34685)
	at MessagePortMain.emit (node:events:513:28)
	at MessagePortMain._internalPort.emit (node:electron/js2c/utility_init:2:367)
2023-08-12 13:20:04.758 [error] [vscode.emmet] provider FAILED
2023-08-12 13:20:04.758 [error] TypeError: Cannot read properties of undefined (reading 'find')
	at t.$Xd.b (/usr/share/vscodium/resources/app/extensions/emmet/dist/node/emmetNodeMain.js:1:129956)
	at t.$Xd.provideCompletionItems (/usr/share/vscodium/resources/app/extensions/emmet/dist/node/emmetNodeMain.js:1:128593)
	at ce.provideCompletionItems (/usr/share/vscodium/resources/app/out/vs/workbench/api/node/extensionHostProcess.js:104:60746)
	at /usr/share/vscodium/resources/app/out/vs/workbench/api/node/extensionHostProcess.js:104:85821
	at ue._withAdapter (/usr/share/vscodium/resources/app/out/vs/workbench/api/node/extensionHostProcess.js:104:75620)
	at ue.$provideCompletionItems (/usr/share/vscodium/resources/app/out/vs/workbench/api/node/extensionHostProcess.js:104:85796)
	at t._doInvokeHandler (/usr/share/vscodium/resources/app/out/vs/workbench/api/node/extensionHostProcess.js:114:10566)
	at t._invokeHandler (/usr/share/vscodium/resources/app/out/vs/workbench/api/node/extensionHostProcess.js:114:10248)
	at t._receiveRequest (/usr/share/vscodium/resources/app/out/vs/workbench/api/node/extensionHostProcess.js:114:8954)
	at t._receiveOneMessage (/usr/share/vscodium/resources/app/out/vs/workbench/api/node/extensionHostProcess.js:114:7705)
	at r.value (/usr/share/vscodium/resources/app/out/vs/workbench/api/node/extensionHostProcess.js:114:5812)
	at f._deliver (/usr/share/vscodium/resources/app/out/vs/workbench/api/node/extensionHostProcess.js:63:2465)
	at f.fire (/usr/share/vscodium/resources/app/out/vs/workbench/api/node/extensionHostProcess.js:63:2784)
	at S.fire (/usr/share/vscodium/resources/app/out/vs/workbench/api/node/extensionHostProcess.js:79:16595)
	at r.value (/usr/share/vscodium/resources/app/out/vs/workbench/api/node/extensionHostProcess.js:130:36608)
	at f._deliver (/usr/share/vscodium/resources/app/out/vs/workbench/api/node/extensionHostProcess.js:63:2465)
	at f.fire (/usr/share/vscodium/resources/app/out/vs/workbench/api/node/extensionHostProcess.js:63:2784)
	at S.fire (/usr/share/vscodium/resources/app/out/vs/workbench/api/node/extensionHostProcess.js:79:16595)
	at MessagePortMain.<anonymous> (/usr/share/vscodium/resources/app/out/vs/workbench/api/node/extensionHostProcess.js:130:34685)
	at MessagePortMain.emit (node:events:513:28)
	at MessagePortMain._internalPort.emit (node:electron/js2c/utility_init:2:367)
2023-08-12 13:20:05.556 [error] [vscode.emmet] provider FAILED
2023-08-12 13:20:05.557 [error] TypeError: Cannot read properties of undefined (reading 'find')
	at t.$Xd.b (/usr/share/vscodium/resources/app/extensions/emmet/dist/node/emmetNodeMain.js:1:129956)
	at t.$Xd.provideCompletionItems (/usr/share/vscodium/resources/app/extensions/emmet/dist/node/emmetNodeMain.js:1:128593)
	at ce.provideCompletionItems (/usr/share/vscodium/resources/app/out/vs/workbench/api/node/extensionHostProcess.js:104:60746)
	at /usr/share/vscodium/resources/app/out/vs/workbench/api/node/extensionHostProcess.js:104:85821
	at ue._withAdapter (/usr/share/vscodium/resources/app/out/vs/workbench/api/node/extensionHostProcess.js:104:75620)
	at ue.$provideCompletionItems (/usr/share/vscodium/resources/app/out/vs/workbench/api/node/extensionHostProcess.js:104:85796)
	at t._doInvokeHandler (/usr/share/vscodium/resources/app/out/vs/workbench/api/node/extensionHostProcess.js:114:10566)
	at t._invokeHandler (/usr/share/vscodium/resources/app/out/vs/workbench/api/node/extensionHostProcess.js:114:10248)
	at t._receiveRequest (/usr/share/vscodium/resources/app/out/vs/workbench/api/node/extensionHostProcess.js:114:8954)
	at t._receiveOneMessage (/usr/share/vscodium/resources/app/out/vs/workbench/api/node/extensionHostProcess.js:114:7705)
	at r.value (/usr/share/vscodium/resources/app/out/vs/workbench/api/node/extensionHostProcess.js:114:5812)
	at f._deliver (/usr/share/vscodium/resources/app/out/vs/workbench/api/node/extensionHostProcess.js:63:2465)
	at f.fire (/usr/share/vscodium/resources/app/out/vs/workbench/api/node/extensionHostProcess.js:63:2784)
	at S.fire (/usr/share/vscodium/resources/app/out/vs/workbench/api/node/extensionHostProcess.js:79:16595)
	at r.value (/usr/share/vscodium/resources/app/out/vs/workbench/api/node/extensionHostProcess.js:130:36608)
	at f._deliver (/usr/share/vscodium/resources/app/out/vs/workbench/api/node/extensionHostProcess.js:63:2465)
	at f.fire (/usr/share/vscodium/resources/app/out/vs/workbench/api/node/extensionHostProcess.js:63:2784)
	at S.fire (/usr/share/vscodium/resources/app/out/vs/workbench/api/node/extensionHostProcess.js:79:16595)
	at MessagePortMain.<anonymous> (/usr/share/vscodium/resources/app/out/vs/workbench/api/node/extensionHostProcess.js:130:34685)
	at MessagePortMain.emit (node:events:513:28)
	at MessagePortMain._internalPort.emit (node:electron/js2c/utility_init:2:367)
2023-08-12 13:21:20.420 [error] [vscode.emmet] provider FAILED
2023-08-12 13:21:20.421 [error] TypeError: Cannot read properties of undefined (reading 'find')
	at t.$Xd.b (/usr/share/vscodium/resources/app/extensions/emmet/dist/node/emmetNodeMain.js:1:129956)
	at t.$Xd.provideCompletionItems (/usr/share/vscodium/resources/app/extensions/emmet/dist/node/emmetNodeMain.js:1:128593)
	at ce.provideCompletionItems (/usr/share/vscodium/resources/app/out/vs/workbench/api/node/extensionHostProcess.js:104:60746)
	at /usr/share/vscodium/resources/app/out/vs/workbench/api/node/extensionHostProcess.js:104:85821
	at ue._withAdapter (/usr/share/vscodium/resources/app/out/vs/workbench/api/node/extensionHostProcess.js:104:75620)
	at ue.$provideCompletionItems (/usr/share/vscodium/resources/app/out/vs/workbench/api/node/extensionHostProcess.js:104:85796)
	at t._doInvokeHandler (/usr/share/vscodium/resources/app/out/vs/workbench/api/node/extensionHostProcess.js:114:10566)
	at t._invokeHandler (/usr/share/vscodium/resources/app/out/vs/workbench/api/node/extensionHostProcess.js:114:10248)
	at t._receiveRequest (/usr/share/vscodium/resources/app/out/vs/workbench/api/node/extensionHostProcess.js:114:8954)
	at t._receiveOneMessage (/usr/share/vscodium/resources/app/out/vs/workbench/api/node/extensionHostProcess.js:114:7705)
	at r.value (/usr/share/vscodium/resources/app/out/vs/workbench/api/node/extensionHostProcess.js:114:5812)
	at f._deliver (/usr/share/vscodium/resources/app/out/vs/workbench/api/node/extensionHostProcess.js:63:2465)
	at f.fire (/usr/share/vscodium/resources/app/out/vs/workbench/api/node/extensionHostProcess.js:63:2784)
	at S.fire (/usr/share/vscodium/resources/app/out/vs/workbench/api/node/extensionHostProcess.js:79:16595)
	at r.value (/usr/share/vscodium/resources/app/out/vs/workbench/api/node/extensionHostProcess.js:130:36608)
	at f._deliver (/usr/share/vscodium/resources/app/out/vs/workbench/api/node/extensionHostProcess.js:63:2465)
	at f.fire (/usr/share/vscodium/resources/app/out/vs/workbench/api/node/extensionHostProcess.js:63:2784)
	at S.fire (/usr/share/vscodium/resources/app/out/vs/workbench/api/node/extensionHostProcess.js:79:16595)
	at MessagePortMain.<anonymous> (/usr/share/vscodium/resources/app/out/vs/workbench/api/node/extensionHostProcess.js:130:34685)
	at MessagePortMain.emit (node:events:513:28)
	at MessagePortMain._internalPort.emit (node:electron/js2c/utility_init:2:367)
2023-08-12 13:28:43.089 [error] [vscode.emmet] provider FAILED
2023-08-12 13:28:43.090 [error] TypeError: Cannot read properties of undefined (reading 'find')
	at t.$Xd.b (/usr/share/vscodium/resources/app/extensions/emmet/dist/node/emmetNodeMain.js:1:129956)
	at t.$Xd.provideCompletionItems (/usr/share/vscodium/resources/app/extensions/emmet/dist/node/emmetNodeMain.js:1:128593)
	at ce.provideCompletionItems (/usr/share/vscodium/resources/app/out/vs/workbench/api/node/extensionHostProcess.js:104:60746)
	at /usr/share/vscodium/resources/app/out/vs/workbench/api/node/extensionHostProcess.js:104:85821
	at ue._withAdapter (/usr/share/vscodium/resources/app/out/vs/workbench/api/node/extensionHostProcess.js:104:75620)
	at ue.$provideCompletionItems (/usr/share/vscodium/resources/app/out/vs/workbench/api/node/extensionHostProcess.js:104:85796)
	at t._doInvokeHandler (/usr/share/vscodium/resources/app/out/vs/workbench/api/node/extensionHostProcess.js:114:10566)
	at t._invokeHandler (/usr/share/vscodium/resources/app/out/vs/workbench/api/node/extensionHostProcess.js:114:10248)
	at t._receiveRequest (/usr/share/vscodium/resources/app/out/vs/workbench/api/node/extensionHostProcess.js:114:8954)
	at t._receiveOneMessage (/usr/share/vscodium/resources/app/out/vs/workbench/api/node/extensionHostProcess.js:114:7705)
	at r.value (/usr/share/vscodium/resources/app/out/vs/workbench/api/node/extensionHostProcess.js:114:5812)
	at f._deliver (/usr/share/vscodium/resources/app/out/vs/workbench/api/node/extensionHostProcess.js:63:2465)
	at f.fire (/usr/share/vscodium/resources/app/out/vs/workbench/api/node/extensionHostProcess.js:63:2784)
	at S.fire (/usr/share/vscodium/resources/app/out/vs/workbench/api/node/extensionHostProcess.js:79:16595)
	at r.value (/usr/share/vscodium/resources/app/out/vs/workbench/api/node/extensionHostProcess.js:130:36608)
	at f._deliver (/usr/share/vscodium/resources/app/out/vs/workbench/api/node/extensionHostProcess.js:63:2465)
	at f.fire (/usr/share/vscodium/resources/app/out/vs/workbench/api/node/extensionHostProcess.js:63:2784)
	at S.fire (/usr/share/vscodium/resources/app/out/vs/workbench/api/node/extensionHostProcess.js:79:16595)
	at MessagePortMain.<anonymous> (/usr/share/vscodium/resources/app/out/vs/workbench/api/node/extensionHostProcess.js:130:34685)
	at MessagePortMain.emit (node:events:513:28)
	at MessagePortMain._internalPort.emit (node:electron/js2c/utility_init:2:367)
2023-08-12 13:28:47.760 [error] [vscode.emmet] provider FAILED
2023-08-12 13:28:47.761 [error] TypeError: Cannot read properties of undefined (reading 'find')
	at t.$Xd.b (/usr/share/vscodium/resources/app/extensions/emmet/dist/node/emmetNodeMain.js:1:129956)
	at t.$Xd.provideCompletionItems (/usr/share/vscodium/resources/app/extensions/emmet/dist/node/emmetNodeMain.js:1:128593)
	at ce.provideCompletionItems (/usr/share/vscodium/resources/app/out/vs/workbench/api/node/extensionHostProcess.js:104:60746)
	at /usr/share/vscodium/resources/app/out/vs/workbench/api/node/extensionHostProcess.js:104:85821
	at ue._withAdapter (/usr/share/vscodium/resources/app/out/vs/workbench/api/node/extensionHostProcess.js:104:75620)
	at ue.$provideCompletionItems (/usr/share/vscodium/resources/app/out/vs/workbench/api/node/extensionHostProcess.js:104:85796)
	at t._doInvokeHandler (/usr/share/vscodium/resources/app/out/vs/workbench/api/node/extensionHostProcess.js:114:10566)
	at t._invokeHandler (/usr/share/vscodium/resources/app/out/vs/workbench/api/node/extensionHostProcess.js:114:10248)
	at t._receiveRequest (/usr/share/vscodium/resources/app/out/vs/workbench/api/node/extensionHostProcess.js:114:8954)
	at t._receiveOneMessage (/usr/share/vscodium/resources/app/out/vs/workbench/api/node/extensionHostProcess.js:114:7705)
	at r.value (/usr/share/vscodium/resources/app/out/vs/workbench/api/node/extensionHostProcess.js:114:5812)
	at f._deliver (/usr/share/vscodium/resources/app/out/vs/workbench/api/node/extensionHostProcess.js:63:2465)
	at f.fire (/usr/share/vscodium/resources/app/out/vs/workbench/api/node/extensionHostProcess.js:63:2784)
	at S.fire (/usr/share/vscodium/resources/app/out/vs/workbench/api/node/extensionHostProcess.js:79:16595)
	at r.value (/usr/share/vscodium/resources/app/out/vs/workbench/api/node/extensionHostProcess.js:130:36608)
	at f._deliver (/usr/share/vscodium/resources/app/out/vs/workbench/api/node/extensionHostProcess.js:63:2465)
	at f.fire (/usr/share/vscodium/resources/app/out/vs/workbench/api/node/extensionHostProcess.js:63:2784)
	at S.fire (/usr/share/vscodium/resources/app/out/vs/workbench/api/node/extensionHostProcess.js:79:16595)
	at MessagePortMain.<anonymous> (/usr/share/vscodium/resources/app/out/vs/workbench/api/node/extensionHostProcess.js:130:34685)
	at MessagePortMain.emit (node:events:513:28)
	at MessagePortMain._internalPort.emit (node:electron/js2c/utility_init:2:367)
2023-08-12 13:28:48.062 [error] [vscode.emmet] provider FAILED
2023-08-12 13:28:48.062 [error] TypeError: Cannot read properties of undefined (reading 'find')
	at t.$Xd.b (/usr/share/vscodium/resources/app/extensions/emmet/dist/node/emmetNodeMain.js:1:129956)
	at t.$Xd.provideCompletionItems (/usr/share/vscodium/resources/app/extensions/emmet/dist/node/emmetNodeMain.js:1:128593)
	at ce.provideCompletionItems (/usr/share/vscodium/resources/app/out/vs/workbench/api/node/extensionHostProcess.js:104:60746)
	at /usr/share/vscodium/resources/app/out/vs/workbench/api/node/extensionHostProcess.js:104:85821
	at ue._withAdapter (/usr/share/vscodium/resources/app/out/vs/workbench/api/node/extensionHostProcess.js:104:75620)
	at ue.$provideCompletionItems (/usr/share/vscodium/resources/app/out/vs/workbench/api/node/extensionHostProcess.js:104:85796)
	at t._doInvokeHandler (/usr/share/vscodium/resources/app/out/vs/workbench/api/node/extensionHostProcess.js:114:10566)
	at t._invokeHandler (/usr/share/vscodium/resources/app/out/vs/workbench/api/node/extensionHostProcess.js:114:10248)
	at t._receiveRequest (/usr/share/vscodium/resources/app/out/vs/workbench/api/node/extensionHostProcess.js:114:8954)
	at t._receiveOneMessage (/usr/share/vscodium/resources/app/out/vs/workbench/api/node/extensionHostProcess.js:114:7705)
	at r.value (/usr/share/vscodium/resources/app/out/vs/workbench/api/node/extensionHostProcess.js:114:5812)
	at f._deliver (/usr/share/vscodium/resources/app/out/vs/workbench/api/node/extensionHostProcess.js:63:2465)
	at f.fire (/usr/share/vscodium/resources/app/out/vs/workbench/api/node/extensionHostProcess.js:63:2784)
	at S.fire (/usr/share/vscodium/resources/app/out/vs/workbench/api/node/extensionHostProcess.js:79:16595)
	at r.value (/usr/share/vscodium/resources/app/out/vs/workbench/api/node/extensionHostProcess.js:130:36608)
	at f._deliver (/usr/share/vscodium/resources/app/out/vs/workbench/api/node/extensionHostProcess.js:63:2465)
	at f.fire (/usr/share/vscodium/resources/app/out/vs/workbench/api/node/extensionHostProcess.js:63:2784)
	at S.fire (/usr/share/vscodium/resources/app/out/vs/workbench/api/node/extensionHostProcess.js:79:16595)
	at MessagePortMain.<anonymous> (/usr/share/vscodium/resources/app/out/vs/workbench/api/node/extensionHostProcess.js:130:34685)
	at MessagePortMain.emit (node:events:513:28)
	at MessagePortMain._internalPort.emit (node:electron/js2c/utility_init:2:367)
2023-08-12 13:31:40.695 [error] [vscode.emmet] provider FAILED
2023-08-12 13:31:40.696 [error] TypeError: Cannot read properties of undefined (reading 'find')
	at t.$Xd.b (/usr/share/vscodium/resources/app/extensions/emmet/dist/node/emmetNodeMain.js:1:129956)
	at t.$Xd.provideCompletionItems (/usr/share/vscodium/resources/app/extensions/emmet/dist/node/emmetNodeMain.js:1:128593)
	at ce.provideCompletionItems (/usr/share/vscodium/resources/app/out/vs/workbench/api/node/extensionHostProcess.js:104:60746)
	at /usr/share/vscodium/resources/app/out/vs/workbench/api/node/extensionHostProcess.js:104:85821
	at ue._withAdapter (/usr/share/vscodium/resources/app/out/vs/workbench/api/node/extensionHostProcess.js:104:75620)
	at ue.$provideCompletionItems (/usr/share/vscodium/resources/app/out/vs/workbench/api/node/extensionHostProcess.js:104:85796)
	at t._doInvokeHandler (/usr/share/vscodium/resources/app/out/vs/workbench/api/node/extensionHostProcess.js:114:10566)
	at t._invokeHandler (/usr/share/vscodium/resources/app/out/vs/workbench/api/node/extensionHostProcess.js:114:10248)
	at t._receiveRequest (/usr/share/vscodium/resources/app/out/vs/workbench/api/node/extensionHostProcess.js:114:8954)
	at t._receiveOneMessage (/usr/share/vscodium/resources/app/out/vs/workbench/api/node/extensionHostProcess.js:114:7705)
	at r.value (/usr/share/vscodium/resources/app/out/vs/workbench/api/node/extensionHostProcess.js:114:5812)
	at f._deliver (/usr/share/vscodium/resources/app/out/vs/workbench/api/node/extensionHostProcess.js:63:2465)
	at f.fire (/usr/share/vscodium/resources/app/out/vs/workbench/api/node/extensionHostProcess.js:63:2784)
	at S.fire (/usr/share/vscodium/resources/app/out/vs/workbench/api/node/extensionHostProcess.js:79:16595)
	at r.value (/usr/share/vscodium/resources/app/out/vs/workbench/api/node/extensionHostProcess.js:130:36608)
	at f._deliver (/usr/share/vscodium/resources/app/out/vs/workbench/api/node/extensionHostProcess.js:63:2465)
	at f.fire (/usr/share/vscodium/resources/app/out/vs/workbench/api/node/extensionHostProcess.js:63:2784)
	at S.fire (/usr/share/vscodium/resources/app/out/vs/workbench/api/node/extensionHostProcess.js:79:16595)
	at MessagePortMain.<anonymous> (/usr/share/vscodium/resources/app/out/vs/workbench/api/node/extensionHostProcess.js:130:34685)
	at MessagePortMain.emit (node:events:513:28)
	at MessagePortMain._internalPort.emit (node:electron/js2c/utility_init:2:367)
2023-08-12 13:31:41.474 [error] [vscode.emmet] provider FAILED
2023-08-12 13:31:41.475 [error] TypeError: Cannot read properties of undefined (reading 'find')
	at t.$Xd.b (/usr/share/vscodium/resources/app/extensions/emmet/dist/node/emmetNodeMain.js:1:129956)
	at t.$Xd.provideCompletionItems (/usr/share/vscodium/resources/app/extensions/emmet/dist/node/emmetNodeMain.js:1:128593)
	at ce.provideCompletionItems (/usr/share/vscodium/resources/app/out/vs/workbench/api/node/extensionHostProcess.js:104:60746)
	at /usr/share/vscodium/resources/app/out/vs/workbench/api/node/extensionHostProcess.js:104:85821
	at ue._withAdapter (/usr/share/vscodium/resources/app/out/vs/workbench/api/node/extensionHostProcess.js:104:75620)
	at ue.$provideCompletionItems (/usr/share/vscodium/resources/app/out/vs/workbench/api/node/extensionHostProcess.js:104:85796)
	at t._doInvokeHandler (/usr/share/vscodium/resources/app/out/vs/workbench/api/node/extensionHostProcess.js:114:10566)
	at t._invokeHandler (/usr/share/vscodium/resources/app/out/vs/workbench/api/node/extensionHostProcess.js:114:10248)
	at t._receiveRequest (/usr/share/vscodium/resources/app/out/vs/workbench/api/node/extensionHostProcess.js:114:8954)
	at t._receiveOneMessage (/usr/share/vscodium/resources/app/out/vs/workbench/api/node/extensionHostProcess.js:114:7705)
	at r.value (/usr/share/vscodium/resources/app/out/vs/workbench/api/node/extensionHostProcess.js:114:5812)
	at f._deliver (/usr/share/vscodium/resources/app/out/vs/workbench/api/node/extensionHostProcess.js:63:2465)
	at f.fire (/usr/share/vscodium/resources/app/out/vs/workbench/api/node/extensionHostProcess.js:63:2784)
	at S.fire (/usr/share/vscodium/resources/app/out/vs/workbench/api/node/extensionHostProcess.js:79:16595)
	at r.value (/usr/share/vscodium/resources/app/out/vs/workbench/api/node/extensionHostProcess.js:130:36608)
	at f._deliver (/usr/share/vscodium/resources/app/out/vs/workbench/api/node/extensionHostProcess.js:63:2465)
	at f.fire (/usr/share/vscodium/resources/app/out/vs/workbench/api/node/extensionHostProcess.js:63:2784)
	at S.fire (/usr/share/vscodium/resources/app/out/vs/workbench/api/node/extensionHostProcess.js:79:16595)
	at MessagePortMain.<anonymous> (/usr/share/vscodium/resources/app/out/vs/workbench/api/node/extensionHostProcess.js:130:34685)
	at MessagePortMain.emit (node:events:513:28)
	at MessagePortMain._internalPort.emit (node:electron/js2c/utility_init:2:367)
2023-08-12 13:31:59.528 [error] [vscode.emmet] provider FAILED
2023-08-12 13:31:59.528 [error] TypeError: Cannot read properties of undefined (reading 'find')
	at t.$Xd.b (/usr/share/vscodium/resources/app/extensions/emmet/dist/node/emmetNodeMain.js:1:129956)
	at t.$Xd.provideCompletionItems (/usr/share/vscodium/resources/app/extensions/emmet/dist/node/emmetNodeMain.js:1:128593)
	at ce.provideCompletionItems (/usr/share/vscodium/resources/app/out/vs/workbench/api/node/extensionHostProcess.js:104:60746)
	at /usr/share/vscodium/resources/app/out/vs/workbench/api/node/extensionHostProcess.js:104:85821
	at ue._withAdapter (/usr/share/vscodium/resources/app/out/vs/workbench/api/node/extensionHostProcess.js:104:75620)
	at ue.$provideCompletionItems (/usr/share/vscodium/resources/app/out/vs/workbench/api/node/extensionHostProcess.js:104:85796)
	at t._doInvokeHandler (/usr/share/vscodium/resources/app/out/vs/workbench/api/node/extensionHostProcess.js:114:10566)
	at t._invokeHandler (/usr/share/vscodium/resources/app/out/vs/workbench/api/node/extensionHostProcess.js:114:10248)
	at t._receiveRequest (/usr/share/vscodium/resources/app/out/vs/workbench/api/node/extensionHostProcess.js:114:8954)
	at t._receiveOneMessage (/usr/share/vscodium/resources/app/out/vs/workbench/api/node/extensionHostProcess.js:114:7705)
	at r.value (/usr/share/vscodium/resources/app/out/vs/workbench/api/node/extensionHostProcess.js:114:5812)
	at f._deliver (/usr/share/vscodium/resources/app/out/vs/workbench/api/node/extensionHostProcess.js:63:2465)
	at f.fire (/usr/share/vscodium/resources/app/out/vs/workbench/api/node/extensionHostProcess.js:63:2784)
	at S.fire (/usr/share/vscodium/resources/app/out/vs/workbench/api/node/extensionHostProcess.js:79:16595)
	at r.value (/usr/share/vscodium/resources/app/out/vs/workbench/api/node/extensionHostProcess.js:130:36608)
	at f._deliver (/usr/share/vscodium/resources/app/out/vs/workbench/api/node/extensionHostProcess.js:63:2465)
	at f.fire (/usr/share/vscodium/resources/app/out/vs/workbench/api/node/extensionHostProcess.js:63:2784)
	at S.fire (/usr/share/vscodium/resources/app/out/vs/workbench/api/node/extensionHostProcess.js:79:16595)
	at MessagePortMain.<anonymous> (/usr/share/vscodium/resources/app/out/vs/workbench/api/node/extensionHostProcess.js:130:34685)
	at MessagePortMain.emit (node:events:513:28)
	at MessagePortMain._internalPort.emit (node:electron/js2c/utility_init:2:367)
2023-08-12 13:32:08.440 [error] [vscode.emmet] provider FAILED
2023-08-12 13:32:08.440 [error] TypeError: Cannot read properties of undefined (reading 'find')
	at t.$Xd.b (/usr/share/vscodium/resources/app/extensions/emmet/dist/node/emmetNodeMain.js:1:129956)
	at t.$Xd.provideCompletionItems (/usr/share/vscodium/resources/app/extensions/emmet/dist/node/emmetNodeMain.js:1:128593)
	at ce.provideCompletionItems (/usr/share/vscodium/resources/app/out/vs/workbench/api/node/extensionHostProcess.js:104:60746)
	at /usr/share/vscodium/resources/app/out/vs/workbench/api/node/extensionHostProcess.js:104:85821
	at ue._withAdapter (/usr/share/vscodium/resources/app/out/vs/workbench/api/node/extensionHostProcess.js:104:75620)
	at ue.$provideCompletionItems (/usr/share/vscodium/resources/app/out/vs/workbench/api/node/extensionHostProcess.js:104:85796)
	at t._doInvokeHandler (/usr/share/vscodium/resources/app/out/vs/workbench/api/node/extensionHostProcess.js:114:10566)
	at t._invokeHandler (/usr/share/vscodium/resources/app/out/vs/workbench/api/node/extensionHostProcess.js:114:10248)
	at t._receiveRequest (/usr/share/vscodium/resources/app/out/vs/workbench/api/node/extensionHostProcess.js:114:8954)
	at t._receiveOneMessage (/usr/share/vscodium/resources/app/out/vs/workbench/api/node/extensionHostProcess.js:114:7705)
	at r.value (/usr/share/vscodium/resources/app/out/vs/workbench/api/node/extensionHostProcess.js:114:5812)
	at f._deliver (/usr/share/vscodium/resources/app/out/vs/workbench/api/node/extensionHostProcess.js:63:2465)
	at f.fire (/usr/share/vscodium/resources/app/out/vs/workbench/api/node/extensionHostProcess.js:63:2784)
	at S.fire (/usr/share/vscodium/resources/app/out/vs/workbench/api/node/extensionHostProcess.js:79:16595)
	at r.value (/usr/share/vscodium/resources/app/out/vs/workbench/api/node/extensionHostProcess.js:130:36608)
	at f._deliver (/usr/share/vscodium/resources/app/out/vs/workbench/api/node/extensionHostProcess.js:63:2465)
	at f.fire (/usr/share/vscodium/resources/app/out/vs/workbench/api/node/extensionHostProcess.js:63:2784)
	at S.fire (/usr/share/vscodium/resources/app/out/vs/workbench/api/node/extensionHostProcess.js:79:16595)
	at MessagePortMain.<anonymous> (/usr/share/vscodium/resources/app/out/vs/workbench/api/node/extensionHostProcess.js:130:34685)
	at MessagePortMain.emit (node:events:513:28)
	at MessagePortMain._internalPort.emit (node:electron/js2c/utility_init:2:367)
2023-08-12 13:33:18.702 [error] [vscode.emmet] provider FAILED
2023-08-12 13:33:18.703 [error] TypeError: Cannot read properties of undefined (reading 'find')
	at t.$Xd.b (/usr/share/vscodium/resources/app/extensions/emmet/dist/node/emmetNodeMain.js:1:129956)
	at t.$Xd.provideCompletionItems (/usr/share/vscodium/resources/app/extensions/emmet/dist/node/emmetNodeMain.js:1:128593)
	at ce.provideCompletionItems (/usr/share/vscodium/resources/app/out/vs/workbench/api/node/extensionHostProcess.js:104:60746)
	at /usr/share/vscodium/resources/app/out/vs/workbench/api/node/extensionHostProcess.js:104:85821
	at ue._withAdapter (/usr/share/vscodium/resources/app/out/vs/workbench/api/node/extensionHostProcess.js:104:75620)
	at ue.$provideCompletionItems (/usr/share/vscodium/resources/app/out/vs/workbench/api/node/extensionHostProcess.js:104:85796)
	at t._doInvokeHandler (/usr/share/vscodium/resources/app/out/vs/workbench/api/node/extensionHostProcess.js:114:10566)
	at t._invokeHandler (/usr/share/vscodium/resources/app/out/vs/workbench/api/node/extensionHostProcess.js:114:10248)
	at t._receiveRequest (/usr/share/vscodium/resources/app/out/vs/workbench/api/node/extensionHostProcess.js:114:8954)
	at t._receiveOneMessage (/usr/share/vscodium/resources/app/out/vs/workbench/api/node/extensionHostProcess.js:114:7705)
	at r.value (/usr/share/vscodium/resources/app/out/vs/workbench/api/node/extensionHostProcess.js:114:5812)
	at f._deliver (/usr/share/vscodium/resources/app/out/vs/workbench/api/node/extensionHostProcess.js:63:2465)
	at f.fire (/usr/share/vscodium/resources/app/out/vs/workbench/api/node/extensionHostProcess.js:63:2784)
	at S.fire (/usr/share/vscodium/resources/app/out/vs/workbench/api/node/extensionHostProcess.js:79:16595)
	at r.value (/usr/share/vscodium/resources/app/out/vs/workbench/api/node/extensionHostProcess.js:130:36608)
	at f._deliver (/usr/share/vscodium/resources/app/out/vs/workbench/api/node/extensionHostProcess.js:63:2465)
	at f.fire (/usr/share/vscodium/resources/app/out/vs/workbench/api/node/extensionHostProcess.js:63:2784)
	at S.fire (/usr/share/vscodium/resources/app/out/vs/workbench/api/node/extensionHostProcess.js:79:16595)
	at MessagePortMain.<anonymous> (/usr/share/vscodium/resources/app/out/vs/workbench/api/node/extensionHostProcess.js:130:34685)
	at MessagePortMain.emit (node:events:513:28)
	at MessagePortMain._internalPort.emit (node:electron/js2c/utility_init:2:367)
2023-08-12 13:36:19.716 [error] [vscode.emmet] provider FAILED
2023-08-12 13:36:19.717 [error] TypeError: Cannot read properties of undefined (reading 'find')
	at t.$Xd.b (/usr/share/vscodium/resources/app/extensions/emmet/dist/node/emmetNodeMain.js:1:129956)
	at t.$Xd.provideCompletionItems (/usr/share/vscodium/resources/app/extensions/emmet/dist/node/emmetNodeMain.js:1:128593)
	at ce.provideCompletionItems (/usr/share/vscodium/resources/app/out/vs/workbench/api/node/extensionHostProcess.js:104:60746)
	at /usr/share/vscodium/resources/app/out/vs/workbench/api/node/extensionHostProcess.js:104:85821
	at ue._withAdapter (/usr/share/vscodium/resources/app/out/vs/workbench/api/node/extensionHostProcess.js:104:75620)
	at ue.$provideCompletionItems (/usr/share/vscodium/resources/app/out/vs/workbench/api/node/extensionHostProcess.js:104:85796)
	at t._doInvokeHandler (/usr/share/vscodium/resources/app/out/vs/workbench/api/node/extensionHostProcess.js:114:10566)
	at t._invokeHandler (/usr/share/vscodium/resources/app/out/vs/workbench/api/node/extensionHostProcess.js:114:10248)
	at t._receiveRequest (/usr/share/vscodium/resources/app/out/vs/workbench/api/node/extensionHostProcess.js:114:8954)
	at t._receiveOneMessage (/usr/share/vscodium/resources/app/out/vs/workbench/api/node/extensionHostProcess.js:114:7705)
	at r.value (/usr/share/vscodium/resources/app/out/vs/workbench/api/node/extensionHostProcess.js:114:5812)
	at f._deliver (/usr/share/vscodium/resources/app/out/vs/workbench/api/node/extensionHostProcess.js:63:2465)
	at f.fire (/usr/share/vscodium/resources/app/out/vs/workbench/api/node/extensionHostProcess.js:63:2784)
	at S.fire (/usr/share/vscodium/resources/app/out/vs/workbench/api/node/extensionHostProcess.js:79:16595)
	at r.value (/usr/share/vscodium/resources/app/out/vs/workbench/api/node/extensionHostProcess.js:130:36608)
	at f._deliver (/usr/share/vscodium/resources/app/out/vs/workbench/api/node/extensionHostProcess.js:63:2465)
	at f.fire (/usr/share/vscodium/resources/app/out/vs/workbench/api/node/extensionHostProcess.js:63:2784)
	at S.fire (/usr/share/vscodium/resources/app/out/vs/workbench/api/node/extensionHostProcess.js:79:16595)
	at MessagePortMain.<anonymous> (/usr/share/vscodium/resources/app/out/vs/workbench/api/node/extensionHostProcess.js:130:34685)
	at MessagePortMain.emit (node:events:513:28)
	at MessagePortMain._internalPort.emit (node:electron/js2c/utility_init:2:367)
2023-08-12 13:36:50.157 [error] [vscode.emmet] provider FAILED
2023-08-12 13:36:50.157 [error] TypeError: Cannot read properties of undefined (reading 'find')
	at t.$Xd.b (/usr/share/vscodium/resources/app/extensions/emmet/dist/node/emmetNodeMain.js:1:129956)
	at t.$Xd.provideCompletionItems (/usr/share/vscodium/resources/app/extensions/emmet/dist/node/emmetNodeMain.js:1:128593)
	at ce.provideCompletionItems (/usr/share/vscodium/resources/app/out/vs/workbench/api/node/extensionHostProcess.js:104:60746)
	at /usr/share/vscodium/resources/app/out/vs/workbench/api/node/extensionHostProcess.js:104:85821
	at ue._withAdapter (/usr/share/vscodium/resources/app/out/vs/workbench/api/node/extensionHostProcess.js:104:75620)
	at ue.$provideCompletionItems (/usr/share/vscodium/resources/app/out/vs/workbench/api/node/extensionHostProcess.js:104:85796)
	at t._doInvokeHandler (/usr/share/vscodium/resources/app/out/vs/workbench/api/node/extensionHostProcess.js:114:10566)
	at t._invokeHandler (/usr/share/vscodium/resources/app/out/vs/workbench/api/node/extensionHostProcess.js:114:10248)
	at t._receiveRequest (/usr/share/vscodium/resources/app/out/vs/workbench/api/node/extensionHostProcess.js:114:8954)
	at t._receiveOneMessage (/usr/share/vscodium/resources/app/out/vs/workbench/api/node/extensionHostProcess.js:114:7705)
	at r.value (/usr/share/vscodium/resources/app/out/vs/workbench/api/node/extensionHostProcess.js:114:5812)
	at f._deliver (/usr/share/vscodium/resources/app/out/vs/workbench/api/node/extensionHostProcess.js:63:2465)
	at f.fire (/usr/share/vscodium/resources/app/out/vs/workbench/api/node/extensionHostProcess.js:63:2784)
	at S.fire (/usr/share/vscodium/resources/app/out/vs/workbench/api/node/extensionHostProcess.js:79:16595)
	at r.value (/usr/share/vscodium/resources/app/out/vs/workbench/api/node/extensionHostProcess.js:130:36608)
	at f._deliver (/usr/share/vscodium/resources/app/out/vs/workbench/api/node/extensionHostProcess.js:63:2465)
	at f.fire (/usr/share/vscodium/resources/app/out/vs/workbench/api/node/extensionHostProcess.js:63:2784)
	at S.fire (/usr/share/vscodium/resources/app/out/vs/workbench/api/node/extensionHostProcess.js:79:16595)
	at MessagePortMain.<anonymous> (/usr/share/vscodium/resources/app/out/vs/workbench/api/node/extensionHostProcess.js:130:34685)
	at MessagePortMain.emit (node:events:513:28)
	at MessagePortMain._internalPort.emit (node:electron/js2c/utility_init:2:367)
2023-08-12 13:36:55.931 [error] [vscode.emmet] provider FAILED
2023-08-12 13:36:55.932 [error] TypeError: Cannot read properties of undefined (reading 'find')
	at t.$Xd.b (/usr/share/vscodium/resources/app/extensions/emmet/dist/node/emmetNodeMain.js:1:129956)
	at t.$Xd.provideCompletionItems (/usr/share/vscodium/resources/app/extensions/emmet/dist/node/emmetNodeMain.js:1:128593)
	at ce.provideCompletionItems (/usr/share/vscodium/resources/app/out/vs/workbench/api/node/extensionHostProcess.js:104:60746)
	at /usr/share/vscodium/resources/app/out/vs/workbench/api/node/extensionHostProcess.js:104:85821
	at ue._withAdapter (/usr/share/vscodium/resources/app/out/vs/workbench/api/node/extensionHostProcess.js:104:75620)
	at ue.$provideCompletionItems (/usr/share/vscodium/resources/app/out/vs/workbench/api/node/extensionHostProcess.js:104:85796)
	at t._doInvokeHandler (/usr/share/vscodium/resources/app/out/vs/workbench/api/node/extensionHostProcess.js:114:10566)
	at t._invokeHandler (/usr/share/vscodium/resources/app/out/vs/workbench/api/node/extensionHostProcess.js:114:10248)
	at t._receiveRequest (/usr/share/vscodium/resources/app/out/vs/workbench/api/node/extensionHostProcess.js:114:8954)
	at t._receiveOneMessage (/usr/share/vscodium/resources/app/out/vs/workbench/api/node/extensionHostProcess.js:114:7705)
	at r.value (/usr/share/vscodium/resources/app/out/vs/workbench/api/node/extensionHostProcess.js:114:5812)
	at f._deliver (/usr/share/vscodium/resources/app/out/vs/workbench/api/node/extensionHostProcess.js:63:2465)
	at f.fire (/usr/share/vscodium/resources/app/out/vs/workbench/api/node/extensionHostProcess.js:63:2784)
	at S.fire (/usr/share/vscodium/resources/app/out/vs/workbench/api/node/extensionHostProcess.js:79:16595)
	at r.value (/usr/share/vscodium/resources/app/out/vs/workbench/api/node/extensionHostProcess.js:130:36608)
	at f._deliver (/usr/share/vscodium/resources/app/out/vs/workbench/api/node/extensionHostProcess.js:63:2465)
	at f.fire (/usr/share/vscodium/resources/app/out/vs/workbench/api/node/extensionHostProcess.js:63:2784)
	at S.fire (/usr/share/vscodium/resources/app/out/vs/workbench/api/node/extensionHostProcess.js:79:16595)
	at MessagePortMain.<anonymous> (/usr/share/vscodium/resources/app/out/vs/workbench/api/node/extensionHostProcess.js:130:34685)
	at MessagePortMain.emit (node:events:513:28)
	at MessagePortMain._internalPort.emit (node:electron/js2c/utility_init:2:367)
2023-08-12 13:37:12.376 [error] [vscode.emmet] provider FAILED
2023-08-12 13:37:12.377 [error] TypeError: Cannot read properties of undefined (reading 'find')
	at t.$Xd.b (/usr/share/vscodium/resources/app/extensions/emmet/dist/node/emmetNodeMain.js:1:129956)
	at t.$Xd.provideCompletionItems (/usr/share/vscodium/resources/app/extensions/emmet/dist/node/emmetNodeMain.js:1:128593)
	at ce.provideCompletionItems (/usr/share/vscodium/resources/app/out/vs/workbench/api/node/extensionHostProcess.js:104:60746)
	at /usr/share/vscodium/resources/app/out/vs/workbench/api/node/extensionHostProcess.js:104:85821
	at ue._withAdapter (/usr/share/vscodium/resources/app/out/vs/workbench/api/node/extensionHostProcess.js:104:75620)
	at ue.$provideCompletionItems (/usr/share/vscodium/resources/app/out/vs/workbench/api/node/extensionHostProcess.js:104:85796)
	at t._doInvokeHandler (/usr/share/vscodium/resources/app/out/vs/workbench/api/node/extensionHostProcess.js:114:10566)
	at t._invokeHandler (/usr/share/vscodium/resources/app/out/vs/workbench/api/node/extensionHostProcess.js:114:10248)
	at t._receiveRequest (/usr/share/vscodium/resources/app/out/vs/workbench/api/node/extensionHostProcess.js:114:8954)
	at t._receiveOneMessage (/usr/share/vscodium/resources/app/out/vs/workbench/api/node/extensionHostProcess.js:114:7705)
	at r.value (/usr/share/vscodium/resources/app/out/vs/workbench/api/node/extensionHostProcess.js:114:5812)
	at f._deliver (/usr/share/vscodium/resources/app/out/vs/workbench/api/node/extensionHostProcess.js:63:2465)
	at f.fire (/usr/share/vscodium/resources/app/out/vs/workbench/api/node/extensionHostProcess.js:63:2784)
	at S.fire (/usr/share/vscodium/resources/app/out/vs/workbench/api/node/extensionHostProcess.js:79:16595)
	at r.value (/usr/share/vscodium/resources/app/out/vs/workbench/api/node/extensionHostProcess.js:130:36608)
	at f._deliver (/usr/share/vscodium/resources/app/out/vs/workbench/api/node/extensionHostProcess.js:63:2465)
	at f.fire (/usr/share/vscodium/resources/app/out/vs/workbench/api/node/extensionHostProcess.js:63:2784)
	at S.fire (/usr/share/vscodium/resources/app/out/vs/workbench/api/node/extensionHostProcess.js:79:16595)
	at MessagePortMain.<anonymous> (/usr/share/vscodium/resources/app/out/vs/workbench/api/node/extensionHostProcess.js:130:34685)
	at MessagePortMain.emit (node:events:513:28)
	at MessagePortMain._internalPort.emit (node:electron/js2c/utility_init:2:367)
2023-08-12 13:37:17.333 [error] [vscode.emmet] provider FAILED
2023-08-12 13:37:17.334 [error] TypeError: Cannot read properties of undefined (reading 'find')
	at t.$Xd.b (/usr/share/vscodium/resources/app/extensions/emmet/dist/node/emmetNodeMain.js:1:129956)
	at t.$Xd.provideCompletionItems (/usr/share/vscodium/resources/app/extensions/emmet/dist/node/emmetNodeMain.js:1:128593)
	at ce.provideCompletionItems (/usr/share/vscodium/resources/app/out/vs/workbench/api/node/extensionHostProcess.js:104:60746)
	at /usr/share/vscodium/resources/app/out/vs/workbench/api/node/extensionHostProcess.js:104:85821
	at ue._withAdapter (/usr/share/vscodium/resources/app/out/vs/workbench/api/node/extensionHostProcess.js:104:75620)
	at ue.$provideCompletionItems (/usr/share/vscodium/resources/app/out/vs/workbench/api/node/extensionHostProcess.js:104:85796)
	at t._doInvokeHandler (/usr/share/vscodium/resources/app/out/vs/workbench/api/node/extensionHostProcess.js:114:10566)
	at t._invokeHandler (/usr/share/vscodium/resources/app/out/vs/workbench/api/node/extensionHostProcess.js:114:10248)
	at t._receiveRequest (/usr/share/vscodium/resources/app/out/vs/workbench/api/node/extensionHostProcess.js:114:8954)
	at t._receiveOneMessage (/usr/share/vscodium/resources/app/out/vs/workbench/api/node/extensionHostProcess.js:114:7705)
	at r.value (/usr/share/vscodium/resources/app/out/vs/workbench/api/node/extensionHostProcess.js:114:5812)
	at f._deliver (/usr/share/vscodium/resources/app/out/vs/workbench/api/node/extensionHostProcess.js:63:2465)
	at f.fire (/usr/share/vscodium/resources/app/out/vs/workbench/api/node/extensionHostProcess.js:63:2784)
	at S.fire (/usr/share/vscodium/resources/app/out/vs/workbench/api/node/extensionHostProcess.js:79:16595)
	at r.value (/usr/share/vscodium/resources/app/out/vs/workbench/api/node/extensionHostProcess.js:130:36608)
	at f._deliver (/usr/share/vscodium/resources/app/out/vs/workbench/api/node/extensionHostProcess.js:63:2465)
	at f.fire (/usr/share/vscodium/resources/app/out/vs/workbench/api/node/extensionHostProcess.js:63:2784)
	at S.fire (/usr/share/vscodium/resources/app/out/vs/workbench/api/node/extensionHostProcess.js:79:16595)
	at MessagePortMain.<anonymous> (/usr/share/vscodium/resources/app/out/vs/workbench/api/node/extensionHostProcess.js:130:34685)
	at MessagePortMain.emit (node:events:513:28)
	at MessagePortMain._internalPort.emit (node:electron/js2c/utility_init:2:367)
2023-08-12 13:49:42.876 [error] [vscode.emmet] provider FAILED
2023-08-12 13:49:42.877 [error] TypeError: Cannot read properties of undefined (reading 'find')
	at t.$Xd.b (/usr/share/vscodium/resources/app/extensions/emmet/dist/node/emmetNodeMain.js:1:129956)
	at t.$Xd.provideCompletionItems (/usr/share/vscodium/resources/app/extensions/emmet/dist/node/emmetNodeMain.js:1:128593)
	at ce.provideCompletionItems (/usr/share/vscodium/resources/app/out/vs/workbench/api/node/extensionHostProcess.js:104:60746)
	at /usr/share/vscodium/resources/app/out/vs/workbench/api/node/extensionHostProcess.js:104:85821
	at ue._withAdapter (/usr/share/vscodium/resources/app/out/vs/workbench/api/node/extensionHostProcess.js:104:75620)
	at ue.$provideCompletionItems (/usr/share/vscodium/resources/app/out/vs/workbench/api/node/extensionHostProcess.js:104:85796)
	at t._doInvokeHandler (/usr/share/vscodium/resources/app/out/vs/workbench/api/node/extensionHostProcess.js:114:10566)
	at t._invokeHandler (/usr/share/vscodium/resources/app/out/vs/workbench/api/node/extensionHostProcess.js:114:10248)
	at t._receiveRequest (/usr/share/vscodium/resources/app/out/vs/workbench/api/node/extensionHostProcess.js:114:8954)
	at t._receiveOneMessage (/usr/share/vscodium/resources/app/out/vs/workbench/api/node/extensionHostProcess.js:114:7705)
	at r.value (/usr/share/vscodium/resources/app/out/vs/workbench/api/node/extensionHostProcess.js:114:5812)
	at f._deliver (/usr/share/vscodium/resources/app/out/vs/workbench/api/node/extensionHostProcess.js:63:2465)
	at f.fire (/usr/share/vscodium/resources/app/out/vs/workbench/api/node/extensionHostProcess.js:63:2784)
	at S.fire (/usr/share/vscodium/resources/app/out/vs/workbench/api/node/extensionHostProcess.js:79:16595)
	at r.value (/usr/share/vscodium/resources/app/out/vs/workbench/api/node/extensionHostProcess.js:130:36608)
	at f._deliver (/usr/share/vscodium/resources/app/out/vs/workbench/api/node/extensionHostProcess.js:63:2465)
	at f.fire (/usr/share/vscodium/resources/app/out/vs/workbench/api/node/extensionHostProcess.js:63:2784)
	at S.fire (/usr/share/vscodium/resources/app/out/vs/workbench/api/node/extensionHostProcess.js:79:16595)
	at MessagePortMain.<anonymous> (/usr/share/vscodium/resources/app/out/vs/workbench/api/node/extensionHostProcess.js:130:34685)
	at MessagePortMain.emit (node:events:513:28)
	at MessagePortMain._internalPort.emit (node:electron/js2c/utility_init:2:367)
2023-08-12 13:50:08.955 [error] [vscode.emmet] provider FAILED
2023-08-12 13:50:08.955 [error] TypeError: Cannot read properties of undefined (reading 'find')
	at t.$Xd.b (/usr/share/vscodium/resources/app/extensions/emmet/dist/node/emmetNodeMain.js:1:129956)
	at t.$Xd.provideCompletionItems (/usr/share/vscodium/resources/app/extensions/emmet/dist/node/emmetNodeMain.js:1:128593)
	at ce.provideCompletionItems (/usr/share/vscodium/resources/app/out/vs/workbench/api/node/extensionHostProcess.js:104:60746)
	at /usr/share/vscodium/resources/app/out/vs/workbench/api/node/extensionHostProcess.js:104:85821
	at ue._withAdapter (/usr/share/vscodium/resources/app/out/vs/workbench/api/node/extensionHostProcess.js:104:75620)
	at ue.$provideCompletionItems (/usr/share/vscodium/resources/app/out/vs/workbench/api/node/extensionHostProcess.js:104:85796)
	at t._doInvokeHandler (/usr/share/vscodium/resources/app/out/vs/workbench/api/node/extensionHostProcess.js:114:10566)
	at t._invokeHandler (/usr/share/vscodium/resources/app/out/vs/workbench/api/node/extensionHostProcess.js:114:10248)
	at t._receiveRequest (/usr/share/vscodium/resources/app/out/vs/workbench/api/node/extensionHostProcess.js:114:8954)
	at t._receiveOneMessage (/usr/share/vscodium/resources/app/out/vs/workbench/api/node/extensionHostProcess.js:114:7705)
	at r.value (/usr/share/vscodium/resources/app/out/vs/workbench/api/node/extensionHostProcess.js:114:5812)
	at f._deliver (/usr/share/vscodium/resources/app/out/vs/workbench/api/node/extensionHostProcess.js:63:2465)
	at f.fire (/usr/share/vscodium/resources/app/out/vs/workbench/api/node/extensionHostProcess.js:63:2784)
	at S.fire (/usr/share/vscodium/resources/app/out/vs/workbench/api/node/extensionHostProcess.js:79:16595)
	at r.value (/usr/share/vscodium/resources/app/out/vs/workbench/api/node/extensionHostProcess.js:130:36608)
	at f._deliver (/usr/share/vscodium/resources/app/out/vs/workbench/api/node/extensionHostProcess.js:63:2465)
	at f.fire (/usr/share/vscodium/resources/app/out/vs/workbench/api/node/extensionHostProcess.js:63:2784)
	at S.fire (/usr/share/vscodium/resources/app/out/vs/workbench/api/node/extensionHostProcess.js:79:16595)
	at MessagePortMain.<anonymous> (/usr/share/vscodium/resources/app/out/vs/workbench/api/node/extensionHostProcess.js:130:34685)
	at MessagePortMain.emit (node:events:513:28)
	at MessagePortMain._internalPort.emit (node:electron/js2c/utility_init:2:367)
2023-08-12 13:50:10.210 [error] [vscode.emmet] provider FAILED
2023-08-12 13:50:10.211 [error] TypeError: Cannot read properties of undefined (reading 'find')
	at t.$Xd.b (/usr/share/vscodium/resources/app/extensions/emmet/dist/node/emmetNodeMain.js:1:129956)
	at t.$Xd.provideCompletionItems (/usr/share/vscodium/resources/app/extensions/emmet/dist/node/emmetNodeMain.js:1:128593)
	at ce.provideCompletionItems (/usr/share/vscodium/resources/app/out/vs/workbench/api/node/extensionHostProcess.js:104:60746)
	at /usr/share/vscodium/resources/app/out/vs/workbench/api/node/extensionHostProcess.js:104:85821
	at ue._withAdapter (/usr/share/vscodium/resources/app/out/vs/workbench/api/node/extensionHostProcess.js:104:75620)
	at ue.$provideCompletionItems (/usr/share/vscodium/resources/app/out/vs/workbench/api/node/extensionHostProcess.js:104:85796)
	at t._doInvokeHandler (/usr/share/vscodium/resources/app/out/vs/workbench/api/node/extensionHostProcess.js:114:10566)
	at t._invokeHandler (/usr/share/vscodium/resources/app/out/vs/workbench/api/node/extensionHostProcess.js:114:10248)
	at t._receiveRequest (/usr/share/vscodium/resources/app/out/vs/workbench/api/node/extensionHostProcess.js:114:8954)
	at t._receiveOneMessage (/usr/share/vscodium/resources/app/out/vs/workbench/api/node/extensionHostProcess.js:114:7705)
	at r.value (/usr/share/vscodium/resources/app/out/vs/workbench/api/node/extensionHostProcess.js:114:5812)
	at f._deliver (/usr/share/vscodium/resources/app/out/vs/workbench/api/node/extensionHostProcess.js:63:2465)
	at f.fire (/usr/share/vscodium/resources/app/out/vs/workbench/api/node/extensionHostProcess.js:63:2784)
	at S.fire (/usr/share/vscodium/resources/app/out/vs/workbench/api/node/extensionHostProcess.js:79:16595)
	at r.value (/usr/share/vscodium/resources/app/out/vs/workbench/api/node/extensionHostProcess.js:130:36608)
	at f._deliver (/usr/share/vscodium/resources/app/out/vs/workbench/api/node/extensionHostProcess.js:63:2465)
	at f.fire (/usr/share/vscodium/resources/app/out/vs/workbench/api/node/extensionHostProcess.js:63:2784)
	at S.fire (/usr/share/vscodium/resources/app/out/vs/workbench/api/node/extensionHostProcess.js:79:16595)
	at MessagePortMain.<anonymous> (/usr/share/vscodium/resources/app/out/vs/workbench/api/node/extensionHostProcess.js:130:34685)
	at MessagePortMain.emit (node:events:513:28)
	at MessagePortMain._internalPort.emit (node:electron/js2c/utility_init:2:367)
2023-08-12 13:50:14.838 [error] [vscode.emmet] provider FAILED
2023-08-12 13:50:14.839 [error] TypeError: Cannot read properties of undefined (reading 'find')
	at t.$Xd.b (/usr/share/vscodium/resources/app/extensions/emmet/dist/node/emmetNodeMain.js:1:129956)
	at t.$Xd.provideCompletionItems (/usr/share/vscodium/resources/app/extensions/emmet/dist/node/emmetNodeMain.js:1:128593)
	at ce.provideCompletionItems (/usr/share/vscodium/resources/app/out/vs/workbench/api/node/extensionHostProcess.js:104:60746)
	at /usr/share/vscodium/resources/app/out/vs/workbench/api/node/extensionHostProcess.js:104:85821
	at ue._withAdapter (/usr/share/vscodium/resources/app/out/vs/workbench/api/node/extensionHostProcess.js:104:75620)
	at ue.$provideCompletionItems (/usr/share/vscodium/resources/app/out/vs/workbench/api/node/extensionHostProcess.js:104:85796)
	at t._doInvokeHandler (/usr/share/vscodium/resources/app/out/vs/workbench/api/node/extensionHostProcess.js:114:10566)
	at t._invokeHandler (/usr/share/vscodium/resources/app/out/vs/workbench/api/node/extensionHostProcess.js:114:10248)
	at t._receiveRequest (/usr/share/vscodium/resources/app/out/vs/workbench/api/node/extensionHostProcess.js:114:8954)
	at t._receiveOneMessage (/usr/share/vscodium/resources/app/out/vs/workbench/api/node/extensionHostProcess.js:114:7705)
	at r.value (/usr/share/vscodium/resources/app/out/vs/workbench/api/node/extensionHostProcess.js:114:5812)
	at f._deliver (/usr/share/vscodium/resources/app/out/vs/workbench/api/node/extensionHostProcess.js:63:2465)
	at f.fire (/usr/share/vscodium/resources/app/out/vs/workbench/api/node/extensionHostProcess.js:63:2784)
	at S.fire (/usr/share/vscodium/resources/app/out/vs/workbench/api/node/extensionHostProcess.js:79:16595)
	at r.value (/usr/share/vscodium/resources/app/out/vs/workbench/api/node/extensionHostProcess.js:130:36608)
	at f._deliver (/usr/share/vscodium/resources/app/out/vs/workbench/api/node/extensionHostProcess.js:63:2465)
	at f.fire (/usr/share/vscodium/resources/app/out/vs/workbench/api/node/extensionHostProcess.js:63:2784)
	at S.fire (/usr/share/vscodium/resources/app/out/vs/workbench/api/node/extensionHostProcess.js:79:16595)
	at MessagePortMain.<anonymous> (/usr/share/vscodium/resources/app/out/vs/workbench/api/node/extensionHostProcess.js:130:34685)
	at MessagePortMain.emit (node:events:513:28)
	at MessagePortMain._internalPort.emit (node:electron/js2c/utility_init:2:367)
2023-08-12 13:50:40.951 [error] [vscode.emmet] provider FAILED
2023-08-12 13:50:40.952 [error] TypeError: Cannot read properties of undefined (reading 'find')
	at t.$Xd.b (/usr/share/vscodium/resources/app/extensions/emmet/dist/node/emmetNodeMain.js:1:129956)
	at t.$Xd.provideCompletionItems (/usr/share/vscodium/resources/app/extensions/emmet/dist/node/emmetNodeMain.js:1:128593)
	at ce.provideCompletionItems (/usr/share/vscodium/resources/app/out/vs/workbench/api/node/extensionHostProcess.js:104:60746)
	at /usr/share/vscodium/resources/app/out/vs/workbench/api/node/extensionHostProcess.js:104:85821
	at ue._withAdapter (/usr/share/vscodium/resources/app/out/vs/workbench/api/node/extensionHostProcess.js:104:75620)
	at ue.$provideCompletionItems (/usr/share/vscodium/resources/app/out/vs/workbench/api/node/extensionHostProcess.js:104:85796)
	at t._doInvokeHandler (/usr/share/vscodium/resources/app/out/vs/workbench/api/node/extensionHostProcess.js:114:10566)
	at t._invokeHandler (/usr/share/vscodium/resources/app/out/vs/workbench/api/node/extensionHostProcess.js:114:10248)
	at t._receiveRequest (/usr/share/vscodium/resources/app/out/vs/workbench/api/node/extensionHostProcess.js:114:8954)
	at t._receiveOneMessage (/usr/share/vscodium/resources/app/out/vs/workbench/api/node/extensionHostProcess.js:114:7705)
	at r.value (/usr/share/vscodium/resources/app/out/vs/workbench/api/node/extensionHostProcess.js:114:5812)
	at f._deliver (/usr/share/vscodium/resources/app/out/vs/workbench/api/node/extensionHostProcess.js:63:2465)
	at f.fire (/usr/share/vscodium/resources/app/out/vs/workbench/api/node/extensionHostProcess.js:63:2784)
	at S.fire (/usr/share/vscodium/resources/app/out/vs/workbench/api/node/extensionHostProcess.js:79:16595)
	at r.value (/usr/share/vscodium/resources/app/out/vs/workbench/api/node/extensionHostProcess.js:130:36608)
	at f._deliver (/usr/share/vscodium/resources/app/out/vs/workbench/api/node/extensionHostProcess.js:63:2465)
	at f.fire (/usr/share/vscodium/resources/app/out/vs/workbench/api/node/extensionHostProcess.js:63:2784)
	at S.fire (/usr/share/vscodium/resources/app/out/vs/workbench/api/node/extensionHostProcess.js:79:16595)
	at MessagePortMain.<anonymous> (/usr/share/vscodium/resources/app/out/vs/workbench/api/node/extensionHostProcess.js:130:34685)
	at MessagePortMain.emit (node:events:513:28)
	at MessagePortMain._internalPort.emit (node:electron/js2c/utility_init:2:367)
2023-08-12 16:12:48.471 [error] Error: getaddrinfo EAI_AGAIN default.exp-tas.com
	at GetAddrInfoReqWrap.onlookup [as oncomplete] (node:dns:109:26)
2023-08-12 16:42:28.514 [error] Error: getaddrinfo EAI_AGAIN default.exp-tas.com
	at GetAddrInfoReqWrap.onlookup [as oncomplete] (node:dns:109:26)
2023-08-12 17:12:28.609 [error] Error: getaddrinfo EAI_AGAIN default.exp-tas.com
	at GetAddrInfoReqWrap.onlookup [as oncomplete] (node:dns:109:26)
2023-08-12 17:42:28.612 [error] Error: getaddrinfo EAI_AGAIN default.exp-tas.com
	at GetAddrInfoReqWrap.onlookup [as oncomplete] (node:dns:109:26)
2023-08-12 18:12:28.712 [error] Error: getaddrinfo EAI_AGAIN default.exp-tas.com
	at GetAddrInfoReqWrap.onlookup [as oncomplete] (node:dns:109:26)
2023-08-12 18:42:28.805 [error] Error: getaddrinfo EAI_AGAIN default.exp-tas.com
	at GetAddrInfoReqWrap.onlookup [as oncomplete] (node:dns:109:26)
2023-08-12 19:12:28.828 [error] Error: getaddrinfo EAI_AGAIN default.exp-tas.com
	at GetAddrInfoReqWrap.onlookup [as oncomplete] (node:dns:109:26)
2023-08-12 19:42:28.930 [error] Error: getaddrinfo EAI_AGAIN default.exp-tas.com
	at GetAddrInfoReqWrap.onlookup [as oncomplete] (node:dns:109:26)
2023-08-12 20:12:28.936 [error] Error: getaddrinfo EAI_AGAIN default.exp-tas.com
	at GetAddrInfoReqWrap.onlookup [as oncomplete] (node:dns:109:26)
2023-08-12 20:42:29.036 [error] Error: getaddrinfo EAI_AGAIN default.exp-tas.com
	at GetAddrInfoReqWrap.onlookup [as oncomplete] (node:dns:109:26)
2023-08-12 21:12:29.135 [error] Error: getaddrinfo EAI_AGAIN default.exp-tas.com
	at GetAddrInfoReqWrap.onlookup [as oncomplete] (node:dns:109:26)
