2023-10-26 21:20:50.759 [info] Nível de log: Info
2023-10-26 21:20:50.759 [info] Validando o git encontrado em: git
2023-10-26 21:20:50.759 [info] Usando git ''2.34.1'' de ''git''
2023-10-26 21:20:50.759 [info] > git rev-parse --show-toplevel [46ms]
2023-10-26 21:20:50.759 [info] fatal: not a git repository (or any parent up to mount point /home)
Stopping at filesystem boundary (GIT_DISCOVERY_ACROSS_FILESYSTEM not set).
2023-10-26 21:20:50.759 [info] > git rev-parse --show-toplevel [590ms]
2023-10-26 21:20:50.759 [info] fatal: not a git repository (or any parent up to mount point /home)
Stopping at filesystem boundary (GIT_DISCOVERY_ACROSS_FILESYSTEM not set).
2023-10-26 21:20:50.893 [info] > git rev-parse --show-toplevel [117ms]
2023-10-26 21:20:50.893 [info] fatal: not a git repository (or any parent up to mount point /home)
Stopping at filesystem boundary (GIT_DISCOVERY_ACROSS_FILESYSTEM not set).
2023-10-26 21:22:11.491 [info] > git rev-parse --show-toplevel [6ms]
2023-10-26 21:22:11.491 [info] fatal: not a git repository (or any parent up to mount point /home)
Stopping at filesystem boundary (GIT_DISCOVERY_ACROSS_FILESYSTEM not set).
2023-10-26 21:22:34.514 [info] Nível de log: Info
2023-10-26 21:22:34.515 [info] Validando o git encontrado em: git
2023-10-26 21:22:34.515 [info] Usando git ''2.34.1'' de ''git''
2023-10-26 21:22:34.515 [info] > git rev-parse --show-toplevel [17ms]
2023-10-26 21:22:34.515 [info] fatal: not a git repository (or any parent up to mount point /home)
Stopping at filesystem boundary (GIT_DISCOVERY_ACROSS_FILESYSTEM not set).
2023-10-26 21:22:34.553 [info] > git rev-parse --show-toplevel [20ms]
2023-10-26 21:22:34.554 [info] fatal: not a git repository (or any parent up to mount point /home)
Stopping at filesystem boundary (GIT_DISCOVERY_ACROSS_FILESYSTEM not set).
2023-10-26 21:22:35.053 [info] > git rev-parse --show-toplevel [134ms]
2023-10-26 21:22:35.054 [info] fatal: not a git repository (or any parent up to mount point /home)
Stopping at filesystem boundary (GIT_DISCOVERY_ACROSS_FILESYSTEM not set).
2023-10-26 21:22:35.113 [info] > git rev-parse --show-toplevel [12ms]
2023-10-26 21:22:35.113 [info] fatal: not a git repository (or any parent up to mount point /home)
Stopping at filesystem boundary (GIT_DISCOVERY_ACROSS_FILESYSTEM not set).
2023-10-26 21:22:35.337 [info] > git rev-parse --show-toplevel [202ms]
2023-10-26 21:22:35.337 [info] fatal: not a git repository (or any parent up to mount point /home)
Stopping at filesystem boundary (GIT_DISCOVERY_ACROSS_FILESYSTEM not set).
2023-10-26 21:22:44.616 [info] > git rev-parse --show-toplevel [37ms]
2023-10-26 21:22:44.616 [info] fatal: not a git repository (or any parent up to mount point /home)
Stopping at filesystem boundary (GIT_DISCOVERY_ACROSS_FILESYSTEM not set).
2023-10-26 21:22:56.752 [info] Nível de log: Info
2023-10-26 21:22:56.752 [info] Validando o git encontrado em: git
2023-10-26 21:22:56.752 [info] Usando git ''2.34.1'' de ''git''
2023-10-26 21:22:56.752 [info] > git rev-parse --show-toplevel [16ms]
2023-10-26 21:22:56.752 [info] fatal: not a git repository (or any parent up to mount point /home)
Stopping at filesystem boundary (GIT_DISCOVERY_ACROSS_FILESYSTEM not set).
2023-10-26 21:22:56.752 [info] > git rev-parse --show-toplevel [76ms]
2023-10-26 21:22:56.752 [info] fatal: not a git repository (or any parent up to mount point /home)
Stopping at filesystem boundary (GIT_DISCOVERY_ACROSS_FILESYSTEM not set).
2023-10-26 21:22:56.752 [info] > git rev-parse --show-toplevel [35ms]
2023-10-26 21:22:56.752 [info] fatal: not a git repository (or any parent up to mount point /home)
Stopping at filesystem boundary (GIT_DISCOVERY_ACROSS_FILESYSTEM not set).
2023-10-26 21:22:56.754 [info] > git rev-parse --show-toplevel [22ms]
2023-10-26 21:22:56.755 [info] fatal: not a git repository (or any parent up to mount point /home)
Stopping at filesystem boundary (GIT_DISCOVERY_ACROSS_FILESYSTEM not set).
2023-10-26 21:22:57.672 [info] > git rev-parse --show-toplevel [22ms]
2023-10-26 21:22:57.672 [info] fatal: not a git repository (or any parent up to mount point /home)
Stopping at filesystem boundary (GIT_DISCOVERY_ACROSS_FILESYSTEM not set).
2023-10-26 21:22:59.281 [info] > git rev-parse --show-toplevel [78ms]
2023-10-26 21:22:59.281 [info] fatal: not a git repository (or any parent up to mount point /home)
Stopping at filesystem boundary (GIT_DISCOVERY_ACROSS_FILESYSTEM not set).
2023-10-26 21:22:59.580 [info] > git rev-parse --show-toplevel [112ms]
2023-10-26 21:22:59.580 [info] fatal: not a git repository (or any parent up to mount point /home)
Stopping at filesystem boundary (GIT_DISCOVERY_ACROSS_FILESYSTEM not set).
2023-10-26 22:06:10.628 [info] > git rev-parse --show-toplevel [23ms]
2023-10-26 22:06:10.678 [info] fatal: not a git repository (or any parent up to mount point /home)
Stopping at filesystem boundary (GIT_DISCOVERY_ACROSS_FILESYSTEM not set).
2023-10-26 22:06:14.314 [info] > git rev-parse --show-toplevel [13ms]
2023-10-26 22:06:14.315 [info] fatal: not a git repository (or any parent up to mount point /home)
Stopping at filesystem boundary (GIT_DISCOVERY_ACROSS_FILESYSTEM not set).
