2023-08-12 13:00:25.547 [warning] Via 'product.json#extensionEnabledApiProposals' extension 'github.vscode-pull-request-github' wants API proposal 'quickPickItemIcon' but that proposal DOES NOT EXIST. Likely, the proposal has been finalized (check 'vscode.d.ts') or was abandoned.
2023-08-12 13:00:27.664 [error] Extension 'github.vscode-pull-request-github' wants API proposal 'quickPickItemIcon' but that proposal DOES NOT EXIST. Likely, the proposal has been finalized (check 'vscode.d.ts') or was abandoned.
2023-08-12 13:00:34.792 [info] [perf] Render performance baseline is 324ms
2023-08-12 13:12:15.486 [warning] Via 'product.json#extensionEnabledApiProposals' extension 'github.vscode-pull-request-github' wants API proposal 'quickPickItemIcon' but that proposal DOES NOT EXIST. Likely, the proposal has been finalized (check 'vscode.d.ts') or was abandoned.
2023-08-12 13:12:18.752 [error] Extension 'github.vscode-pull-request-github' wants API proposal 'quickPickItemIcon' but that proposal DOES NOT EXIST. Likely, the proposal has been finalized (check 'vscode.d.ts') or was abandoned.
2023-08-12 13:12:25.516 [info] [perf] Render performance baseline is 156ms
2023-08-12 13:13:40.066 [error] Cannot read properties of undefined (reading 'find'): TypeError: Cannot read properties of undefined (reading 'find')
	at t.$Xd.b (/usr/share/vscodium/resources/app/extensions/emmet/dist/node/emmetNodeMain.js:1:129956)
	at t.$Xd.provideCompletionItems (/usr/share/vscodium/resources/app/extensions/emmet/dist/node/emmetNodeMain.js:1:128593)
	at ce.provideCompletionItems (/usr/share/vscodium/resources/app/out/vs/workbench/api/node/extensionHostProcess.js:104:60746)
	at /usr/share/vscodium/resources/app/out/vs/workbench/api/node/extensionHostProcess.js:104:85821
	at ue._withAdapter (/usr/share/vscodium/resources/app/out/vs/workbench/api/node/extensionHostProcess.js:104:75620)
	at ue.$provideCompletionItems (/usr/share/vscodium/resources/app/out/vs/workbench/api/node/extensionHostProcess.js:104:85796)
	at t._doInvokeHandler (/usr/share/vscodium/resources/app/out/vs/workbench/api/node/extensionHostProcess.js:114:10566)
	at t._invokeHandler (/usr/share/vscodium/resources/app/out/vs/workbench/api/node/extensionHostProcess.js:114:10248)
	at t._receiveRequest (/usr/share/vscodium/resources/app/out/vs/workbench/api/node/extensionHostProcess.js:114:8954)
	at t._receiveOneMessage (/usr/share/vscodium/resources/app/out/vs/workbench/api/node/extensionHostProcess.js:114:7705)
	at r.value (/usr/share/vscodium/resources/app/out/vs/workbench/api/node/extensionHostProcess.js:114:5812)
	at f._deliver (/usr/share/vscodium/resources/app/out/vs/workbench/api/node/extensionHostProcess.js:63:2465)
	at f.fire (/usr/share/vscodium/resources/app/out/vs/workbench/api/node/extensionHostProcess.js:63:2784)
	at S.fire (/usr/share/vscodium/resources/app/out/vs/workbench/api/node/extensionHostProcess.js:79:16595)
	at r.value (/usr/share/vscodium/resources/app/out/vs/workbench/api/node/extensionHostProcess.js:130:36608)
	at f._deliver (/usr/share/vscodium/resources/app/out/vs/workbench/api/node/extensionHostProcess.js:63:2465)
	at f.fire (/usr/share/vscodium/resources/app/out/vs/workbench/api/node/extensionHostProcess.js:63:2784)
	at S.fire (/usr/share/vscodium/resources/app/out/vs/workbench/api/node/extensionHostProcess.js:79:16595)
	at MessagePortMain.<anonymous> (/usr/share/vscodium/resources/app/out/vs/workbench/api/node/extensionHostProcess.js:130:34685)
	at MessagePortMain.emit (node:events:513:28)
	at MessagePortMain._internalPort.emit (node:electron/js2c/utility_init:2:367)
2023-08-12 13:13:45.365 [error] Cannot read properties of undefined (reading 'find'): TypeError: Cannot read properties of undefined (reading 'find')
	at t.$Xd.b (/usr/share/vscodium/resources/app/extensions/emmet/dist/node/emmetNodeMain.js:1:129956)
	at t.$Xd.provideCompletionItems (/usr/share/vscodium/resources/app/extensions/emmet/dist/node/emmetNodeMain.js:1:128593)
	at ce.provideCompletionItems (/usr/share/vscodium/resources/app/out/vs/workbench/api/node/extensionHostProcess.js:104:60746)
	at /usr/share/vscodium/resources/app/out/vs/workbench/api/node/extensionHostProcess.js:104:85821
	at ue._withAdapter (/usr/share/vscodium/resources/app/out/vs/workbench/api/node/extensionHostProcess.js:104:75620)
	at ue.$provideCompletionItems (/usr/share/vscodium/resources/app/out/vs/workbench/api/node/extensionHostProcess.js:104:85796)
	at t._doInvokeHandler (/usr/share/vscodium/resources/app/out/vs/workbench/api/node/extensionHostProcess.js:114:10566)
	at t._invokeHandler (/usr/share/vscodium/resources/app/out/vs/workbench/api/node/extensionHostProcess.js:114:10248)
	at t._receiveRequest (/usr/share/vscodium/resources/app/out/vs/workbench/api/node/extensionHostProcess.js:114:8954)
	at t._receiveOneMessage (/usr/share/vscodium/resources/app/out/vs/workbench/api/node/extensionHostProcess.js:114:7705)
	at r.value (/usr/share/vscodium/resources/app/out/vs/workbench/api/node/extensionHostProcess.js:114:5812)
	at f._deliver (/usr/share/vscodium/resources/app/out/vs/workbench/api/node/extensionHostProcess.js:63:2465)
	at f.fire (/usr/share/vscodium/resources/app/out/vs/workbench/api/node/extensionHostProcess.js:63:2784)
	at S.fire (/usr/share/vscodium/resources/app/out/vs/workbench/api/node/extensionHostProcess.js:79:16595)
	at r.value (/usr/share/vscodium/resources/app/out/vs/workbench/api/node/extensionHostProcess.js:130:36608)
	at f._deliver (/usr/share/vscodium/resources/app/out/vs/workbench/api/node/extensionHostProcess.js:63:2465)
	at f.fire (/usr/share/vscodium/resources/app/out/vs/workbench/api/node/extensionHostProcess.js:63:2784)
	at S.fire (/usr/share/vscodium/resources/app/out/vs/workbench/api/node/extensionHostProcess.js:79:16595)
	at MessagePortMain.<anonymous> (/usr/share/vscodium/resources/app/out/vs/workbench/api/node/extensionHostProcess.js:130:34685)
	at MessagePortMain.emit (node:events:513:28)
	at MessagePortMain._internalPort.emit (node:electron/js2c/utility_init:2:367)
2023-08-12 13:14:03.440 [error] Cannot read properties of undefined (reading 'find'): TypeError: Cannot read properties of undefined (reading 'find')
	at t.$Xd.b (/usr/share/vscodium/resources/app/extensions/emmet/dist/node/emmetNodeMain.js:1:129956)
	at t.$Xd.provideCompletionItems (/usr/share/vscodium/resources/app/extensions/emmet/dist/node/emmetNodeMain.js:1:128593)
	at ce.provideCompletionItems (/usr/share/vscodium/resources/app/out/vs/workbench/api/node/extensionHostProcess.js:104:60746)
	at /usr/share/vscodium/resources/app/out/vs/workbench/api/node/extensionHostProcess.js:104:85821
	at ue._withAdapter (/usr/share/vscodium/resources/app/out/vs/workbench/api/node/extensionHostProcess.js:104:75620)
	at ue.$provideCompletionItems (/usr/share/vscodium/resources/app/out/vs/workbench/api/node/extensionHostProcess.js:104:85796)
	at t._doInvokeHandler (/usr/share/vscodium/resources/app/out/vs/workbench/api/node/extensionHostProcess.js:114:10566)
	at t._invokeHandler (/usr/share/vscodium/resources/app/out/vs/workbench/api/node/extensionHostProcess.js:114:10248)
	at t._receiveRequest (/usr/share/vscodium/resources/app/out/vs/workbench/api/node/extensionHostProcess.js:114:8954)
	at t._receiveOneMessage (/usr/share/vscodium/resources/app/out/vs/workbench/api/node/extensionHostProcess.js:114:7705)
	at r.value (/usr/share/vscodium/resources/app/out/vs/workbench/api/node/extensionHostProcess.js:114:5812)
	at f._deliver (/usr/share/vscodium/resources/app/out/vs/workbench/api/node/extensionHostProcess.js:63:2465)
	at f.fire (/usr/share/vscodium/resources/app/out/vs/workbench/api/node/extensionHostProcess.js:63:2784)
	at S.fire (/usr/share/vscodium/resources/app/out/vs/workbench/api/node/extensionHostProcess.js:79:16595)
	at r.value (/usr/share/vscodium/resources/app/out/vs/workbench/api/node/extensionHostProcess.js:130:36608)
	at f._deliver (/usr/share/vscodium/resources/app/out/vs/workbench/api/node/extensionHostProcess.js:63:2465)
	at f.fire (/usr/share/vscodium/resources/app/out/vs/workbench/api/node/extensionHostProcess.js:63:2784)
	at S.fire (/usr/share/vscodium/resources/app/out/vs/workbench/api/node/extensionHostProcess.js:79:16595)
	at MessagePortMain.<anonymous> (/usr/share/vscodium/resources/app/out/vs/workbench/api/node/extensionHostProcess.js:130:34685)
	at MessagePortMain.emit (node:events:513:28)
	at MessagePortMain._internalPort.emit (node:electron/js2c/utility_init:2:367)
2023-08-12 13:14:08.365 [error] Cannot read properties of undefined (reading 'find'): TypeError: Cannot read properties of undefined (reading 'find')
	at t.$Xd.b (/usr/share/vscodium/resources/app/extensions/emmet/dist/node/emmetNodeMain.js:1:129956)
	at t.$Xd.provideCompletionItems (/usr/share/vscodium/resources/app/extensions/emmet/dist/node/emmetNodeMain.js:1:128593)
	at ce.provideCompletionItems (/usr/share/vscodium/resources/app/out/vs/workbench/api/node/extensionHostProcess.js:104:60746)
	at /usr/share/vscodium/resources/app/out/vs/workbench/api/node/extensionHostProcess.js:104:85821
	at ue._withAdapter (/usr/share/vscodium/resources/app/out/vs/workbench/api/node/extensionHostProcess.js:104:75620)
	at ue.$provideCompletionItems (/usr/share/vscodium/resources/app/out/vs/workbench/api/node/extensionHostProcess.js:104:85796)
	at t._doInvokeHandler (/usr/share/vscodium/resources/app/out/vs/workbench/api/node/extensionHostProcess.js:114:10566)
	at t._invokeHandler (/usr/share/vscodium/resources/app/out/vs/workbench/api/node/extensionHostProcess.js:114:10248)
	at t._receiveRequest (/usr/share/vscodium/resources/app/out/vs/workbench/api/node/extensionHostProcess.js:114:8954)
	at t._receiveOneMessage (/usr/share/vscodium/resources/app/out/vs/workbench/api/node/extensionHostProcess.js:114:7705)
	at r.value (/usr/share/vscodium/resources/app/out/vs/workbench/api/node/extensionHostProcess.js:114:5812)
	at f._deliver (/usr/share/vscodium/resources/app/out/vs/workbench/api/node/extensionHostProcess.js:63:2465)
	at f.fire (/usr/share/vscodium/resources/app/out/vs/workbench/api/node/extensionHostProcess.js:63:2784)
	at S.fire (/usr/share/vscodium/resources/app/out/vs/workbench/api/node/extensionHostProcess.js:79:16595)
	at r.value (/usr/share/vscodium/resources/app/out/vs/workbench/api/node/extensionHostProcess.js:130:36608)
	at f._deliver (/usr/share/vscodium/resources/app/out/vs/workbench/api/node/extensionHostProcess.js:63:2465)
	at f.fire (/usr/share/vscodium/resources/app/out/vs/workbench/api/node/extensionHostProcess.js:63:2784)
	at S.fire (/usr/share/vscodium/resources/app/out/vs/workbench/api/node/extensionHostProcess.js:79:16595)
	at MessagePortMain.<anonymous> (/usr/share/vscodium/resources/app/out/vs/workbench/api/node/extensionHostProcess.js:130:34685)
	at MessagePortMain.emit (node:events:513:28)
	at MessagePortMain._internalPort.emit (node:electron/js2c/utility_init:2:367)
2023-08-12 13:14:13.194 [error] Cannot read properties of undefined (reading 'find'): TypeError: Cannot read properties of undefined (reading 'find')
	at t.$Xd.b (/usr/share/vscodium/resources/app/extensions/emmet/dist/node/emmetNodeMain.js:1:129956)
	at t.$Xd.provideCompletionItems (/usr/share/vscodium/resources/app/extensions/emmet/dist/node/emmetNodeMain.js:1:128593)
	at ce.provideCompletionItems (/usr/share/vscodium/resources/app/out/vs/workbench/api/node/extensionHostProcess.js:104:60746)
	at /usr/share/vscodium/resources/app/out/vs/workbench/api/node/extensionHostProcess.js:104:85821
	at ue._withAdapter (/usr/share/vscodium/resources/app/out/vs/workbench/api/node/extensionHostProcess.js:104:75620)
	at ue.$provideCompletionItems (/usr/share/vscodium/resources/app/out/vs/workbench/api/node/extensionHostProcess.js:104:85796)
	at t._doInvokeHandler (/usr/share/vscodium/resources/app/out/vs/workbench/api/node/extensionHostProcess.js:114:10566)
	at t._invokeHandler (/usr/share/vscodium/resources/app/out/vs/workbench/api/node/extensionHostProcess.js:114:10248)
	at t._receiveRequest (/usr/share/vscodium/resources/app/out/vs/workbench/api/node/extensionHostProcess.js:114:8954)
	at t._receiveOneMessage (/usr/share/vscodium/resources/app/out/vs/workbench/api/node/extensionHostProcess.js:114:7705)
	at r.value (/usr/share/vscodium/resources/app/out/vs/workbench/api/node/extensionHostProcess.js:114:5812)
	at f._deliver (/usr/share/vscodium/resources/app/out/vs/workbench/api/node/extensionHostProcess.js:63:2465)
	at f.fire (/usr/share/vscodium/resources/app/out/vs/workbench/api/node/extensionHostProcess.js:63:2784)
	at S.fire (/usr/share/vscodium/resources/app/out/vs/workbench/api/node/extensionHostProcess.js:79:16595)
	at r.value (/usr/share/vscodium/resources/app/out/vs/workbench/api/node/extensionHostProcess.js:130:36608)
	at f._deliver (/usr/share/vscodium/resources/app/out/vs/workbench/api/node/extensionHostProcess.js:63:2465)
	at f.fire (/usr/share/vscodium/resources/app/out/vs/workbench/api/node/extensionHostProcess.js:63:2784)
	at S.fire (/usr/share/vscodium/resources/app/out/vs/workbench/api/node/extensionHostProcess.js:79:16595)
	at MessagePortMain.<anonymous> (/usr/share/vscodium/resources/app/out/vs/workbench/api/node/extensionHostProcess.js:130:34685)
	at MessagePortMain.emit (node:events:513:28)
	at MessagePortMain._internalPort.emit (node:electron/js2c/utility_init:2:367)
2023-08-12 13:14:19.425 [error] Cannot read properties of undefined (reading 'find'): TypeError: Cannot read properties of undefined (reading 'find')
	at t.$Xd.b (/usr/share/vscodium/resources/app/extensions/emmet/dist/node/emmetNodeMain.js:1:129956)
	at t.$Xd.provideCompletionItems (/usr/share/vscodium/resources/app/extensions/emmet/dist/node/emmetNodeMain.js:1:128593)
	at ce.provideCompletionItems (/usr/share/vscodium/resources/app/out/vs/workbench/api/node/extensionHostProcess.js:104:60746)
	at /usr/share/vscodium/resources/app/out/vs/workbench/api/node/extensionHostProcess.js:104:85821
	at ue._withAdapter (/usr/share/vscodium/resources/app/out/vs/workbench/api/node/extensionHostProcess.js:104:75620)
	at ue.$provideCompletionItems (/usr/share/vscodium/resources/app/out/vs/workbench/api/node/extensionHostProcess.js:104:85796)
	at t._doInvokeHandler (/usr/share/vscodium/resources/app/out/vs/workbench/api/node/extensionHostProcess.js:114:10566)
	at t._invokeHandler (/usr/share/vscodium/resources/app/out/vs/workbench/api/node/extensionHostProcess.js:114:10248)
	at t._receiveRequest (/usr/share/vscodium/resources/app/out/vs/workbench/api/node/extensionHostProcess.js:114:8954)
	at t._receiveOneMessage (/usr/share/vscodium/resources/app/out/vs/workbench/api/node/extensionHostProcess.js:114:7705)
	at r.value (/usr/share/vscodium/resources/app/out/vs/workbench/api/node/extensionHostProcess.js:114:5812)
	at f._deliver (/usr/share/vscodium/resources/app/out/vs/workbench/api/node/extensionHostProcess.js:63:2465)
	at f.fire (/usr/share/vscodium/resources/app/out/vs/workbench/api/node/extensionHostProcess.js:63:2784)
	at S.fire (/usr/share/vscodium/resources/app/out/vs/workbench/api/node/extensionHostProcess.js:79:16595)
	at r.value (/usr/share/vscodium/resources/app/out/vs/workbench/api/node/extensionHostProcess.js:130:36608)
	at f._deliver (/usr/share/vscodium/resources/app/out/vs/workbench/api/node/extensionHostProcess.js:63:2465)
	at f.fire (/usr/share/vscodium/resources/app/out/vs/workbench/api/node/extensionHostProcess.js:63:2784)
	at S.fire (/usr/share/vscodium/resources/app/out/vs/workbench/api/node/extensionHostProcess.js:79:16595)
	at MessagePortMain.<anonymous> (/usr/share/vscodium/resources/app/out/vs/workbench/api/node/extensionHostProcess.js:130:34685)
	at MessagePortMain.emit (node:events:513:28)
	at MessagePortMain._internalPort.emit (node:electron/js2c/utility_init:2:367)
2023-08-12 13:14:34.336 [error] Cannot read properties of undefined (reading 'find'): TypeError: Cannot read properties of undefined (reading 'find')
	at t.$Xd.b (/usr/share/vscodium/resources/app/extensions/emmet/dist/node/emmetNodeMain.js:1:129956)
	at t.$Xd.provideCompletionItems (/usr/share/vscodium/resources/app/extensions/emmet/dist/node/emmetNodeMain.js:1:128593)
	at ce.provideCompletionItems (/usr/share/vscodium/resources/app/out/vs/workbench/api/node/extensionHostProcess.js:104:60746)
	at /usr/share/vscodium/resources/app/out/vs/workbench/api/node/extensionHostProcess.js:104:85821
	at ue._withAdapter (/usr/share/vscodium/resources/app/out/vs/workbench/api/node/extensionHostProcess.js:104:75620)
	at ue.$provideCompletionItems (/usr/share/vscodium/resources/app/out/vs/workbench/api/node/extensionHostProcess.js:104:85796)
	at t._doInvokeHandler (/usr/share/vscodium/resources/app/out/vs/workbench/api/node/extensionHostProcess.js:114:10566)
	at t._invokeHandler (/usr/share/vscodium/resources/app/out/vs/workbench/api/node/extensionHostProcess.js:114:10248)
	at t._receiveRequest (/usr/share/vscodium/resources/app/out/vs/workbench/api/node/extensionHostProcess.js:114:8954)
	at t._receiveOneMessage (/usr/share/vscodium/resources/app/out/vs/workbench/api/node/extensionHostProcess.js:114:7705)
	at r.value (/usr/share/vscodium/resources/app/out/vs/workbench/api/node/extensionHostProcess.js:114:5812)
	at f._deliver (/usr/share/vscodium/resources/app/out/vs/workbench/api/node/extensionHostProcess.js:63:2465)
	at f.fire (/usr/share/vscodium/resources/app/out/vs/workbench/api/node/extensionHostProcess.js:63:2784)
	at S.fire (/usr/share/vscodium/resources/app/out/vs/workbench/api/node/extensionHostProcess.js:79:16595)
	at r.value (/usr/share/vscodium/resources/app/out/vs/workbench/api/node/extensionHostProcess.js:130:36608)
	at f._deliver (/usr/share/vscodium/resources/app/out/vs/workbench/api/node/extensionHostProcess.js:63:2465)
	at f.fire (/usr/share/vscodium/resources/app/out/vs/workbench/api/node/extensionHostProcess.js:63:2784)
	at S.fire (/usr/share/vscodium/resources/app/out/vs/workbench/api/node/extensionHostProcess.js:79:16595)
	at MessagePortMain.<anonymous> (/usr/share/vscodium/resources/app/out/vs/workbench/api/node/extensionHostProcess.js:130:34685)
	at MessagePortMain.emit (node:events:513:28)
	at MessagePortMain._internalPort.emit (node:electron/js2c/utility_init:2:367)
2023-08-12 13:14:35.800 [error] Cannot read properties of undefined (reading 'find'): TypeError: Cannot read properties of undefined (reading 'find')
	at t.$Xd.b (/usr/share/vscodium/resources/app/extensions/emmet/dist/node/emmetNodeMain.js:1:129956)
	at t.$Xd.provideCompletionItems (/usr/share/vscodium/resources/app/extensions/emmet/dist/node/emmetNodeMain.js:1:128593)
	at ce.provideCompletionItems (/usr/share/vscodium/resources/app/out/vs/workbench/api/node/extensionHostProcess.js:104:60746)
	at /usr/share/vscodium/resources/app/out/vs/workbench/api/node/extensionHostProcess.js:104:85821
	at ue._withAdapter (/usr/share/vscodium/resources/app/out/vs/workbench/api/node/extensionHostProcess.js:104:75620)
	at ue.$provideCompletionItems (/usr/share/vscodium/resources/app/out/vs/workbench/api/node/extensionHostProcess.js:104:85796)
	at t._doInvokeHandler (/usr/share/vscodium/resources/app/out/vs/workbench/api/node/extensionHostProcess.js:114:10566)
	at t._invokeHandler (/usr/share/vscodium/resources/app/out/vs/workbench/api/node/extensionHostProcess.js:114:10248)
	at t._receiveRequest (/usr/share/vscodium/resources/app/out/vs/workbench/api/node/extensionHostProcess.js:114:8954)
	at t._receiveOneMessage (/usr/share/vscodium/resources/app/out/vs/workbench/api/node/extensionHostProcess.js:114:7705)
	at r.value (/usr/share/vscodium/resources/app/out/vs/workbench/api/node/extensionHostProcess.js:114:5812)
	at f._deliver (/usr/share/vscodium/resources/app/out/vs/workbench/api/node/extensionHostProcess.js:63:2465)
	at f.fire (/usr/share/vscodium/resources/app/out/vs/workbench/api/node/extensionHostProcess.js:63:2784)
	at S.fire (/usr/share/vscodium/resources/app/out/vs/workbench/api/node/extensionHostProcess.js:79:16595)
	at r.value (/usr/share/vscodium/resources/app/out/vs/workbench/api/node/extensionHostProcess.js:130:36608)
	at f._deliver (/usr/share/vscodium/resources/app/out/vs/workbench/api/node/extensionHostProcess.js:63:2465)
	at f.fire (/usr/share/vscodium/resources/app/out/vs/workbench/api/node/extensionHostProcess.js:63:2784)
	at S.fire (/usr/share/vscodium/resources/app/out/vs/workbench/api/node/extensionHostProcess.js:79:16595)
	at MessagePortMain.<anonymous> (/usr/share/vscodium/resources/app/out/vs/workbench/api/node/extensionHostProcess.js:130:34685)
	at MessagePortMain.emit (node:events:513:28)
	at MessagePortMain._internalPort.emit (node:electron/js2c/utility_init:2:367)
2023-08-12 13:14:48.813 [error] Cannot read properties of undefined (reading 'find'): TypeError: Cannot read properties of undefined (reading 'find')
	at t.$Xd.b (/usr/share/vscodium/resources/app/extensions/emmet/dist/node/emmetNodeMain.js:1:129956)
	at t.$Xd.provideCompletionItems (/usr/share/vscodium/resources/app/extensions/emmet/dist/node/emmetNodeMain.js:1:128593)
	at ce.provideCompletionItems (/usr/share/vscodium/resources/app/out/vs/workbench/api/node/extensionHostProcess.js:104:60746)
	at /usr/share/vscodium/resources/app/out/vs/workbench/api/node/extensionHostProcess.js:104:85821
	at ue._withAdapter (/usr/share/vscodium/resources/app/out/vs/workbench/api/node/extensionHostProcess.js:104:75620)
	at ue.$provideCompletionItems (/usr/share/vscodium/resources/app/out/vs/workbench/api/node/extensionHostProcess.js:104:85796)
	at t._doInvokeHandler (/usr/share/vscodium/resources/app/out/vs/workbench/api/node/extensionHostProcess.js:114:10566)
	at t._invokeHandler (/usr/share/vscodium/resources/app/out/vs/workbench/api/node/extensionHostProcess.js:114:10248)
	at t._receiveRequest (/usr/share/vscodium/resources/app/out/vs/workbench/api/node/extensionHostProcess.js:114:8954)
	at t._receiveOneMessage (/usr/share/vscodium/resources/app/out/vs/workbench/api/node/extensionHostProcess.js:114:7705)
	at r.value (/usr/share/vscodium/resources/app/out/vs/workbench/api/node/extensionHostProcess.js:114:5812)
	at f._deliver (/usr/share/vscodium/resources/app/out/vs/workbench/api/node/extensionHostProcess.js:63:2465)
	at f.fire (/usr/share/vscodium/resources/app/out/vs/workbench/api/node/extensionHostProcess.js:63:2784)
	at S.fire (/usr/share/vscodium/resources/app/out/vs/workbench/api/node/extensionHostProcess.js:79:16595)
	at r.value (/usr/share/vscodium/resources/app/out/vs/workbench/api/node/extensionHostProcess.js:130:36608)
	at f._deliver (/usr/share/vscodium/resources/app/out/vs/workbench/api/node/extensionHostProcess.js:63:2465)
	at f.fire (/usr/share/vscodium/resources/app/out/vs/workbench/api/node/extensionHostProcess.js:63:2784)
	at S.fire (/usr/share/vscodium/resources/app/out/vs/workbench/api/node/extensionHostProcess.js:79:16595)
	at MessagePortMain.<anonymous> (/usr/share/vscodium/resources/app/out/vs/workbench/api/node/extensionHostProcess.js:130:34685)
	at MessagePortMain.emit (node:events:513:28)
	at MessagePortMain._internalPort.emit (node:electron/js2c/utility_init:2:367)
2023-08-12 13:16:08.758 [info] UNRESPONSIVE extension host: starting to profile NOW
2023-08-12 13:16:13.613 [info] UNRESPONSIVE extension host: received responsive event and cancelling profiling session
2023-08-12 13:16:17.168 [warning] UNRESPONSIVE extension host: 'yandeu.five-server' took 18.7384911590709% of 910.968ms, saved PROFILE here: 'file:///tmp/exthost-6fe19a.cpuprofile'
2023-08-12 13:19:09.648 [error] Cannot read properties of undefined (reading 'find'): TypeError: Cannot read properties of undefined (reading 'find')
	at t.$Xd.b (/usr/share/vscodium/resources/app/extensions/emmet/dist/node/emmetNodeMain.js:1:129956)
	at t.$Xd.provideCompletionItems (/usr/share/vscodium/resources/app/extensions/emmet/dist/node/emmetNodeMain.js:1:128593)
	at ce.provideCompletionItems (/usr/share/vscodium/resources/app/out/vs/workbench/api/node/extensionHostProcess.js:104:60746)
	at /usr/share/vscodium/resources/app/out/vs/workbench/api/node/extensionHostProcess.js:104:85821
	at ue._withAdapter (/usr/share/vscodium/resources/app/out/vs/workbench/api/node/extensionHostProcess.js:104:75620)
	at ue.$provideCompletionItems (/usr/share/vscodium/resources/app/out/vs/workbench/api/node/extensionHostProcess.js:104:85796)
	at t._doInvokeHandler (/usr/share/vscodium/resources/app/out/vs/workbench/api/node/extensionHostProcess.js:114:10566)
	at t._invokeHandler (/usr/share/vscodium/resources/app/out/vs/workbench/api/node/extensionHostProcess.js:114:10248)
	at t._receiveRequest (/usr/share/vscodium/resources/app/out/vs/workbench/api/node/extensionHostProcess.js:114:8954)
	at t._receiveOneMessage (/usr/share/vscodium/resources/app/out/vs/workbench/api/node/extensionHostProcess.js:114:7705)
	at r.value (/usr/share/vscodium/resources/app/out/vs/workbench/api/node/extensionHostProcess.js:114:5812)
	at f._deliver (/usr/share/vscodium/resources/app/out/vs/workbench/api/node/extensionHostProcess.js:63:2465)
	at f.fire (/usr/share/vscodium/resources/app/out/vs/workbench/api/node/extensionHostProcess.js:63:2784)
	at S.fire (/usr/share/vscodium/resources/app/out/vs/workbench/api/node/extensionHostProcess.js:79:16595)
	at r.value (/usr/share/vscodium/resources/app/out/vs/workbench/api/node/extensionHostProcess.js:130:36608)
	at f._deliver (/usr/share/vscodium/resources/app/out/vs/workbench/api/node/extensionHostProcess.js:63:2465)
	at f.fire (/usr/share/vscodium/resources/app/out/vs/workbench/api/node/extensionHostProcess.js:63:2784)
	at S.fire (/usr/share/vscodium/resources/app/out/vs/workbench/api/node/extensionHostProcess.js:79:16595)
	at MessagePortMain.<anonymous> (/usr/share/vscodium/resources/app/out/vs/workbench/api/node/extensionHostProcess.js:130:34685)
	at MessagePortMain.emit (node:events:513:28)
	at MessagePortMain._internalPort.emit (node:electron/js2c/utility_init:2:367)
2023-08-12 13:20:04.790 [error] Cannot read properties of undefined (reading 'find'): TypeError: Cannot read properties of undefined (reading 'find')
	at t.$Xd.b (/usr/share/vscodium/resources/app/extensions/emmet/dist/node/emmetNodeMain.js:1:129956)
	at t.$Xd.provideCompletionItems (/usr/share/vscodium/resources/app/extensions/emmet/dist/node/emmetNodeMain.js:1:128593)
	at ce.provideCompletionItems (/usr/share/vscodium/resources/app/out/vs/workbench/api/node/extensionHostProcess.js:104:60746)
	at /usr/share/vscodium/resources/app/out/vs/workbench/api/node/extensionHostProcess.js:104:85821
	at ue._withAdapter (/usr/share/vscodium/resources/app/out/vs/workbench/api/node/extensionHostProcess.js:104:75620)
	at ue.$provideCompletionItems (/usr/share/vscodium/resources/app/out/vs/workbench/api/node/extensionHostProcess.js:104:85796)
	at t._doInvokeHandler (/usr/share/vscodium/resources/app/out/vs/workbench/api/node/extensionHostProcess.js:114:10566)
	at t._invokeHandler (/usr/share/vscodium/resources/app/out/vs/workbench/api/node/extensionHostProcess.js:114:10248)
	at t._receiveRequest (/usr/share/vscodium/resources/app/out/vs/workbench/api/node/extensionHostProcess.js:114:8954)
	at t._receiveOneMessage (/usr/share/vscodium/resources/app/out/vs/workbench/api/node/extensionHostProcess.js:114:7705)
	at r.value (/usr/share/vscodium/resources/app/out/vs/workbench/api/node/extensionHostProcess.js:114:5812)
	at f._deliver (/usr/share/vscodium/resources/app/out/vs/workbench/api/node/extensionHostProcess.js:63:2465)
	at f.fire (/usr/share/vscodium/resources/app/out/vs/workbench/api/node/extensionHostProcess.js:63:2784)
	at S.fire (/usr/share/vscodium/resources/app/out/vs/workbench/api/node/extensionHostProcess.js:79:16595)
	at r.value (/usr/share/vscodium/resources/app/out/vs/workbench/api/node/extensionHostProcess.js:130:36608)
	at f._deliver (/usr/share/vscodium/resources/app/out/vs/workbench/api/node/extensionHostProcess.js:63:2465)
	at f.fire (/usr/share/vscodium/resources/app/out/vs/workbench/api/node/extensionHostProcess.js:63:2784)
	at S.fire (/usr/share/vscodium/resources/app/out/vs/workbench/api/node/extensionHostProcess.js:79:16595)
	at MessagePortMain.<anonymous> (/usr/share/vscodium/resources/app/out/vs/workbench/api/node/extensionHostProcess.js:130:34685)
	at MessagePortMain.emit (node:events:513:28)
	at MessagePortMain._internalPort.emit (node:electron/js2c/utility_init:2:367)
2023-08-12 13:21:20.449 [error] Cannot read properties of undefined (reading 'find'): TypeError: Cannot read properties of undefined (reading 'find')
	at t.$Xd.b (/usr/share/vscodium/resources/app/extensions/emmet/dist/node/emmetNodeMain.js:1:129956)
	at t.$Xd.provideCompletionItems (/usr/share/vscodium/resources/app/extensions/emmet/dist/node/emmetNodeMain.js:1:128593)
	at ce.provideCompletionItems (/usr/share/vscodium/resources/app/out/vs/workbench/api/node/extensionHostProcess.js:104:60746)
	at /usr/share/vscodium/resources/app/out/vs/workbench/api/node/extensionHostProcess.js:104:85821
	at ue._withAdapter (/usr/share/vscodium/resources/app/out/vs/workbench/api/node/extensionHostProcess.js:104:75620)
	at ue.$provideCompletionItems (/usr/share/vscodium/resources/app/out/vs/workbench/api/node/extensionHostProcess.js:104:85796)
	at t._doInvokeHandler (/usr/share/vscodium/resources/app/out/vs/workbench/api/node/extensionHostProcess.js:114:10566)
	at t._invokeHandler (/usr/share/vscodium/resources/app/out/vs/workbench/api/node/extensionHostProcess.js:114:10248)
	at t._receiveRequest (/usr/share/vscodium/resources/app/out/vs/workbench/api/node/extensionHostProcess.js:114:8954)
	at t._receiveOneMessage (/usr/share/vscodium/resources/app/out/vs/workbench/api/node/extensionHostProcess.js:114:7705)
	at r.value (/usr/share/vscodium/resources/app/out/vs/workbench/api/node/extensionHostProcess.js:114:5812)
	at f._deliver (/usr/share/vscodium/resources/app/out/vs/workbench/api/node/extensionHostProcess.js:63:2465)
	at f.fire (/usr/share/vscodium/resources/app/out/vs/workbench/api/node/extensionHostProcess.js:63:2784)
	at S.fire (/usr/share/vscodium/resources/app/out/vs/workbench/api/node/extensionHostProcess.js:79:16595)
	at r.value (/usr/share/vscodium/resources/app/out/vs/workbench/api/node/extensionHostProcess.js:130:36608)
	at f._deliver (/usr/share/vscodium/resources/app/out/vs/workbench/api/node/extensionHostProcess.js:63:2465)
	at f.fire (/usr/share/vscodium/resources/app/out/vs/workbench/api/node/extensionHostProcess.js:63:2784)
	at S.fire (/usr/share/vscodium/resources/app/out/vs/workbench/api/node/extensionHostProcess.js:79:16595)
	at MessagePortMain.<anonymous> (/usr/share/vscodium/resources/app/out/vs/workbench/api/node/extensionHostProcess.js:130:34685)
	at MessagePortMain.emit (node:events:513:28)
	at MessagePortMain._internalPort.emit (node:electron/js2c/utility_init:2:367)
2023-08-12 13:28:43.117 [error] Cannot read properties of undefined (reading 'find'): TypeError: Cannot read properties of undefined (reading 'find')
	at t.$Xd.b (/usr/share/vscodium/resources/app/extensions/emmet/dist/node/emmetNodeMain.js:1:129956)
	at t.$Xd.provideCompletionItems (/usr/share/vscodium/resources/app/extensions/emmet/dist/node/emmetNodeMain.js:1:128593)
	at ce.provideCompletionItems (/usr/share/vscodium/resources/app/out/vs/workbench/api/node/extensionHostProcess.js:104:60746)
	at /usr/share/vscodium/resources/app/out/vs/workbench/api/node/extensionHostProcess.js:104:85821
	at ue._withAdapter (/usr/share/vscodium/resources/app/out/vs/workbench/api/node/extensionHostProcess.js:104:75620)
	at ue.$provideCompletionItems (/usr/share/vscodium/resources/app/out/vs/workbench/api/node/extensionHostProcess.js:104:85796)
	at t._doInvokeHandler (/usr/share/vscodium/resources/app/out/vs/workbench/api/node/extensionHostProcess.js:114:10566)
	at t._invokeHandler (/usr/share/vscodium/resources/app/out/vs/workbench/api/node/extensionHostProcess.js:114:10248)
	at t._receiveRequest (/usr/share/vscodium/resources/app/out/vs/workbench/api/node/extensionHostProcess.js:114:8954)
	at t._receiveOneMessage (/usr/share/vscodium/resources/app/out/vs/workbench/api/node/extensionHostProcess.js:114:7705)
	at r.value (/usr/share/vscodium/resources/app/out/vs/workbench/api/node/extensionHostProcess.js:114:5812)
	at f._deliver (/usr/share/vscodium/resources/app/out/vs/workbench/api/node/extensionHostProcess.js:63:2465)
	at f.fire (/usr/share/vscodium/resources/app/out/vs/workbench/api/node/extensionHostProcess.js:63:2784)
	at S.fire (/usr/share/vscodium/resources/app/out/vs/workbench/api/node/extensionHostProcess.js:79:16595)
	at r.value (/usr/share/vscodium/resources/app/out/vs/workbench/api/node/extensionHostProcess.js:130:36608)
	at f._deliver (/usr/share/vscodium/resources/app/out/vs/workbench/api/node/extensionHostProcess.js:63:2465)
	at f.fire (/usr/share/vscodium/resources/app/out/vs/workbench/api/node/extensionHostProcess.js:63:2784)
	at S.fire (/usr/share/vscodium/resources/app/out/vs/workbench/api/node/extensionHostProcess.js:79:16595)
	at MessagePortMain.<anonymous> (/usr/share/vscodium/resources/app/out/vs/workbench/api/node/extensionHostProcess.js:130:34685)
	at MessagePortMain.emit (node:events:513:28)
	at MessagePortMain._internalPort.emit (node:electron/js2c/utility_init:2:367)
2023-08-12 13:28:47.779 [error] Cannot read properties of undefined (reading 'find'): TypeError: Cannot read properties of undefined (reading 'find')
	at t.$Xd.b (/usr/share/vscodium/resources/app/extensions/emmet/dist/node/emmetNodeMain.js:1:129956)
	at t.$Xd.provideCompletionItems (/usr/share/vscodium/resources/app/extensions/emmet/dist/node/emmetNodeMain.js:1:128593)
	at ce.provideCompletionItems (/usr/share/vscodium/resources/app/out/vs/workbench/api/node/extensionHostProcess.js:104:60746)
	at /usr/share/vscodium/resources/app/out/vs/workbench/api/node/extensionHostProcess.js:104:85821
	at ue._withAdapter (/usr/share/vscodium/resources/app/out/vs/workbench/api/node/extensionHostProcess.js:104:75620)
	at ue.$provideCompletionItems (/usr/share/vscodium/resources/app/out/vs/workbench/api/node/extensionHostProcess.js:104:85796)
	at t._doInvokeHandler (/usr/share/vscodium/resources/app/out/vs/workbench/api/node/extensionHostProcess.js:114:10566)
	at t._invokeHandler (/usr/share/vscodium/resources/app/out/vs/workbench/api/node/extensionHostProcess.js:114:10248)
	at t._receiveRequest (/usr/share/vscodium/resources/app/out/vs/workbench/api/node/extensionHostProcess.js:114:8954)
	at t._receiveOneMessage (/usr/share/vscodium/resources/app/out/vs/workbench/api/node/extensionHostProcess.js:114:7705)
	at r.value (/usr/share/vscodium/resources/app/out/vs/workbench/api/node/extensionHostProcess.js:114:5812)
	at f._deliver (/usr/share/vscodium/resources/app/out/vs/workbench/api/node/extensionHostProcess.js:63:2465)
	at f.fire (/usr/share/vscodium/resources/app/out/vs/workbench/api/node/extensionHostProcess.js:63:2784)
	at S.fire (/usr/share/vscodium/resources/app/out/vs/workbench/api/node/extensionHostProcess.js:79:16595)
	at r.value (/usr/share/vscodium/resources/app/out/vs/workbench/api/node/extensionHostProcess.js:130:36608)
	at f._deliver (/usr/share/vscodium/resources/app/out/vs/workbench/api/node/extensionHostProcess.js:63:2465)
	at f.fire (/usr/share/vscodium/resources/app/out/vs/workbench/api/node/extensionHostProcess.js:63:2784)
	at S.fire (/usr/share/vscodium/resources/app/out/vs/workbench/api/node/extensionHostProcess.js:79:16595)
	at MessagePortMain.<anonymous> (/usr/share/vscodium/resources/app/out/vs/workbench/api/node/extensionHostProcess.js:130:34685)
	at MessagePortMain.emit (node:events:513:28)
	at MessagePortMain._internalPort.emit (node:electron/js2c/utility_init:2:367)
2023-08-12 13:31:40.722 [error] Cannot read properties of undefined (reading 'find'): TypeError: Cannot read properties of undefined (reading 'find')
	at t.$Xd.b (/usr/share/vscodium/resources/app/extensions/emmet/dist/node/emmetNodeMain.js:1:129956)
	at t.$Xd.provideCompletionItems (/usr/share/vscodium/resources/app/extensions/emmet/dist/node/emmetNodeMain.js:1:128593)
	at ce.provideCompletionItems (/usr/share/vscodium/resources/app/out/vs/workbench/api/node/extensionHostProcess.js:104:60746)
	at /usr/share/vscodium/resources/app/out/vs/workbench/api/node/extensionHostProcess.js:104:85821
	at ue._withAdapter (/usr/share/vscodium/resources/app/out/vs/workbench/api/node/extensionHostProcess.js:104:75620)
	at ue.$provideCompletionItems (/usr/share/vscodium/resources/app/out/vs/workbench/api/node/extensionHostProcess.js:104:85796)
	at t._doInvokeHandler (/usr/share/vscodium/resources/app/out/vs/workbench/api/node/extensionHostProcess.js:114:10566)
	at t._invokeHandler (/usr/share/vscodium/resources/app/out/vs/workbench/api/node/extensionHostProcess.js:114:10248)
	at t._receiveRequest (/usr/share/vscodium/resources/app/out/vs/workbench/api/node/extensionHostProcess.js:114:8954)
	at t._receiveOneMessage (/usr/share/vscodium/resources/app/out/vs/workbench/api/node/extensionHostProcess.js:114:7705)
	at r.value (/usr/share/vscodium/resources/app/out/vs/workbench/api/node/extensionHostProcess.js:114:5812)
	at f._deliver (/usr/share/vscodium/resources/app/out/vs/workbench/api/node/extensionHostProcess.js:63:2465)
	at f.fire (/usr/share/vscodium/resources/app/out/vs/workbench/api/node/extensionHostProcess.js:63:2784)
	at S.fire (/usr/share/vscodium/resources/app/out/vs/workbench/api/node/extensionHostProcess.js:79:16595)
	at r.value (/usr/share/vscodium/resources/app/out/vs/workbench/api/node/extensionHostProcess.js:130:36608)
	at f._deliver (/usr/share/vscodium/resources/app/out/vs/workbench/api/node/extensionHostProcess.js:63:2465)
	at f.fire (/usr/share/vscodium/resources/app/out/vs/workbench/api/node/extensionHostProcess.js:63:2784)
	at S.fire (/usr/share/vscodium/resources/app/out/vs/workbench/api/node/extensionHostProcess.js:79:16595)
	at MessagePortMain.<anonymous> (/usr/share/vscodium/resources/app/out/vs/workbench/api/node/extensionHostProcess.js:130:34685)
	at MessagePortMain.emit (node:events:513:28)
	at MessagePortMain._internalPort.emit (node:electron/js2c/utility_init:2:367)
2023-08-12 13:31:59.555 [error] Cannot read properties of undefined (reading 'find'): TypeError: Cannot read properties of undefined (reading 'find')
	at t.$Xd.b (/usr/share/vscodium/resources/app/extensions/emmet/dist/node/emmetNodeMain.js:1:129956)
	at t.$Xd.provideCompletionItems (/usr/share/vscodium/resources/app/extensions/emmet/dist/node/emmetNodeMain.js:1:128593)
	at ce.provideCompletionItems (/usr/share/vscodium/resources/app/out/vs/workbench/api/node/extensionHostProcess.js:104:60746)
	at /usr/share/vscodium/resources/app/out/vs/workbench/api/node/extensionHostProcess.js:104:85821
	at ue._withAdapter (/usr/share/vscodium/resources/app/out/vs/workbench/api/node/extensionHostProcess.js:104:75620)
	at ue.$provideCompletionItems (/usr/share/vscodium/resources/app/out/vs/workbench/api/node/extensionHostProcess.js:104:85796)
	at t._doInvokeHandler (/usr/share/vscodium/resources/app/out/vs/workbench/api/node/extensionHostProcess.js:114:10566)
	at t._invokeHandler (/usr/share/vscodium/resources/app/out/vs/workbench/api/node/extensionHostProcess.js:114:10248)
	at t._receiveRequest (/usr/share/vscodium/resources/app/out/vs/workbench/api/node/extensionHostProcess.js:114:8954)
	at t._receiveOneMessage (/usr/share/vscodium/resources/app/out/vs/workbench/api/node/extensionHostProcess.js:114:7705)
	at r.value (/usr/share/vscodium/resources/app/out/vs/workbench/api/node/extensionHostProcess.js:114:5812)
	at f._deliver (/usr/share/vscodium/resources/app/out/vs/workbench/api/node/extensionHostProcess.js:63:2465)
	at f.fire (/usr/share/vscodium/resources/app/out/vs/workbench/api/node/extensionHostProcess.js:63:2784)
	at S.fire (/usr/share/vscodium/resources/app/out/vs/workbench/api/node/extensionHostProcess.js:79:16595)
	at r.value (/usr/share/vscodium/resources/app/out/vs/workbench/api/node/extensionHostProcess.js:130:36608)
	at f._deliver (/usr/share/vscodium/resources/app/out/vs/workbench/api/node/extensionHostProcess.js:63:2465)
	at f.fire (/usr/share/vscodium/resources/app/out/vs/workbench/api/node/extensionHostProcess.js:63:2784)
	at S.fire (/usr/share/vscodium/resources/app/out/vs/workbench/api/node/extensionHostProcess.js:79:16595)
	at MessagePortMain.<anonymous> (/usr/share/vscodium/resources/app/out/vs/workbench/api/node/extensionHostProcess.js:130:34685)
	at MessagePortMain.emit (node:events:513:28)
	at MessagePortMain._internalPort.emit (node:electron/js2c/utility_init:2:367)
2023-08-12 13:32:08.464 [error] Cannot read properties of undefined (reading 'find'): TypeError: Cannot read properties of undefined (reading 'find')
	at t.$Xd.b (/usr/share/vscodium/resources/app/extensions/emmet/dist/node/emmetNodeMain.js:1:129956)
	at t.$Xd.provideCompletionItems (/usr/share/vscodium/resources/app/extensions/emmet/dist/node/emmetNodeMain.js:1:128593)
	at ce.provideCompletionItems (/usr/share/vscodium/resources/app/out/vs/workbench/api/node/extensionHostProcess.js:104:60746)
	at /usr/share/vscodium/resources/app/out/vs/workbench/api/node/extensionHostProcess.js:104:85821
	at ue._withAdapter (/usr/share/vscodium/resources/app/out/vs/workbench/api/node/extensionHostProcess.js:104:75620)
	at ue.$provideCompletionItems (/usr/share/vscodium/resources/app/out/vs/workbench/api/node/extensionHostProcess.js:104:85796)
	at t._doInvokeHandler (/usr/share/vscodium/resources/app/out/vs/workbench/api/node/extensionHostProcess.js:114:10566)
	at t._invokeHandler (/usr/share/vscodium/resources/app/out/vs/workbench/api/node/extensionHostProcess.js:114:10248)
	at t._receiveRequest (/usr/share/vscodium/resources/app/out/vs/workbench/api/node/extensionHostProcess.js:114:8954)
	at t._receiveOneMessage (/usr/share/vscodium/resources/app/out/vs/workbench/api/node/extensionHostProcess.js:114:7705)
	at r.value (/usr/share/vscodium/resources/app/out/vs/workbench/api/node/extensionHostProcess.js:114:5812)
	at f._deliver (/usr/share/vscodium/resources/app/out/vs/workbench/api/node/extensionHostProcess.js:63:2465)
	at f.fire (/usr/share/vscodium/resources/app/out/vs/workbench/api/node/extensionHostProcess.js:63:2784)
	at S.fire (/usr/share/vscodium/resources/app/out/vs/workbench/api/node/extensionHostProcess.js:79:16595)
	at r.value (/usr/share/vscodium/resources/app/out/vs/workbench/api/node/extensionHostProcess.js:130:36608)
	at f._deliver (/usr/share/vscodium/resources/app/out/vs/workbench/api/node/extensionHostProcess.js:63:2465)
	at f.fire (/usr/share/vscodium/resources/app/out/vs/workbench/api/node/extensionHostProcess.js:63:2784)
	at S.fire (/usr/share/vscodium/resources/app/out/vs/workbench/api/node/extensionHostProcess.js:79:16595)
	at MessagePortMain.<anonymous> (/usr/share/vscodium/resources/app/out/vs/workbench/api/node/extensionHostProcess.js:130:34685)
	at MessagePortMain.emit (node:events:513:28)
	at MessagePortMain._internalPort.emit (node:electron/js2c/utility_init:2:367)
2023-08-12 13:33:18.731 [error] Cannot read properties of undefined (reading 'find'): TypeError: Cannot read properties of undefined (reading 'find')
	at t.$Xd.b (/usr/share/vscodium/resources/app/extensions/emmet/dist/node/emmetNodeMain.js:1:129956)
	at t.$Xd.provideCompletionItems (/usr/share/vscodium/resources/app/extensions/emmet/dist/node/emmetNodeMain.js:1:128593)
	at ce.provideCompletionItems (/usr/share/vscodium/resources/app/out/vs/workbench/api/node/extensionHostProcess.js:104:60746)
	at /usr/share/vscodium/resources/app/out/vs/workbench/api/node/extensionHostProcess.js:104:85821
	at ue._withAdapter (/usr/share/vscodium/resources/app/out/vs/workbench/api/node/extensionHostProcess.js:104:75620)
	at ue.$provideCompletionItems (/usr/share/vscodium/resources/app/out/vs/workbench/api/node/extensionHostProcess.js:104:85796)
	at t._doInvokeHandler (/usr/share/vscodium/resources/app/out/vs/workbench/api/node/extensionHostProcess.js:114:10566)
	at t._invokeHandler (/usr/share/vscodium/resources/app/out/vs/workbench/api/node/extensionHostProcess.js:114:10248)
	at t._receiveRequest (/usr/share/vscodium/resources/app/out/vs/workbench/api/node/extensionHostProcess.js:114:8954)
	at t._receiveOneMessage (/usr/share/vscodium/resources/app/out/vs/workbench/api/node/extensionHostProcess.js:114:7705)
	at r.value (/usr/share/vscodium/resources/app/out/vs/workbench/api/node/extensionHostProcess.js:114:5812)
	at f._deliver (/usr/share/vscodium/resources/app/out/vs/workbench/api/node/extensionHostProcess.js:63:2465)
	at f.fire (/usr/share/vscodium/resources/app/out/vs/workbench/api/node/extensionHostProcess.js:63:2784)
	at S.fire (/usr/share/vscodium/resources/app/out/vs/workbench/api/node/extensionHostProcess.js:79:16595)
	at r.value (/usr/share/vscodium/resources/app/out/vs/workbench/api/node/extensionHostProcess.js:130:36608)
	at f._deliver (/usr/share/vscodium/resources/app/out/vs/workbench/api/node/extensionHostProcess.js:63:2465)
	at f.fire (/usr/share/vscodium/resources/app/out/vs/workbench/api/node/extensionHostProcess.js:63:2784)
	at S.fire (/usr/share/vscodium/resources/app/out/vs/workbench/api/node/extensionHostProcess.js:79:16595)
	at MessagePortMain.<anonymous> (/usr/share/vscodium/resources/app/out/vs/workbench/api/node/extensionHostProcess.js:130:34685)
	at MessagePortMain.emit (node:events:513:28)
	at MessagePortMain._internalPort.emit (node:electron/js2c/utility_init:2:367)
2023-08-12 13:36:19.748 [error] Cannot read properties of undefined (reading 'find'): TypeError: Cannot read properties of undefined (reading 'find')
	at t.$Xd.b (/usr/share/vscodium/resources/app/extensions/emmet/dist/node/emmetNodeMain.js:1:129956)
	at t.$Xd.provideCompletionItems (/usr/share/vscodium/resources/app/extensions/emmet/dist/node/emmetNodeMain.js:1:128593)
	at ce.provideCompletionItems (/usr/share/vscodium/resources/app/out/vs/workbench/api/node/extensionHostProcess.js:104:60746)
	at /usr/share/vscodium/resources/app/out/vs/workbench/api/node/extensionHostProcess.js:104:85821
	at ue._withAdapter (/usr/share/vscodium/resources/app/out/vs/workbench/api/node/extensionHostProcess.js:104:75620)
	at ue.$provideCompletionItems (/usr/share/vscodium/resources/app/out/vs/workbench/api/node/extensionHostProcess.js:104:85796)
	at t._doInvokeHandler (/usr/share/vscodium/resources/app/out/vs/workbench/api/node/extensionHostProcess.js:114:10566)
	at t._invokeHandler (/usr/share/vscodium/resources/app/out/vs/workbench/api/node/extensionHostProcess.js:114:10248)
	at t._receiveRequest (/usr/share/vscodium/resources/app/out/vs/workbench/api/node/extensionHostProcess.js:114:8954)
	at t._receiveOneMessage (/usr/share/vscodium/resources/app/out/vs/workbench/api/node/extensionHostProcess.js:114:7705)
	at r.value (/usr/share/vscodium/resources/app/out/vs/workbench/api/node/extensionHostProcess.js:114:5812)
	at f._deliver (/usr/share/vscodium/resources/app/out/vs/workbench/api/node/extensionHostProcess.js:63:2465)
	at f.fire (/usr/share/vscodium/resources/app/out/vs/workbench/api/node/extensionHostProcess.js:63:2784)
	at S.fire (/usr/share/vscodium/resources/app/out/vs/workbench/api/node/extensionHostProcess.js:79:16595)
	at r.value (/usr/share/vscodium/resources/app/out/vs/workbench/api/node/extensionHostProcess.js:130:36608)
	at f._deliver (/usr/share/vscodium/resources/app/out/vs/workbench/api/node/extensionHostProcess.js:63:2465)
	at f.fire (/usr/share/vscodium/resources/app/out/vs/workbench/api/node/extensionHostProcess.js:63:2784)
	at S.fire (/usr/share/vscodium/resources/app/out/vs/workbench/api/node/extensionHostProcess.js:79:16595)
	at MessagePortMain.<anonymous> (/usr/share/vscodium/resources/app/out/vs/workbench/api/node/extensionHostProcess.js:130:34685)
	at MessagePortMain.emit (node:events:513:28)
	at MessagePortMain._internalPort.emit (node:electron/js2c/utility_init:2:367)
2023-08-12 13:36:50.184 [error] Cannot read properties of undefined (reading 'find'): TypeError: Cannot read properties of undefined (reading 'find')
	at t.$Xd.b (/usr/share/vscodium/resources/app/extensions/emmet/dist/node/emmetNodeMain.js:1:129956)
	at t.$Xd.provideCompletionItems (/usr/share/vscodium/resources/app/extensions/emmet/dist/node/emmetNodeMain.js:1:128593)
	at ce.provideCompletionItems (/usr/share/vscodium/resources/app/out/vs/workbench/api/node/extensionHostProcess.js:104:60746)
	at /usr/share/vscodium/resources/app/out/vs/workbench/api/node/extensionHostProcess.js:104:85821
	at ue._withAdapter (/usr/share/vscodium/resources/app/out/vs/workbench/api/node/extensionHostProcess.js:104:75620)
	at ue.$provideCompletionItems (/usr/share/vscodium/resources/app/out/vs/workbench/api/node/extensionHostProcess.js:104:85796)
	at t._doInvokeHandler (/usr/share/vscodium/resources/app/out/vs/workbench/api/node/extensionHostProcess.js:114:10566)
	at t._invokeHandler (/usr/share/vscodium/resources/app/out/vs/workbench/api/node/extensionHostProcess.js:114:10248)
	at t._receiveRequest (/usr/share/vscodium/resources/app/out/vs/workbench/api/node/extensionHostProcess.js:114:8954)
	at t._receiveOneMessage (/usr/share/vscodium/resources/app/out/vs/workbench/api/node/extensionHostProcess.js:114:7705)
	at r.value (/usr/share/vscodium/resources/app/out/vs/workbench/api/node/extensionHostProcess.js:114:5812)
	at f._deliver (/usr/share/vscodium/resources/app/out/vs/workbench/api/node/extensionHostProcess.js:63:2465)
	at f.fire (/usr/share/vscodium/resources/app/out/vs/workbench/api/node/extensionHostProcess.js:63:2784)
	at S.fire (/usr/share/vscodium/resources/app/out/vs/workbench/api/node/extensionHostProcess.js:79:16595)
	at r.value (/usr/share/vscodium/resources/app/out/vs/workbench/api/node/extensionHostProcess.js:130:36608)
	at f._deliver (/usr/share/vscodium/resources/app/out/vs/workbench/api/node/extensionHostProcess.js:63:2465)
	at f.fire (/usr/share/vscodium/resources/app/out/vs/workbench/api/node/extensionHostProcess.js:63:2784)
	at S.fire (/usr/share/vscodium/resources/app/out/vs/workbench/api/node/extensionHostProcess.js:79:16595)
	at MessagePortMain.<anonymous> (/usr/share/vscodium/resources/app/out/vs/workbench/api/node/extensionHostProcess.js:130:34685)
	at MessagePortMain.emit (node:events:513:28)
	at MessagePortMain._internalPort.emit (node:electron/js2c/utility_init:2:367)
2023-08-12 13:36:55.936 [error] Cannot read properties of undefined (reading 'find'): TypeError: Cannot read properties of undefined (reading 'find')
	at t.$Xd.b (/usr/share/vscodium/resources/app/extensions/emmet/dist/node/emmetNodeMain.js:1:129956)
	at t.$Xd.provideCompletionItems (/usr/share/vscodium/resources/app/extensions/emmet/dist/node/emmetNodeMain.js:1:128593)
	at ce.provideCompletionItems (/usr/share/vscodium/resources/app/out/vs/workbench/api/node/extensionHostProcess.js:104:60746)
	at /usr/share/vscodium/resources/app/out/vs/workbench/api/node/extensionHostProcess.js:104:85821
	at ue._withAdapter (/usr/share/vscodium/resources/app/out/vs/workbench/api/node/extensionHostProcess.js:104:75620)
	at ue.$provideCompletionItems (/usr/share/vscodium/resources/app/out/vs/workbench/api/node/extensionHostProcess.js:104:85796)
	at t._doInvokeHandler (/usr/share/vscodium/resources/app/out/vs/workbench/api/node/extensionHostProcess.js:114:10566)
	at t._invokeHandler (/usr/share/vscodium/resources/app/out/vs/workbench/api/node/extensionHostProcess.js:114:10248)
	at t._receiveRequest (/usr/share/vscodium/resources/app/out/vs/workbench/api/node/extensionHostProcess.js:114:8954)
	at t._receiveOneMessage (/usr/share/vscodium/resources/app/out/vs/workbench/api/node/extensionHostProcess.js:114:7705)
	at r.value (/usr/share/vscodium/resources/app/out/vs/workbench/api/node/extensionHostProcess.js:114:5812)
	at f._deliver (/usr/share/vscodium/resources/app/out/vs/workbench/api/node/extensionHostProcess.js:63:2465)
	at f.fire (/usr/share/vscodium/resources/app/out/vs/workbench/api/node/extensionHostProcess.js:63:2784)
	at S.fire (/usr/share/vscodium/resources/app/out/vs/workbench/api/node/extensionHostProcess.js:79:16595)
	at r.value (/usr/share/vscodium/resources/app/out/vs/workbench/api/node/extensionHostProcess.js:130:36608)
	at f._deliver (/usr/share/vscodium/resources/app/out/vs/workbench/api/node/extensionHostProcess.js:63:2465)
	at f.fire (/usr/share/vscodium/resources/app/out/vs/workbench/api/node/extensionHostProcess.js:63:2784)
	at S.fire (/usr/share/vscodium/resources/app/out/vs/workbench/api/node/extensionHostProcess.js:79:16595)
	at MessagePortMain.<anonymous> (/usr/share/vscodium/resources/app/out/vs/workbench/api/node/extensionHostProcess.js:130:34685)
	at MessagePortMain.emit (node:events:513:28)
	at MessagePortMain._internalPort.emit (node:electron/js2c/utility_init:2:367)
2023-08-12 13:37:12.407 [error] Cannot read properties of undefined (reading 'find'): TypeError: Cannot read properties of undefined (reading 'find')
	at t.$Xd.b (/usr/share/vscodium/resources/app/extensions/emmet/dist/node/emmetNodeMain.js:1:129956)
	at t.$Xd.provideCompletionItems (/usr/share/vscodium/resources/app/extensions/emmet/dist/node/emmetNodeMain.js:1:128593)
	at ce.provideCompletionItems (/usr/share/vscodium/resources/app/out/vs/workbench/api/node/extensionHostProcess.js:104:60746)
	at /usr/share/vscodium/resources/app/out/vs/workbench/api/node/extensionHostProcess.js:104:85821
	at ue._withAdapter (/usr/share/vscodium/resources/app/out/vs/workbench/api/node/extensionHostProcess.js:104:75620)
	at ue.$provideCompletionItems (/usr/share/vscodium/resources/app/out/vs/workbench/api/node/extensionHostProcess.js:104:85796)
	at t._doInvokeHandler (/usr/share/vscodium/resources/app/out/vs/workbench/api/node/extensionHostProcess.js:114:10566)
	at t._invokeHandler (/usr/share/vscodium/resources/app/out/vs/workbench/api/node/extensionHostProcess.js:114:10248)
	at t._receiveRequest (/usr/share/vscodium/resources/app/out/vs/workbench/api/node/extensionHostProcess.js:114:8954)
	at t._receiveOneMessage (/usr/share/vscodium/resources/app/out/vs/workbench/api/node/extensionHostProcess.js:114:7705)
	at r.value (/usr/share/vscodium/resources/app/out/vs/workbench/api/node/extensionHostProcess.js:114:5812)
	at f._deliver (/usr/share/vscodium/resources/app/out/vs/workbench/api/node/extensionHostProcess.js:63:2465)
	at f.fire (/usr/share/vscodium/resources/app/out/vs/workbench/api/node/extensionHostProcess.js:63:2784)
	at S.fire (/usr/share/vscodium/resources/app/out/vs/workbench/api/node/extensionHostProcess.js:79:16595)
	at r.value (/usr/share/vscodium/resources/app/out/vs/workbench/api/node/extensionHostProcess.js:130:36608)
	at f._deliver (/usr/share/vscodium/resources/app/out/vs/workbench/api/node/extensionHostProcess.js:63:2465)
	at f.fire (/usr/share/vscodium/resources/app/out/vs/workbench/api/node/extensionHostProcess.js:63:2784)
	at S.fire (/usr/share/vscodium/resources/app/out/vs/workbench/api/node/extensionHostProcess.js:79:16595)
	at MessagePortMain.<anonymous> (/usr/share/vscodium/resources/app/out/vs/workbench/api/node/extensionHostProcess.js:130:34685)
	at MessagePortMain.emit (node:events:513:28)
	at MessagePortMain._internalPort.emit (node:electron/js2c/utility_init:2:367)
2023-08-12 13:37:17.370 [error] Cannot read properties of undefined (reading 'find'): TypeError: Cannot read properties of undefined (reading 'find')
	at t.$Xd.b (/usr/share/vscodium/resources/app/extensions/emmet/dist/node/emmetNodeMain.js:1:129956)
	at t.$Xd.provideCompletionItems (/usr/share/vscodium/resources/app/extensions/emmet/dist/node/emmetNodeMain.js:1:128593)
	at ce.provideCompletionItems (/usr/share/vscodium/resources/app/out/vs/workbench/api/node/extensionHostProcess.js:104:60746)
	at /usr/share/vscodium/resources/app/out/vs/workbench/api/node/extensionHostProcess.js:104:85821
	at ue._withAdapter (/usr/share/vscodium/resources/app/out/vs/workbench/api/node/extensionHostProcess.js:104:75620)
	at ue.$provideCompletionItems (/usr/share/vscodium/resources/app/out/vs/workbench/api/node/extensionHostProcess.js:104:85796)
	at t._doInvokeHandler (/usr/share/vscodium/resources/app/out/vs/workbench/api/node/extensionHostProcess.js:114:10566)
	at t._invokeHandler (/usr/share/vscodium/resources/app/out/vs/workbench/api/node/extensionHostProcess.js:114:10248)
	at t._receiveRequest (/usr/share/vscodium/resources/app/out/vs/workbench/api/node/extensionHostProcess.js:114:8954)
	at t._receiveOneMessage (/usr/share/vscodium/resources/app/out/vs/workbench/api/node/extensionHostProcess.js:114:7705)
	at r.value (/usr/share/vscodium/resources/app/out/vs/workbench/api/node/extensionHostProcess.js:114:5812)
	at f._deliver (/usr/share/vscodium/resources/app/out/vs/workbench/api/node/extensionHostProcess.js:63:2465)
	at f.fire (/usr/share/vscodium/resources/app/out/vs/workbench/api/node/extensionHostProcess.js:63:2784)
	at S.fire (/usr/share/vscodium/resources/app/out/vs/workbench/api/node/extensionHostProcess.js:79:16595)
	at r.value (/usr/share/vscodium/resources/app/out/vs/workbench/api/node/extensionHostProcess.js:130:36608)
	at f._deliver (/usr/share/vscodium/resources/app/out/vs/workbench/api/node/extensionHostProcess.js:63:2465)
	at f.fire (/usr/share/vscodium/resources/app/out/vs/workbench/api/node/extensionHostProcess.js:63:2784)
	at S.fire (/usr/share/vscodium/resources/app/out/vs/workbench/api/node/extensionHostProcess.js:79:16595)
	at MessagePortMain.<anonymous> (/usr/share/vscodium/resources/app/out/vs/workbench/api/node/extensionHostProcess.js:130:34685)
	at MessagePortMain.emit (node:events:513:28)
	at MessagePortMain._internalPort.emit (node:electron/js2c/utility_init:2:367)
2023-08-12 13:49:42.903 [error] Cannot read properties of undefined (reading 'find'): TypeError: Cannot read properties of undefined (reading 'find')
	at t.$Xd.b (/usr/share/vscodium/resources/app/extensions/emmet/dist/node/emmetNodeMain.js:1:129956)
	at t.$Xd.provideCompletionItems (/usr/share/vscodium/resources/app/extensions/emmet/dist/node/emmetNodeMain.js:1:128593)
	at ce.provideCompletionItems (/usr/share/vscodium/resources/app/out/vs/workbench/api/node/extensionHostProcess.js:104:60746)
	at /usr/share/vscodium/resources/app/out/vs/workbench/api/node/extensionHostProcess.js:104:85821
	at ue._withAdapter (/usr/share/vscodium/resources/app/out/vs/workbench/api/node/extensionHostProcess.js:104:75620)
	at ue.$provideCompletionItems (/usr/share/vscodium/resources/app/out/vs/workbench/api/node/extensionHostProcess.js:104:85796)
	at t._doInvokeHandler (/usr/share/vscodium/resources/app/out/vs/workbench/api/node/extensionHostProcess.js:114:10566)
	at t._invokeHandler (/usr/share/vscodium/resources/app/out/vs/workbench/api/node/extensionHostProcess.js:114:10248)
	at t._receiveRequest (/usr/share/vscodium/resources/app/out/vs/workbench/api/node/extensionHostProcess.js:114:8954)
	at t._receiveOneMessage (/usr/share/vscodium/resources/app/out/vs/workbench/api/node/extensionHostProcess.js:114:7705)
	at r.value (/usr/share/vscodium/resources/app/out/vs/workbench/api/node/extensionHostProcess.js:114:5812)
	at f._deliver (/usr/share/vscodium/resources/app/out/vs/workbench/api/node/extensionHostProcess.js:63:2465)
	at f.fire (/usr/share/vscodium/resources/app/out/vs/workbench/api/node/extensionHostProcess.js:63:2784)
	at S.fire (/usr/share/vscodium/resources/app/out/vs/workbench/api/node/extensionHostProcess.js:79:16595)
	at r.value (/usr/share/vscodium/resources/app/out/vs/workbench/api/node/extensionHostProcess.js:130:36608)
	at f._deliver (/usr/share/vscodium/resources/app/out/vs/workbench/api/node/extensionHostProcess.js:63:2465)
	at f.fire (/usr/share/vscodium/resources/app/out/vs/workbench/api/node/extensionHostProcess.js:63:2784)
	at S.fire (/usr/share/vscodium/resources/app/out/vs/workbench/api/node/extensionHostProcess.js:79:16595)
	at MessagePortMain.<anonymous> (/usr/share/vscodium/resources/app/out/vs/workbench/api/node/extensionHostProcess.js:130:34685)
	at MessagePortMain.emit (node:events:513:28)
	at MessagePortMain._internalPort.emit (node:electron/js2c/utility_init:2:367)
2023-08-12 13:50:08.974 [error] Cannot read properties of undefined (reading 'find'): TypeError: Cannot read properties of undefined (reading 'find')
	at t.$Xd.b (/usr/share/vscodium/resources/app/extensions/emmet/dist/node/emmetNodeMain.js:1:129956)
	at t.$Xd.provideCompletionItems (/usr/share/vscodium/resources/app/extensions/emmet/dist/node/emmetNodeMain.js:1:128593)
	at ce.provideCompletionItems (/usr/share/vscodium/resources/app/out/vs/workbench/api/node/extensionHostProcess.js:104:60746)
	at /usr/share/vscodium/resources/app/out/vs/workbench/api/node/extensionHostProcess.js:104:85821
	at ue._withAdapter (/usr/share/vscodium/resources/app/out/vs/workbench/api/node/extensionHostProcess.js:104:75620)
	at ue.$provideCompletionItems (/usr/share/vscodium/resources/app/out/vs/workbench/api/node/extensionHostProcess.js:104:85796)
	at t._doInvokeHandler (/usr/share/vscodium/resources/app/out/vs/workbench/api/node/extensionHostProcess.js:114:10566)
	at t._invokeHandler (/usr/share/vscodium/resources/app/out/vs/workbench/api/node/extensionHostProcess.js:114:10248)
	at t._receiveRequest (/usr/share/vscodium/resources/app/out/vs/workbench/api/node/extensionHostProcess.js:114:8954)
	at t._receiveOneMessage (/usr/share/vscodium/resources/app/out/vs/workbench/api/node/extensionHostProcess.js:114:7705)
	at r.value (/usr/share/vscodium/resources/app/out/vs/workbench/api/node/extensionHostProcess.js:114:5812)
	at f._deliver (/usr/share/vscodium/resources/app/out/vs/workbench/api/node/extensionHostProcess.js:63:2465)
	at f.fire (/usr/share/vscodium/resources/app/out/vs/workbench/api/node/extensionHostProcess.js:63:2784)
	at S.fire (/usr/share/vscodium/resources/app/out/vs/workbench/api/node/extensionHostProcess.js:79:16595)
	at r.value (/usr/share/vscodium/resources/app/out/vs/workbench/api/node/extensionHostProcess.js:130:36608)
	at f._deliver (/usr/share/vscodium/resources/app/out/vs/workbench/api/node/extensionHostProcess.js:63:2465)
	at f.fire (/usr/share/vscodium/resources/app/out/vs/workbench/api/node/extensionHostProcess.js:63:2784)
	at S.fire (/usr/share/vscodium/resources/app/out/vs/workbench/api/node/extensionHostProcess.js:79:16595)
	at MessagePortMain.<anonymous> (/usr/share/vscodium/resources/app/out/vs/workbench/api/node/extensionHostProcess.js:130:34685)
	at MessagePortMain.emit (node:events:513:28)
	at MessagePortMain._internalPort.emit (node:electron/js2c/utility_init:2:367)
2023-08-12 13:50:10.238 [error] Cannot read properties of undefined (reading 'find'): TypeError: Cannot read properties of undefined (reading 'find')
	at t.$Xd.b (/usr/share/vscodium/resources/app/extensions/emmet/dist/node/emmetNodeMain.js:1:129956)
	at t.$Xd.provideCompletionItems (/usr/share/vscodium/resources/app/extensions/emmet/dist/node/emmetNodeMain.js:1:128593)
	at ce.provideCompletionItems (/usr/share/vscodium/resources/app/out/vs/workbench/api/node/extensionHostProcess.js:104:60746)
	at /usr/share/vscodium/resources/app/out/vs/workbench/api/node/extensionHostProcess.js:104:85821
	at ue._withAdapter (/usr/share/vscodium/resources/app/out/vs/workbench/api/node/extensionHostProcess.js:104:75620)
	at ue.$provideCompletionItems (/usr/share/vscodium/resources/app/out/vs/workbench/api/node/extensionHostProcess.js:104:85796)
	at t._doInvokeHandler (/usr/share/vscodium/resources/app/out/vs/workbench/api/node/extensionHostProcess.js:114:10566)
	at t._invokeHandler (/usr/share/vscodium/resources/app/out/vs/workbench/api/node/extensionHostProcess.js:114:10248)
	at t._receiveRequest (/usr/share/vscodium/resources/app/out/vs/workbench/api/node/extensionHostProcess.js:114:8954)
	at t._receiveOneMessage (/usr/share/vscodium/resources/app/out/vs/workbench/api/node/extensionHostProcess.js:114:7705)
	at r.value (/usr/share/vscodium/resources/app/out/vs/workbench/api/node/extensionHostProcess.js:114:5812)
	at f._deliver (/usr/share/vscodium/resources/app/out/vs/workbench/api/node/extensionHostProcess.js:63:2465)
	at f.fire (/usr/share/vscodium/resources/app/out/vs/workbench/api/node/extensionHostProcess.js:63:2784)
	at S.fire (/usr/share/vscodium/resources/app/out/vs/workbench/api/node/extensionHostProcess.js:79:16595)
	at r.value (/usr/share/vscodium/resources/app/out/vs/workbench/api/node/extensionHostProcess.js:130:36608)
	at f._deliver (/usr/share/vscodium/resources/app/out/vs/workbench/api/node/extensionHostProcess.js:63:2465)
	at f.fire (/usr/share/vscodium/resources/app/out/vs/workbench/api/node/extensionHostProcess.js:63:2784)
	at S.fire (/usr/share/vscodium/resources/app/out/vs/workbench/api/node/extensionHostProcess.js:79:16595)
	at MessagePortMain.<anonymous> (/usr/share/vscodium/resources/app/out/vs/workbench/api/node/extensionHostProcess.js:130:34685)
	at MessagePortMain.emit (node:events:513:28)
	at MessagePortMain._internalPort.emit (node:electron/js2c/utility_init:2:367)
2023-08-12 13:50:14.864 [error] Cannot read properties of undefined (reading 'find'): TypeError: Cannot read properties of undefined (reading 'find')
	at t.$Xd.b (/usr/share/vscodium/resources/app/extensions/emmet/dist/node/emmetNodeMain.js:1:129956)
	at t.$Xd.provideCompletionItems (/usr/share/vscodium/resources/app/extensions/emmet/dist/node/emmetNodeMain.js:1:128593)
	at ce.provideCompletionItems (/usr/share/vscodium/resources/app/out/vs/workbench/api/node/extensionHostProcess.js:104:60746)
	at /usr/share/vscodium/resources/app/out/vs/workbench/api/node/extensionHostProcess.js:104:85821
	at ue._withAdapter (/usr/share/vscodium/resources/app/out/vs/workbench/api/node/extensionHostProcess.js:104:75620)
	at ue.$provideCompletionItems (/usr/share/vscodium/resources/app/out/vs/workbench/api/node/extensionHostProcess.js:104:85796)
	at t._doInvokeHandler (/usr/share/vscodium/resources/app/out/vs/workbench/api/node/extensionHostProcess.js:114:10566)
	at t._invokeHandler (/usr/share/vscodium/resources/app/out/vs/workbench/api/node/extensionHostProcess.js:114:10248)
	at t._receiveRequest (/usr/share/vscodium/resources/app/out/vs/workbench/api/node/extensionHostProcess.js:114:8954)
	at t._receiveOneMessage (/usr/share/vscodium/resources/app/out/vs/workbench/api/node/extensionHostProcess.js:114:7705)
	at r.value (/usr/share/vscodium/resources/app/out/vs/workbench/api/node/extensionHostProcess.js:114:5812)
	at f._deliver (/usr/share/vscodium/resources/app/out/vs/workbench/api/node/extensionHostProcess.js:63:2465)
	at f.fire (/usr/share/vscodium/resources/app/out/vs/workbench/api/node/extensionHostProcess.js:63:2784)
	at S.fire (/usr/share/vscodium/resources/app/out/vs/workbench/api/node/extensionHostProcess.js:79:16595)
	at r.value (/usr/share/vscodium/resources/app/out/vs/workbench/api/node/extensionHostProcess.js:130:36608)
	at f._deliver (/usr/share/vscodium/resources/app/out/vs/workbench/api/node/extensionHostProcess.js:63:2465)
	at f.fire (/usr/share/vscodium/resources/app/out/vs/workbench/api/node/extensionHostProcess.js:63:2784)
	at S.fire (/usr/share/vscodium/resources/app/out/vs/workbench/api/node/extensionHostProcess.js:79:16595)
	at MessagePortMain.<anonymous> (/usr/share/vscodium/resources/app/out/vs/workbench/api/node/extensionHostProcess.js:130:34685)
	at MessagePortMain.emit (node:events:513:28)
	at MessagePortMain._internalPort.emit (node:electron/js2c/utility_init:2:367)
2023-08-12 13:50:40.981 [error] Cannot read properties of undefined (reading 'find'): TypeError: Cannot read properties of undefined (reading 'find')
	at t.$Xd.b (/usr/share/vscodium/resources/app/extensions/emmet/dist/node/emmetNodeMain.js:1:129956)
	at t.$Xd.provideCompletionItems (/usr/share/vscodium/resources/app/extensions/emmet/dist/node/emmetNodeMain.js:1:128593)
	at ce.provideCompletionItems (/usr/share/vscodium/resources/app/out/vs/workbench/api/node/extensionHostProcess.js:104:60746)
	at /usr/share/vscodium/resources/app/out/vs/workbench/api/node/extensionHostProcess.js:104:85821
	at ue._withAdapter (/usr/share/vscodium/resources/app/out/vs/workbench/api/node/extensionHostProcess.js:104:75620)
	at ue.$provideCompletionItems (/usr/share/vscodium/resources/app/out/vs/workbench/api/node/extensionHostProcess.js:104:85796)
	at t._doInvokeHandler (/usr/share/vscodium/resources/app/out/vs/workbench/api/node/extensionHostProcess.js:114:10566)
	at t._invokeHandler (/usr/share/vscodium/resources/app/out/vs/workbench/api/node/extensionHostProcess.js:114:10248)
	at t._receiveRequest (/usr/share/vscodium/resources/app/out/vs/workbench/api/node/extensionHostProcess.js:114:8954)
	at t._receiveOneMessage (/usr/share/vscodium/resources/app/out/vs/workbench/api/node/extensionHostProcess.js:114:7705)
	at r.value (/usr/share/vscodium/resources/app/out/vs/workbench/api/node/extensionHostProcess.js:114:5812)
	at f._deliver (/usr/share/vscodium/resources/app/out/vs/workbench/api/node/extensionHostProcess.js:63:2465)
	at f.fire (/usr/share/vscodium/resources/app/out/vs/workbench/api/node/extensionHostProcess.js:63:2784)
	at S.fire (/usr/share/vscodium/resources/app/out/vs/workbench/api/node/extensionHostProcess.js:79:16595)
	at r.value (/usr/share/vscodium/resources/app/out/vs/workbench/api/node/extensionHostProcess.js:130:36608)
	at f._deliver (/usr/share/vscodium/resources/app/out/vs/workbench/api/node/extensionHostProcess.js:63:2465)
	at f.fire (/usr/share/vscodium/resources/app/out/vs/workbench/api/node/extensionHostProcess.js:63:2784)
	at S.fire (/usr/share/vscodium/resources/app/out/vs/workbench/api/node/extensionHostProcess.js:79:16595)
	at MessagePortMain.<anonymous> (/usr/share/vscodium/resources/app/out/vs/workbench/api/node/extensionHostProcess.js:130:34685)
	at MessagePortMain.emit (node:events:513:28)
	at MessagePortMain._internalPort.emit (node:electron/js2c/utility_init:2:367)
2023-08-12 16:12:48.657 [error] getaddrinfo EAI_AGAIN default.exp-tas.com: Error: getaddrinfo EAI_AGAIN default.exp-tas.com
	at GetAddrInfoReqWrap.onlookup [as oncomplete] (node:dns:109:26)
2023-08-12 16:42:28.582 [error] getaddrinfo EAI_AGAIN default.exp-tas.com: Error: getaddrinfo EAI_AGAIN default.exp-tas.com
	at GetAddrInfoReqWrap.onlookup [as oncomplete] (node:dns:109:26)
2023-08-12 17:12:28.704 [error] getaddrinfo EAI_AGAIN default.exp-tas.com: Error: getaddrinfo EAI_AGAIN default.exp-tas.com
	at GetAddrInfoReqWrap.onlookup [as oncomplete] (node:dns:109:26)
2023-08-12 17:42:29.058 [error] getaddrinfo EAI_AGAIN default.exp-tas.com: Error: getaddrinfo EAI_AGAIN default.exp-tas.com
	at GetAddrInfoReqWrap.onlookup [as oncomplete] (node:dns:109:26)
2023-08-12 18:12:28.783 [error] getaddrinfo EAI_AGAIN default.exp-tas.com: Error: getaddrinfo EAI_AGAIN default.exp-tas.com
	at GetAddrInfoReqWrap.onlookup [as oncomplete] (node:dns:109:26)
2023-08-12 18:42:28.914 [error] getaddrinfo EAI_AGAIN default.exp-tas.com: Error: getaddrinfo EAI_AGAIN default.exp-tas.com
	at GetAddrInfoReqWrap.onlookup [as oncomplete] (node:dns:109:26)
2023-08-12 19:12:28.938 [error] getaddrinfo EAI_AGAIN default.exp-tas.com: Error: getaddrinfo EAI_AGAIN default.exp-tas.com
	at GetAddrInfoReqWrap.onlookup [as oncomplete] (node:dns:109:26)
2023-08-12 19:42:29.040 [error] getaddrinfo EAI_AGAIN default.exp-tas.com: Error: getaddrinfo EAI_AGAIN default.exp-tas.com
	at GetAddrInfoReqWrap.onlookup [as oncomplete] (node:dns:109:26)
2023-08-12 20:12:29.046 [error] getaddrinfo EAI_AGAIN default.exp-tas.com: Error: getaddrinfo EAI_AGAIN default.exp-tas.com
	at GetAddrInfoReqWrap.onlookup [as oncomplete] (node:dns:109:26)
2023-08-12 20:42:29.147 [error] getaddrinfo EAI_AGAIN default.exp-tas.com: Error: getaddrinfo EAI_AGAIN default.exp-tas.com
	at GetAddrInfoReqWrap.onlookup [as oncomplete] (node:dns:109:26)
2023-08-12 21:12:29.206 [error] getaddrinfo EAI_AGAIN default.exp-tas.com: Error: getaddrinfo EAI_AGAIN default.exp-tas.com
	at GetAddrInfoReqWrap.onlookup [as oncomplete] (node:dns:109:26)
