2023-08-12 13:00:26.517 [info] Added views:workbench.panel.markers.view in workbench.panel.markers
2023-08-12 13:00:26.517 [info] Added views:workbench.panel.output in workbench.panel.output
2023-08-12 13:00:26.517 [info] Added views:terminal in terminal
2023-08-12 13:00:26.517 [info] Added views:workbench.scm in workbench.view.scm
2023-08-12 13:00:26.517 [info] Added views:workbench.view.search in workbench.view.search
2023-08-12 13:00:26.525 [info] Added views:timeline in workbench.view.explorer
2023-08-12 13:00:26.526 [info] Added views:workbench.explorer.fileView in workbench.view.explorer
2023-08-12 13:00:27.519 [info] Added views:workbench.debug.welcome in workbench.view.debug
2023-08-12 13:00:28.053 [info] Added views:pr:github,issues:github in workbench.view.extension.github-pull-requests
2023-08-12 13:00:31.653 [info] Added views:workbench.panel.repl.view in workbench.panel.repl
2023-08-12 13:00:35.027 [info] Added views:workbench.views.extensions.installed,workbench.views.extensions.popular,extensions.recommendedList in workbench.view.extensions
2023-08-12 13:00:35.059 [info] Removed views:workbench.views.extensions.popular from workbench.view.extensions
2023-08-12 13:00:36.763 [info] Added views:test-explorer in workbench.view.extension.test
2023-08-12 13:01:12.476 [info] Removed views:extensions.recommendedList,workbench.views.extensions.installed from workbench.view.extensions
2023-08-12 13:01:12.553 [info] Added views:workbench.views.extensions.marketplace in workbench.view.extensions
2023-08-12 13:12:16.315 [info] Added views:workbench.panel.markers.view in workbench.panel.markers
2023-08-12 13:12:16.315 [info] Added views:workbench.panel.output in workbench.panel.output
2023-08-12 13:12:16.315 [info] Added views:terminal in terminal
2023-08-12 13:12:16.315 [info] Added views:workbench.scm in workbench.view.scm
2023-08-12 13:12:16.315 [info] Added views:workbench.view.search in workbench.view.search
2023-08-12 13:12:16.315 [info] Added views:timeline in workbench.view.explorer
2023-08-12 13:12:16.315 [info] Added views:workbench.explorer.fileView in workbench.view.explorer
2023-08-12 13:12:16.952 [info] Added views:workbench.debug.variablesView,workbench.debug.watchExpressionsView,workbench.debug.callStackView,workbench.debug.breakPointsView in workbench.view.debug
2023-08-12 13:12:19.151 [info] Added views:pr:github,issues:github in workbench.view.extension.github-pull-requests
2023-08-12 13:12:21.897 [info] Added views:workbench.panel.repl.view in workbench.panel.repl
2023-08-12 13:12:21.903 [info] Removed views:workbench.debug.breakPointsView,workbench.debug.callStackView,workbench.debug.watchExpressionsView,workbench.debug.variablesView from workbench.view.debug
2023-08-12 13:12:21.906 [info] Added views:workbench.debug.welcome in workbench.view.debug
2023-08-12 13:12:24.786 [info] Added views:test-explorer in workbench.view.extension.test
2023-08-12 13:16:53.002 [info] Added views:workbench.views.extensions.installed,workbench.views.extensions.popular,extensions.recommendedList in workbench.view.extensions
2023-08-12 13:16:53.036 [info] Removed views:workbench.views.extensions.popular from workbench.view.extensions
