2023-10-26 21:20:51.556 [info] Reading sessions from keychain...
2023-10-26 21:20:51.556 [info] Getting sessions for all scopes...
2023-10-26 21:20:51.556 [info] Getting sessions for all scopes...
2023-10-26 21:20:51.556 [info] Got 0 sessions for ...
2023-10-26 21:20:51.556 [info] Got 0 sessions for ...
2023-10-26 21:20:52.432 [info] Getting sessions for read:user,repo,user:email...
2023-10-26 21:20:52.432 [info] Got 0 sessions for read:user,repo,user:email...
2023-10-26 21:20:52.444 [info] Getting sessions for read:user,repo,user:email...
2023-10-26 21:20:52.444 [info] Got 0 sessions for read:user,repo,user:email...
2023-10-26 21:22:36.630 [info] Reading sessions from keychain...
2023-10-26 21:22:36.630 [info] Getting sessions for all scopes...
2023-10-26 21:22:36.630 [info] Got 0 sessions for ...
2023-10-26 21:22:37.122 [info] Getting sessions for all scopes...
2023-10-26 21:22:37.123 [info] Got 0 sessions for ...
2023-10-26 21:22:37.491 [info] Getting sessions for read:user,repo,user:email...
2023-10-26 21:22:37.492 [info] Got 0 sessions for read:user,repo,user:email...
2023-10-26 21:22:38.193 [info] Getting sessions for read:user,repo,user:email...
2023-10-26 21:22:38.193 [info] Got 0 sessions for read:user,repo,user:email...
2023-10-26 21:22:58.164 [info] Reading sessions from keychain...
2023-10-26 21:22:58.164 [info] Getting sessions for all scopes...
2023-10-26 21:22:58.164 [info] Got 0 sessions for ...
2023-10-26 21:22:58.623 [info] Getting sessions for all scopes...
2023-10-26 21:22:58.623 [info] Got 0 sessions for ...
2023-10-26 21:22:58.624 [info] Getting sessions for all scopes...
2023-10-26 21:22:58.624 [info] Got 0 sessions for ...
2023-10-26 21:22:59.475 [info] Getting sessions for read:user,repo,user:email...
2023-10-26 21:22:59.475 [info] Got 0 sessions for read:user,repo,user:email...
2023-10-26 21:22:59.705 [info] Getting sessions for read:user,repo,user:email...
2023-10-26 21:22:59.705 [info] Got 0 sessions for read:user,repo,user:email...
