2023-10-29 13:48:44.610 [info] Added views:workbench.panel.markers.view in workbench.panel.markers
2023-10-29 13:48:44.610 [info] Added views:workbench.panel.output in workbench.panel.output
2023-10-29 13:48:44.610 [info] Added views:terminal in terminal
2023-10-29 13:48:44.610 [info] Added views:workbench.scm in workbench.view.scm
2023-10-29 13:48:44.610 [info] Added views:workbench.view.search in workbench.view.search
2023-10-29 13:48:44.610 [info] Added views:timeline in workbench.view.explorer
2023-10-29 13:48:44.610 [info] Added views:workbench.explorer.fileView in workbench.view.explorer
2023-10-29 13:48:46.944 [info] Added views:workbench.debug.welcome in workbench.view.debug
2023-10-29 13:48:54.013 [info] Added views:pr:github,issues:github in workbench.view.extension.github-pull-requests
2023-10-29 13:48:54.122 [info] Added views:~remote.forwardedPorts in ~remote.forwardedPortsContainer
2023-10-29 13:48:54.505 [info] Added views:workbench.panel.repl.view in workbench.panel.repl
2023-10-29 13:49:01.633 [info] Added views:test-explorer in workbench.view.extension.test
2023-10-29 13:52:20.806 [info] Added views:workbench.views.extensions.installed,workbench.views.extensions.popular,extensions.recommendedList in workbench.view.extensions
2023-10-29 13:52:20.813 [info] Removed views:workbench.views.extensions.popular from workbench.view.extensions
2023-10-29 13:52:29.694 [info] Added views:workbench.panel.markers.view in workbench.panel.markers
2023-10-29 13:52:29.694 [info] Added views:workbench.panel.output in workbench.panel.output
2023-10-29 13:52:29.694 [info] Added views:terminal in terminal
2023-10-29 13:52:29.695 [info] Added views:workbench.scm in workbench.view.scm
2023-10-29 13:52:29.695 [info] Added views:workbench.view.search in workbench.view.search
2023-10-29 13:52:29.695 [info] Added views:timeline in workbench.view.explorer
2023-10-29 13:52:29.695 [info] Added views:workbench.explorer.fileView in workbench.view.explorer
2023-10-29 13:52:30.218 [info] Added views:workbench.debug.welcome in workbench.view.debug
2023-10-29 13:52:31.299 [info] Added views:pr:github,issues:github in workbench.view.extension.github-pull-requests
2023-10-29 13:52:32.671 [info] Added views:workbench.panel.repl.view in workbench.panel.repl
2023-10-29 13:52:35.600 [info] Added views:test-explorer in workbench.view.extension.test
2023-10-29 13:52:36.601 [info] Added views:~remote.forwardedPorts in ~remote.forwardedPortsContainer
2023-10-29 13:52:37.320 [info] Added views:workbench.views.extensions.installed,extensions.recommendedList in workbench.view.extensions
